#
# There is insufficient memory for the Java Runtime Environment to continue.
# Native memory allocation (malloc) failed to allocate 79920 bytes. Error detail: Chunk::new
# Possible reasons:
#   The system is out of physical RAM or swap space
#   This process is running with CompressedOops enabled, and the Java Heap may be blocking the growth of the native heap
# Possible solutions:
#   Reduce memory load on the system
#   Increase physical memory or swap space
#   Check if swap backing store is full
#   Decrease Java heap size (-Xmx/-Xms)
#   Decrease number of Java threads
#   Decrease Java thread stack sizes (-Xss)
#   Set larger code cache with -XX:ReservedCodeCacheSize=
#   JVM is running with Unscaled Compressed Oops mode in which the Java heap is
#     placed in the first 4GB address space. The Java Heap base address is the
#     maximum limit for the native heap growth. Please use -XX:HeapBaseMinAddress
#     to set the Java Heap base and to place the Java Heap above 4GB virtual address.
# This output file may be truncated or incomplete.
#
#  Out of Memory Error (arena.cpp:168), pid=27128, tid=35356
#
# JRE version: OpenJDK Runtime Environment Temurin-21.0.9+10 (21.0.9+10) (build 21.0.9+10-LTS)
# Java VM: OpenJDK 64-Bit Server VM Temurin-21.0.9+10 (21.0.9+10-LTS, mixed mode, sharing, tiered, compressed oops, compressed class ptrs, parallel gc, windows-amd64)
# No core dump will be written. Minidumps are not enabled by default on client versions of Windows
#

---------------  S U M M A R Y ------------

Command Line: --add-modules=ALL-SYSTEM --add-opens=java.base/java.util=ALL-UNNAMED --add-opens=java.base/java.lang=ALL-UNNAMED --add-opens=java.base/sun.nio.fs=ALL-UNNAMED -Declipse.application=org.eclipse.jdt.ls.core.id1 -Dosgi.bundles.defaultStartLevel=4 -Declipse.product=org.eclipse.jdt.ls.core.product -Djava.import.generatesMetadataFilesAtProjectRoot=false -DDetectVMInstallationsJob.disabled=true -Dfile.encoding=utf8 -XX:+UseParallelGC -XX:GCTimeRatio=4 -XX:AdaptiveSizePolicyWeight=90 -Dsun.zip.disableMemoryMapping=true -Xmx2G -Xms100m -Xlog:disable -javaagent:c:\Users\hp\.vscode\extensions\redhat.java-1.50.0-win32-x64\lombok\lombok-1.18.39-4050.jar c:\Users\hp\.vscode\extensions\redhat.java-1.50.0-win32-x64\server\plugins\org.eclipse.equinox.launcher_1.7.100.v20251111-0406.jar -configuration c:\Users\hp\AppData\Roaming\Code\User\globalStorage\redhat.java\1.50.0\config_ss_win -data c:\Users\hp\AppData\Roaming\Code\User\workspaceStorage\219ef3611e2ce3729ada5df6278e4a16\redhat.java\ss_ws --pipe=\\.\pipe\lsp-a166e55c6ed9c49b11673241dd2a38cc-sock

Host: AMD Ryzen 5 PRO 4650U with Radeon Graphics, 12 cores, 15G,  Windows 11 , 64 bit Build 26100 (10.0.26100.7309)
Time: Tue Dec 30 16:19:59 2025 Bangladesh Standard Time elapsed time: 1.957283 seconds (0d 0h 0m 1s)

---------------  T H R E A D  ---------------

Current thread (0x000001505fa4b4d0):  JavaThread "C2 CompilerThread1" daemon [_thread_in_native, id=35356, stack(0x000000033f100000,0x000000033f200000) (1024K)]


Current CompileTask:
C2:1957 1453       4       org.eclipse.osgi.container.ModuleDatabase$Persistence::addToReadTable (70 bytes)

Stack: [0x000000033f100000,0x000000033f200000]
Native frames: (J=compiled Java code, j=interpreted, Vv=VM code, C=native code)
V  [jvm.dll+0x6d6e29]
V  [jvm.dll+0x8b4b76]
V  [jvm.dll+0x8b712e]
V  [jvm.dll+0x8b7813]
V  [jvm.dll+0x283d86]
V  [jvm.dll+0xc66ed]
V  [jvm.dll+0xc6c31]
V  [jvm.dll+0x3be53b]
V  [jvm.dll+0x38ab92]
V  [jvm.dll+0x389fda]
V  [jvm.dll+0x24bfa0]
V  [jvm.dll+0x24b580]
V  [jvm.dll+0x1cb13e]
V  [jvm.dll+0x25b29d]
V  [jvm.dll+0x25982a]
V  [jvm.dll+0x3f7ea6]
V  [jvm.dll+0x85e9ad]
V  [jvm.dll+0x6d565d]
C  [ucrtbase.dll+0x37b0]
C  [KERNEL32.DLL+0x2e8d7]
C  [ntdll.dll+0x8c53c]


---------------  P R O C E S S  ---------------

Threads class SMR info:
_java_thread_list=0x000001505fae46e0, length=13, elements={
0x0000015003d7b710, 0x000001501c75b2e0, 0x000001505f760bf0, 0x000001505f764550,
0x000001505f766fb0, 0x000001505f769ed0, 0x000001505f76c040, 0x000001505f77b0a0,
0x000001505f7a0580, 0x000001505f99e5b0, 0x000001505fa4b4d0, 0x000001505fb5e5c0,
0x000001505f9956d0
}

Java Threads: ( => current thread )
  0x0000015003d7b710 JavaThread "main"                              [_thread_in_Java, id=21584, stack(0x000000033e500000,0x000000033e600000) (1024K)]
  0x000001501c75b2e0 JavaThread "Reference Handler"          daemon [_thread_blocked, id=22936, stack(0x000000033e900000,0x000000033ea00000) (1024K)]
  0x000001505f760bf0 JavaThread "Finalizer"                  daemon [_thread_blocked, id=20408, stack(0x000000033ea00000,0x000000033eb00000) (1024K)]
  0x000001505f764550 JavaThread "Signal Dispatcher"          daemon [_thread_blocked, id=15748, stack(0x000000033eb00000,0x000000033ec00000) (1024K)]
  0x000001505f766fb0 JavaThread "Attach Listener"            daemon [_thread_blocked, id=11376, stack(0x000000033ec00000,0x000000033ed00000) (1024K)]
  0x000001505f769ed0 JavaThread "Service Thread"             daemon [_thread_blocked, id=12640, stack(0x000000033ed00000,0x000000033ee00000) (1024K)]
  0x000001505f76c040 JavaThread "Monitor Deflation Thread"   daemon [_thread_blocked, id=12712, stack(0x000000033ee00000,0x000000033ef00000) (1024K)]
  0x000001505f77b0a0 JavaThread "C2 CompilerThread0"         daemon [_thread_blocked, id=33820, stack(0x000000033ef00000,0x000000033f000000) (1024K)]
  0x000001505f7a0580 JavaThread "C1 CompilerThread0"         daemon [_thread_in_native, id=32864, stack(0x000000033f000000,0x000000033f100000) (1024K)]
  0x000001505f99e5b0 JavaThread "Common-Cleaner"             daemon [_thread_blocked, id=27452, stack(0x000000033f200000,0x000000033f300000) (1024K)]
=>0x000001505fa4b4d0 JavaThread "C2 CompilerThread1"         daemon [_thread_in_native, id=35356, stack(0x000000033f100000,0x000000033f200000) (1024K)]
  0x000001505fb5e5c0 JavaThread "Notification Thread"        daemon [_thread_blocked, id=28460, stack(0x000000033f300000,0x000000033f400000) (1024K)]
  0x000001505f9956d0 JavaThread "C2 CompilerThread2"         daemon [_thread_blocked, id=33608, stack(0x000000033f400000,0x000000033f500000) (1024K)]
Total: 13

Other Threads:
  0x000001501c744590 VMThread "VM Thread"                           [id=6148, stack(0x000000033e800000,0x000000033e900000) (1024K)]
  0x000001501c63cb20 WatcherThread "VM Periodic Task Thread"        [id=31680, stack(0x000000033e700000,0x000000033e800000) (1024K)]
  0x0000015003d99a70 WorkerThread "GC Thread#0"                     [id=34188, stack(0x000000033e600000,0x000000033e700000) (1024K)]
  0x00000150646fc8b0 WorkerThread "GC Thread#1"                     [id=26644, stack(0x000000033f500000,0x000000033f600000) (1024K)]
  0x0000015064411ae0 WorkerThread "GC Thread#2"                     [id=33088, stack(0x000000033f600000,0x000000033f700000) (1024K)]
  0x0000015064411e80 WorkerThread "GC Thread#3"                     [id=7084, stack(0x000000033f700000,0x000000033f800000) (1024K)]
  0x0000015064412220 WorkerThread "GC Thread#4"                     [id=208, stack(0x000000033f800000,0x000000033f900000) (1024K)]
  0x0000015064363220 WorkerThread "GC Thread#5"                     [id=14008, stack(0x000000033f900000,0x000000033fa00000) (1024K)]
  0x00000150643635c0 WorkerThread "GC Thread#6"                     [id=11992, stack(0x000000033fa00000,0x000000033fb00000) (1024K)]
Total: 9

Threads with active compile tasks:
C1 CompilerThread0  1981 1485       3       jdk.internal.reflect.DirectMethodHandleAccessor::invokeImpl (108 bytes)
C2 CompilerThread1  1981 1453       4       org.eclipse.osgi.container.ModuleDatabase$Persistence::addToReadTable (70 bytes)
Total: 2

VM state: not at safepoint (normal execution)

VM Mutex/Monitor currently owned by a thread: None

Heap address: 0x0000000080000000, size: 2048 MB, Compressed Oops mode: 32-bit

CDS archive(s) mapped at: [0x000001501d000000-0x000001501dba0000-0x000001501dba0000), size 12189696, SharedBaseAddress: 0x000001501d000000, ArchiveRelocationMode: 1.
Compressed class space mapped at: 0x000001501e000000-0x000001505e000000, reserved size: 1073741824
Narrow klass base: 0x000001501d000000, Narrow klass shift: 0, Narrow klass range: 0x100000000

GC Precious Log:
 CardTable entry size: 512
 CPUs: 12 total, 12 available
 Memory: 15697M
 Large Page Support: Disabled
 NUMA Support: Disabled
 Compressed Oops: Enabled (32-bit)
 Alignments: Space 512K, Generation 512K, Heap 2M
 Heap Min Capacity: 100M
 Heap Initial Capacity: 100M
 Heap Max Capacity: 2G
 Pre-touch: Disabled
 Parallel Workers: 10

Heap:
 PSYoungGen      total 29696K, used 16467K [0x00000000d5580000, 0x00000000d7680000, 0x0000000100000000)
  eden space 25600K, 51% used [0x00000000d5580000,0x00000000d6264b78,0x00000000d6e80000)
  from space 4096K, 79% used [0x00000000d6e80000,0x00000000d71b0158,0x00000000d7280000)
  to   space 4096K, 0% used [0x00000000d7280000,0x00000000d7280000,0x00000000d7680000)
 ParOldGen       total 68608K, used 16K [0x0000000080000000, 0x0000000084300000, 0x00000000d5580000)
  object space 68608K, 0% used [0x0000000080000000,0x0000000080004000,0x0000000084300000)
 Metaspace       used 6535K, committed 6848K, reserved 1114112K
  class space    used 665K, committed 832K, reserved 1048576K

Card table byte_map: [0x0000015017aa0000,0x0000015017eb0000] _byte_map_base: 0x00000150176a0000

Marking Bits: (ParMarkBitMap*) 0x00007ffe57db2460
 Begin Bits: [0x0000015018160000, 0x000001501a160000)
 End Bits:   [0x000001501a160000, 0x000001501c160000)

Polling page: 0x0000015004160000

Metaspace:

Usage:
  Non-class:      5.73 MB used.
      Class:    665.41 KB used.
       Both:      6.38 MB used.

Virtual space:
  Non-class space:       64.00 MB reserved,       5.88 MB (  9%) committed,  1 nodes.
      Class space:        1.00 GB reserved,     832.00 KB ( <1%) committed,  1 nodes.
             Both:        1.06 GB reserved,       6.69 MB ( <1%) committed. 

Chunk freelists:
   Non-Class:  9.69 MB
       Class:  15.04 MB
        Both:  24.74 MB

MaxMetaspaceSize: unlimited
CompressedClassSpaceSize: 1.00 GB
Initial GC threshold: 21.00 MB
Current GC threshold: 21.00 MB
CDS: on
 - commit_granule_bytes: 65536.
 - commit_granule_words: 8192.
 - virtual_space_node_default_size: 8388608.
 - enlarge_chunks_in_place: 1.
 - use_allocation_guard: 0.


Internal statistics:

num_allocs_failed_limit: 0.
num_arena_births: 200.
num_arena_deaths: 0.
num_vsnodes_births: 2.
num_vsnodes_deaths: 0.
num_space_committed: 107.
num_space_uncommitted: 0.
num_chunks_returned_to_freelist: 0.
num_chunks_taken_from_freelist: 338.
num_chunk_merges: 0.
num_chunk_splits: 221.
num_chunks_enlarged: 141.
num_inconsistent_stats: 0.

CodeHeap 'non-profiled nmethods': size=120000Kb used=645Kb max_used=645Kb free=119354Kb
 bounds [0x0000015010390000, 0x0000015010600000, 0x00000150178c0000]
CodeHeap 'profiled nmethods': size=120000Kb used=2583Kb max_used=2583Kb free=117416Kb
 bounds [0x00000150088c0000, 0x0000015008b50000, 0x000001500fdf0000]
CodeHeap 'non-nmethods': size=5760Kb used=1207Kb max_used=1238Kb free=4552Kb
 bounds [0x000001500fdf0000, 0x0000015010060000, 0x0000015010390000]
CodeCache: size=245760Kb, used=4435Kb, max_used=4466Kb, free=241322Kb
 total_blobs=1958, nmethods=1487, adapters=378, full_count=0
Compilation: enabled, stopped_count=0, restarted_count=0

Compilation events (20 events):
Event: 1.947 Thread 0x000001505f77b0a0 nmethod 1426 0x000001501042b790 code [0x000001501042b9e0, 0x000001501042c108]
Event: 1.947 Thread 0x000001505fa4b4d0 1441       4       java.util.LinkedHashMap::linkNodeAtEnd (76 bytes)
Event: 1.948 Thread 0x000001505f7a0580 nmethod 1445 0x0000015008b2cd90 code [0x0000015008b2cf60, 0x0000015008b2d258]
Event: 1.948 Thread 0x000001505f7a0580 1446       3       java.util.Collections$UnmodifiableRandomAccessList::subList (19 bytes)
Event: 1.948 Thread 0x000001505f7a0580 nmethod 1446 0x0000015008b2d410 code [0x0000015008b2d600, 0x0000015008b2db18]
Event: 1.948 Thread 0x000001505f7a0580 1447       3       jdk.internal.misc.Unsafe::convEndian (16 bytes)
Event: 1.949 Thread 0x000001505f7a0580 nmethod 1447 0x0000015008b2dd10 code [0x0000015008b2dec0, 0x0000015008b2e028]
Event: 1.949 Thread 0x000001505fa4b4d0 nmethod 1441 0x000001501042ca90 code [0x000001501042cc20, 0x000001501042cd38]
Event: 1.949 Thread 0x000001505f9956d0 nmethod 1412 0x000001501042ce10 code [0x000001501042d080, 0x000001501042db50]
Event: 1.949 Thread 0x000001505f7a0580 1448       3       sun.security.jca.GetInstance::getInstance (28 bytes)
Event: 1.950 Thread 0x000001505f7a0580 nmethod 1448 0x0000015008b2e110 code [0x0000015008b2e2e0, 0x0000015008b2e610]
Event: 1.950 Thread 0x000001505f7a0580 1449       3       sun.security.jca.GetInstance::checkSuperClass (68 bytes)
Event: 1.950 Thread 0x000001505f7a0580 nmethod 1449 0x0000015008b2e790 code [0x0000015008b2ea40, 0x0000015008b2f3a0]
Event: 1.950 Thread 0x000001505f7a0580 1450       3       sun.security.jca.GetInstance$Instance::<init> (15 bytes)
Event: 1.951 Thread 0x000001505f7a0580 nmethod 1450 0x0000015008b2f810 code [0x0000015008b2f9c0, 0x0000015008b2fb58]
Event: 1.951 Thread 0x000001505f7a0580 1451       3       org.eclipse.osgi.container.ModuleDatabase$Persistence::readWire (118 bytes)
Event: 1.951 Thread 0x000001505fa4b4d0 1453       4       org.eclipse.osgi.container.ModuleDatabase$Persistence::addToReadTable (70 bytes)
Event: 1.953 Thread 0x000001505f7a0580 nmethod 1451 0x0000015008b2fc10 code [0x0000015008b300c0, 0x0000015008b326f8]
Event: 1.953 Thread 0x000001505f7a0580 1452       3       org.eclipse.osgi.container.ModuleWire::<init> (31 bytes)
Event: 1.954 Thread 0x000001505f7a0580 nmethod 1452 0x0000015008b33290 code [0x0000015008b33440, 0x0000015008b33608]

GC Heap History (2 events):
Event: 1.474 GC heap before
{Heap before GC invocations=1 (full 0):
 PSYoungGen      total 29696K, used 25600K [0x00000000d5580000, 0x00000000d7680000, 0x0000000100000000)
  eden space 25600K, 100% used [0x00000000d5580000,0x00000000d6e80000,0x00000000d6e80000)
  from space 4096K, 0% used [0x00000000d7280000,0x00000000d7280000,0x00000000d7680000)
  to   space 4096K, 0% used [0x00000000d6e80000,0x00000000d6e80000,0x00000000d7280000)
 ParOldGen       total 68608K, used 0K [0x0000000080000000, 0x0000000084300000, 0x00000000d5580000)
  object space 68608K, 0% used [0x0000000080000000,0x0000000080000000,0x0000000084300000)
 Metaspace       used 4355K, committed 4608K, reserved 1114112K
  class space    used 473K, committed 576K, reserved 1048576K
}
Event: 1.482 GC heap after
{Heap after GC invocations=1 (full 0):
 PSYoungGen      total 29696K, used 3264K [0x00000000d5580000, 0x00000000d7680000, 0x0000000100000000)
  eden space 25600K, 0% used [0x00000000d5580000,0x00000000d5580000,0x00000000d6e80000)
  from space 4096K, 79% used [0x00000000d6e80000,0x00000000d71b0158,0x00000000d7280000)
  to   space 4096K, 0% used [0x00000000d7280000,0x00000000d7280000,0x00000000d7680000)
 ParOldGen       total 68608K, used 16K [0x0000000080000000, 0x0000000084300000, 0x00000000d5580000)
  object space 68608K, 0% used [0x0000000080000000,0x0000000080004000,0x0000000084300000)
 Metaspace       used 4355K, committed 4608K, reserved 1114112K
  class space    used 473K, committed 576K, reserved 1048576K
}

Dll operation events (8 events):
Event: 0.133 Loaded shared library c:\Users\hp\.vscode\extensions\redhat.java-1.50.0-win32-x64\jre\21.0.9-win32-x86_64\bin\java.dll
Event: 0.231 Loaded shared library c:\Users\hp\.vscode\extensions\redhat.java-1.50.0-win32-x64\jre\21.0.9-win32-x86_64\bin\zip.dll
Event: 0.269 Loaded shared library C:\Users\hp\.vscode\extensions\redhat.java-1.50.0-win32-x64\jre\21.0.9-win32-x86_64\bin\instrument.dll
Event: 0.330 Loaded shared library C:\Users\hp\.vscode\extensions\redhat.java-1.50.0-win32-x64\jre\21.0.9-win32-x86_64\bin\net.dll
Event: 0.390 Loaded shared library C:\Users\hp\.vscode\extensions\redhat.java-1.50.0-win32-x64\jre\21.0.9-win32-x86_64\bin\nio.dll
Event: 0.395 Loaded shared library C:\Users\hp\.vscode\extensions\redhat.java-1.50.0-win32-x64\jre\21.0.9-win32-x86_64\bin\zip.dll
Event: 0.424 Loaded shared library C:\Users\hp\.vscode\extensions\redhat.java-1.50.0-win32-x64\jre\21.0.9-win32-x86_64\bin\jimage.dll
Event: 0.569 Loaded shared library c:\Users\hp\.vscode\extensions\redhat.java-1.50.0-win32-x64\jre\21.0.9-win32-x86_64\bin\verify.dll

Deoptimization events (20 events):
Event: 1.775 Thread 0x0000015003d7b710 DEOPT PACKING pc=0x000001500895e60d sp=0x000000033e5f83d0
Event: 1.775 Thread 0x0000015003d7b710 DEOPT UNPACKING pc=0x000001500fe44242 sp=0x000000033e5f7880 mode 0
Event: 1.808 Thread 0x0000015003d7b710 DEOPT PACKING pc=0x000001500895e60d sp=0x000000033e5f4880
Event: 1.808 Thread 0x0000015003d7b710 DEOPT UNPACKING pc=0x000001500fe44242 sp=0x000000033e5f3d30 mode 0
Event: 1.811 Thread 0x0000015003d7b710 DEOPT PACKING pc=0x000001500895e60d sp=0x000000033e5f4880
Event: 1.811 Thread 0x0000015003d7b710 DEOPT UNPACKING pc=0x000001500fe44242 sp=0x000000033e5f3d30 mode 0
Event: 1.824 Thread 0x0000015003d7b710 DEOPT PACKING pc=0x000001500895e60d sp=0x000000033e5f82e0
Event: 1.824 Thread 0x0000015003d7b710 DEOPT UNPACKING pc=0x000001500fe44242 sp=0x000000033e5f7790 mode 0
Event: 1.835 Thread 0x0000015003d7b710 DEOPT PACKING pc=0x000001500895e60d sp=0x000000033e5f82a0
Event: 1.835 Thread 0x0000015003d7b710 DEOPT UNPACKING pc=0x000001500fe44242 sp=0x000000033e5f7750 mode 0
Event: 1.848 Thread 0x0000015003d7b710 DEOPT PACKING pc=0x000001500895e60d sp=0x000000033e5f4510
Event: 1.848 Thread 0x0000015003d7b710 DEOPT UNPACKING pc=0x000001500fe44242 sp=0x000000033e5f39c0 mode 0
Event: 1.862 Thread 0x0000015003d7b710 Uncommon trap: trap_request=0xffffffc6 fr.pc=0x00000150103c8bd0 relative=0x0000000000000290
Event: 1.862 Thread 0x0000015003d7b710 Uncommon trap: reason=bimorphic_or_optimized_type_check action=maybe_recompile pc=0x00000150103c8bd0 method=java.util.Collections$UnmodifiableCollection$1.next()Ljava/lang/Object; @ 4 c2
Event: 1.862 Thread 0x0000015003d7b710 DEOPT PACKING pc=0x00000150103c8bd0 sp=0x000000033e5f8a20
Event: 1.862 Thread 0x0000015003d7b710 DEOPT UNPACKING pc=0x000001500fe43aa2 sp=0x000000033e5f89d0 mode 2
Event: 1.862 Thread 0x0000015003d7b710 Uncommon trap: trap_request=0xffffffc6 fr.pc=0x00000150103c8bd0 relative=0x0000000000000290
Event: 1.862 Thread 0x0000015003d7b710 Uncommon trap: reason=bimorphic_or_optimized_type_check action=maybe_recompile pc=0x00000150103c8bd0 method=java.util.Collections$UnmodifiableCollection$1.next()Ljava/lang/Object; @ 4 c2
Event: 1.862 Thread 0x0000015003d7b710 DEOPT PACKING pc=0x00000150103c8bd0 sp=0x000000033e5f8a20
Event: 1.862 Thread 0x0000015003d7b710 DEOPT UNPACKING pc=0x000001500fe43aa2 sp=0x000000033e5f89d0 mode 2

Classes loaded (20 events):
Event: 1.904 Loading class java/security/InvalidKeyException
Event: 1.905 Loading class java/security/KeyException
Event: 1.905 Loading class java/security/GeneralSecurityException
Event: 1.905 Loading class java/security/GeneralSecurityException done
Event: 1.905 Loading class java/security/KeyException done
Event: 1.905 Loading class java/security/InvalidKeyException done
Event: 1.905 Loading class java/security/SignatureException
Event: 1.905 Loading class java/security/SignatureException done
Event: 1.905 Loading class java/security/cert/CertificateException
Event: 1.905 Loading class java/security/cert/CertificateException done
Event: 1.905 Loading class java/security/NoSuchAlgorithmException
Event: 1.905 Loading class java/security/NoSuchAlgorithmException done
Event: 1.905 Loading class java/security/NoSuchProviderException
Event: 1.905 Loading class java/security/NoSuchProviderException done
Event: 1.932 Loading class java/util/Collections$UnmodifiableMap$UnmodifiableEntrySet
Event: 1.933 Loading class java/util/Collections$UnmodifiableMap$UnmodifiableEntrySet done
Event: 1.933 Loading class java/util/Collections$UnmodifiableMap$UnmodifiableEntrySet$1
Event: 1.933 Loading class java/util/Collections$UnmodifiableMap$UnmodifiableEntrySet$1 done
Event: 1.933 Loading class java/util/Collections$UnmodifiableMap$UnmodifiableEntrySet$UnmodifiableEntry
Event: 1.933 Loading class java/util/Collections$UnmodifiableMap$UnmodifiableEntrySet$UnmodifiableEntry done

Classes unloaded (0 events):
No events

Classes redefined (0 events):
No events

Internal exceptions (20 events):
Event: 1.052 Thread 0x0000015003d7b710 Exception <a 'java/io/FileNotFoundException'{0x00000000d64c31c8}> (0x00000000d64c31c8) 
thrown [s\src\hotspot\share\prims\jni.cpp, line 520]
Event: 1.052 Thread 0x0000015003d7b710 Exception <a 'java/io/FileNotFoundException'{0x00000000d64c3e00}> (0x00000000d64c3e00) 
thrown [s\src\hotspot\share\prims\jni.cpp, line 520]
Event: 1.052 Thread 0x0000015003d7b710 Exception <a 'java/io/FileNotFoundException'{0x00000000d64c4930}> (0x00000000d64c4930) 
thrown [s\src\hotspot\share\prims\jni.cpp, line 520]
Event: 1.057 Thread 0x0000015003d7b710 Implicit null exception at 0x00000150103bd424 to 0x00000150103bd9b8
Event: 1.065 Thread 0x0000015003d7b710 Exception <a 'java/io/FileNotFoundException'{0x00000000d64fea80}> (0x00000000d64fea80) 
thrown [s\src\hotspot\share\prims\jni.cpp, line 520]
Event: 1.087 Thread 0x0000015003d7b710 Exception <a 'java/lang/NoSuchMethodError'{0x00000000d653a170}: 'java.lang.Object java.lang.invoke.DirectMethodHandle$Holder.invokeInterface(java.lang.Object, java.lang.Object)'> (0x00000000d653a170) 
thrown [s\src\hotspot\share\interpreter\linkResolver.cpp, line 773]
Event: 1.093 Thread 0x0000015003d7b710 Exception <a 'java/lang/NoSuchMethodError'{0x00000000d654dbc8}: 'java.lang.Object java.lang.invoke.Invokers$Holder.invokeExact_MT(java.lang.Object, java.lang.Object, java.lang.Object, java.lang.Object, java.lang.Object, java.lang.Object)'> (0x00000000d654dbc8) 
thrown [s\src\hotspot\share\interpreter\linkResolver.cpp, line 773]
Event: 1.102 Thread 0x0000015003d7b710 Exception <a 'java/lang/NoSuchMethodError'{0x00000000d6564ca0}: 'int java.lang.invoke.DirectMethodHandle$Holder.invokeStatic(java.lang.Object, java.lang.Object, java.lang.Object, java.lang.Object, java.lang.Object)'> (0x00000000d6564ca0) 
thrown [s\src\hotspot\share\interpreter\linkResolver.cpp, line 773]
Event: 1.167 Thread 0x0000015003d7b710 Exception <a 'java/lang/NoSuchMethodError'{0x00000000d65fa970}: 'java.lang.Object java.lang.invoke.DirectMethodHandle$Holder.invokeInterface(java.lang.Object, java.lang.Object, int)'> (0x00000000d65fa970) 
thrown [s\src\hotspot\share\interpreter\linkResolver.cpp, line 773]
Event: 1.372 Thread 0x0000015003d7b710 Exception <a 'java/lang/NoSuchMethodError'{0x00000000d6a5fd78}: 'java.lang.ClassLoader java.lang.ClassLoader.getPlatformClassLoader(java.lang.Class)'> (0x00000000d6a5fd78) 
thrown [s\src\hotspot\share\interpreter\linkResolver.cpp, line 773]
Event: 1.471 Thread 0x0000015003d7b710 Exception <a 'java/lang/ClassNotFoundException'{0x00000000d6e79ee0}: sun/net/www/protocol/c/Handler> (0x00000000d6e79ee0) 
thrown [s\src\hotspot\share\classfile\systemDictionary.cpp, line 312]
Event: 1.471 Thread 0x0000015003d7b710 Exception <a 'java/lang/ClassNotFoundException'{0x00000000d6e7b260}: sun/net/www/protocol/e/Handler> (0x00000000d6e7b260) 
thrown [s\src\hotspot\share\classfile\systemDictionary.cpp, line 312]
Event: 1.471 Thread 0x0000015003d7b710 Exception <a 'java/lang/ClassNotFoundException'{0x00000000d6e7c420}: sun/net/www/protocol/c/Handler> (0x00000000d6e7c420) 
thrown [s\src\hotspot\share\classfile\systemDictionary.cpp, line 312]
Event: 1.488 Thread 0x0000015003d7b710 Exception <a 'java/io/FileNotFoundException'{0x00000000d55a0fe0}> (0x00000000d55a0fe0) 
thrown [s\src\hotspot\share\prims\jni.cpp, line 520]
Event: 1.537 Thread 0x0000015003d7b710 Implicit null exception at 0x00000150103ed749 to 0x00000150103ee0c0
Event: 1.537 Thread 0x0000015003d7b710 Implicit null exception at 0x00000150103fc71a to 0x00000150103fc920
Event: 1.538 Thread 0x0000015003d7b710 Exception <a 'java/lang/NoSuchMethodError'{0x00000000d56cfed0}: 'void java.lang.invoke.DirectMethodHandle$Holder.invokeStatic(java.lang.Object, java.lang.Object, java.lang.Object, java.lang.Object)'> (0x00000000d56cfed0) 
thrown [s\src\hotspot\share\interpreter\linkResolver.cpp, line 773]
Event: 1.541 Thread 0x0000015003d7b710 Implicit null exception at 0x00000150103eebbc to 0x00000150103eee48
Event: 1.541 Thread 0x0000015003d7b710 Implicit null exception at 0x00000150103ef33d to 0x00000150103ef3c1
Event: 1.657 Thread 0x0000015003d7b710 Exception <a 'java/lang/NoSuchMethodError'{0x00000000d5986198}: 'void java.lang.invoke.DirectMethodHandle$Holder.invokeSpecial(java.lang.Object, java.lang.Object, java.lang.Object)'> (0x00000000d5986198) 
thrown [s\src\hotspot\share\interpreter\linkResolver.cpp, line 773]

ZGC Phase Switch (0 events):
No events

VM Operations (14 events):
Event: 0.225 Executing VM operation: HandshakeAllThreads (Deoptimize)
Event: 0.226 Executing VM operation: HandshakeAllThreads (Deoptimize) done
Event: 0.443 Executing VM operation: HandshakeAllThreads (Deoptimize)
Event: 0.443 Executing VM operation: HandshakeAllThreads (Deoptimize) done
Event: 0.966 Executing VM operation: HandshakeAllThreads (Deoptimize)
Event: 0.966 Executing VM operation: HandshakeAllThreads (Deoptimize) done
Event: 0.995 Executing VM operation: HandshakeAllThreads (Deoptimize)
Event: 0.995 Executing VM operation: HandshakeAllThreads (Deoptimize) done
Event: 1.422 Executing VM operation: ICBufferFull
Event: 1.423 Executing VM operation: ICBufferFull done
Event: 1.436 Executing VM operation: HandshakeAllThreads (Deoptimize)
Event: 1.436 Executing VM operation: HandshakeAllThreads (Deoptimize) done
Event: 1.474 Executing VM operation: ParallelGCFailedAllocation (Allocation Failure)
Event: 1.482 Executing VM operation: ParallelGCFailedAllocation (Allocation Failure) done

Memory protections (0 events):
No events

Nmethod flushes (0 events):
No events

Events (15 events):
Event: 0.164 Thread 0x0000015003d7b710 Thread added: 0x0000015003d7b710
Event: 0.181 Thread 0x0000015003d7b710 Thread added: 0x000001501c75b2e0
Event: 0.181 Thread 0x0000015003d7b710 Thread added: 0x000001505f760bf0
Event: 0.182 Thread 0x0000015003d7b710 Thread added: 0x000001505f764550
Event: 0.182 Thread 0x0000015003d7b710 Thread added: 0x000001505f766fb0
Event: 0.182 Thread 0x0000015003d7b710 Thread added: 0x000001505f769ed0
Event: 0.182 Thread 0x0000015003d7b710 Thread added: 0x000001505f76c040
Event: 0.182 Thread 0x0000015003d7b710 Thread added: 0x000001505f77b0a0
Event: 0.182 Thread 0x0000015003d7b710 Thread added: 0x000001505f7a0580
Event: 0.237 Thread 0x000001505f7a0580 Thread added: 0x000001505f895c00
Event: 0.271 Thread 0x0000015003d7b710 Thread added: 0x000001505f99e5b0
Event: 0.398 Thread 0x000001505f895c00 Thread exited: 0x000001505f895c00
Event: 0.517 Thread 0x000001505f77b0a0 Thread added: 0x000001505fa4b4d0
Event: 0.708 Thread 0x0000015003d7b710 Thread added: 0x000001505fb5e5c0
Event: 0.880 Thread 0x000001505f7a0580 Thread added: 0x000001505f9956d0


Dynamic libraries:
0x00007ff70c530000 - 0x00007ff70c53e000 	c:\Users\hp\.vscode\extensions\redhat.java-1.50.0-win32-x64\jre\21.0.9-win32-x86_64\bin\java.exe
0x00007fff1a2a0000 - 0x00007fff1a507000 	C:\WINDOWS\SYSTEM32\ntdll.dll
0x00007fff18620000 - 0x00007fff186e9000 	C:\WINDOWS\System32\KERNEL32.DLL
0x00007fff17ae0000 - 0x00007fff17ecf000 	C:\WINDOWS\System32\KERNELBASE.dll
0x00007fff17820000 - 0x00007fff1796b000 	C:\WINDOWS\System32\ucrtbase.dll
0x00007ffeb2170000 - 0x00007ffeb218e000 	c:\Users\hp\.vscode\extensions\redhat.java-1.50.0-win32-x64\jre\21.0.9-win32-x86_64\bin\VCRUNTIME140.dll
0x00007ffeb1f50000 - 0x00007ffeb1f68000 	c:\Users\hp\.vscode\extensions\redhat.java-1.50.0-win32-x64\jre\21.0.9-win32-x86_64\bin\jli.dll
0x00007fff18da0000 - 0x00007fff18f65000 	C:\WINDOWS\System32\USER32.dll
0x00007ffefbbe0000 - 0x00007ffefbe73000 	C:\WINDOWS\WinSxS\amd64_microsoft.windows.common-controls_6595b64144ccf1df_6.0.26100.7309_none_3e05feeae336a044\COMCTL32.dll
0x00007fff17ee0000 - 0x00007fff17f07000 	C:\WINDOWS\System32\win32u.dll
0x00007fff180d0000 - 0x00007fff18179000 	C:\WINDOWS\System32\msvcrt.dll
0x00007fff19290000 - 0x00007fff192bb000 	C:\WINDOWS\System32\GDI32.dll
0x00007fff17f10000 - 0x00007fff1803c000 	C:\WINDOWS\System32\gdi32full.dll
0x00007fff17770000 - 0x00007fff17813000 	C:\WINDOWS\System32\msvcp_win.dll
0x00007fff19f10000 - 0x00007fff19f41000 	C:\WINDOWS\System32\IMM32.DLL
0x00007ffef43c0000 - 0x00007ffef43cc000 	c:\Users\hp\.vscode\extensions\redhat.java-1.50.0-win32-x64\jre\21.0.9-win32-x86_64\bin\vcruntime140_1.dll
0x00007ffe7fff0000 - 0x00007ffe8007d000 	c:\Users\hp\.vscode\extensions\redhat.java-1.50.0-win32-x64\jre\21.0.9-win32-x86_64\bin\msvcp140.dll
0x00007ffe570f0000 - 0x00007ffe57e90000 	c:\Users\hp\.vscode\extensions\redhat.java-1.50.0-win32-x64\jre\21.0.9-win32-x86_64\bin\server\jvm.dll
0x00007fff18180000 - 0x00007fff18234000 	C:\WINDOWS\System32\ADVAPI32.dll
0x00007fff187f0000 - 0x00007fff18896000 	C:\WINDOWS\System32\sechost.dll
0x00007fff19f60000 - 0x00007fff1a078000 	C:\WINDOWS\System32\RPCRT4.dll
0x00007fff18040000 - 0x00007fff180b4000 	C:\WINDOWS\System32\WS2_32.dll
0x00007fff17250000 - 0x00007fff172ae000 	C:\WINDOWS\SYSTEM32\POWRPROF.dll
0x00007fff0f890000 - 0x00007fff0f8c5000 	C:\WINDOWS\SYSTEM32\WINMM.dll
0x00007fff0f8d0000 - 0x00007fff0f8db000 	C:\WINDOWS\SYSTEM32\VERSION.dll
0x00007fff17230000 - 0x00007fff17244000 	C:\WINDOWS\SYSTEM32\UMPDC.dll
0x00007fff16160000 - 0x00007fff1617b000 	C:\WINDOWS\SYSTEM32\kernel.appcore.dll
0x00007ffef4220000 - 0x00007ffef422a000 	c:\Users\hp\.vscode\extensions\redhat.java-1.50.0-win32-x64\jre\21.0.9-win32-x86_64\bin\jimage.dll
0x00007fff14980000 - 0x00007fff14bc2000 	C:\WINDOWS\SYSTEM32\DBGHELP.DLL
0x00007fff18a10000 - 0x00007fff18d95000 	C:\WINDOWS\System32\combase.dll
0x00007fff18930000 - 0x00007fff18a06000 	C:\WINDOWS\System32\OLEAUT32.dll
0x00007ffef9390000 - 0x00007ffef93cc000 	C:\WINDOWS\SYSTEM32\dbgcore.DLL
0x00007fff17a30000 - 0x00007fff17ad5000 	C:\WINDOWS\System32\bcryptPrimitives.dll
0x00007ffef1d50000 - 0x00007ffef1d5f000 	c:\Users\hp\.vscode\extensions\redhat.java-1.50.0-win32-x64\jre\21.0.9-win32-x86_64\bin\instrument.dll
0x00007ffeb1e60000 - 0x00007ffeb1e80000 	c:\Users\hp\.vscode\extensions\redhat.java-1.50.0-win32-x64\jre\21.0.9-win32-x86_64\bin\java.dll
0x00007fff192c0000 - 0x00007fff19a13000 	C:\WINDOWS\System32\SHELL32.dll
0x00007fff173f0000 - 0x00007fff1755a000 	C:\WINDOWS\System32\wintypes.dll
0x00007fff14fb0000 - 0x00007fff1580e000 	C:\WINDOWS\SYSTEM32\windows.storage.dll
0x00007fff18ff0000 - 0x00007fff190e5000 	C:\WINDOWS\System32\SHCORE.dll
0x00007fff186f0000 - 0x00007fff18756000 	C:\WINDOWS\System32\shlwapi.dll
0x00007fff17310000 - 0x00007fff17339000 	C:\WINDOWS\SYSTEM32\profapi.dll
0x00007ffeb1f30000 - 0x00007ffeb1f48000 	c:\Users\hp\.vscode\extensions\redhat.java-1.50.0-win32-x64\jre\21.0.9-win32-x86_64\bin\zip.dll
0x00007ffee5480000 - 0x00007ffee5490000 	C:\Users\hp\.vscode\extensions\redhat.java-1.50.0-win32-x64\jre\21.0.9-win32-x86_64\bin\net.dll
0x00007fff113c0000 - 0x00007fff114e8000 	C:\WINDOWS\SYSTEM32\WINHTTP.dll
0x00007fff166b0000 - 0x00007fff1671b000 	C:\WINDOWS\system32\mswsock.dll
0x00007ffeb1750000 - 0x00007ffeb1766000 	C:\Users\hp\.vscode\extensions\redhat.java-1.50.0-win32-x64\jre\21.0.9-win32-x86_64\bin\nio.dll
0x00007ffee3ae0000 - 0x00007ffee3af0000 	c:\Users\hp\.vscode\extensions\redhat.java-1.50.0-win32-x64\jre\21.0.9-win32-x86_64\bin\verify.dll

JVMTI agents:
c:\Users\hp\.vscode\extensions\redhat.java-1.50.0-win32-x64\lombok\lombok-1.18.39-4050.jar path:c:\Users\hp\.vscode\extensions\redhat.java-1.50.0-win32-x64\jre\21.0.9-win32-x86_64\bin\instrument.dll, loaded, initialized, instrumentlib options:none

dbghelp: loaded successfully - version: 4.0.5 - missing functions: none
symbol engine: initialized successfully - sym options: 0x614 - pdb path: .;c:\Users\hp\.vscode\extensions\redhat.java-1.50.0-win32-x64\jre\21.0.9-win32-x86_64\bin;C:\WINDOWS\SYSTEM32;C:\WINDOWS\WinSxS\amd64_microsoft.windows.common-controls_6595b64144ccf1df_6.0.26100.7309_none_3e05feeae336a044;c:\Users\hp\.vscode\extensions\redhat.java-1.50.0-win32-x64\jre\21.0.9-win32-x86_64\bin\server

VM Arguments:
jvm_args: --add-modules=ALL-SYSTEM --add-opens=java.base/java.util=ALL-UNNAMED --add-opens=java.base/java.lang=ALL-UNNAMED --add-opens=java.base/sun.nio.fs=ALL-UNNAMED -Declipse.application=org.eclipse.jdt.ls.core.id1 -Dosgi.bundles.defaultStartLevel=4 -Declipse.product=org.eclipse.jdt.ls.core.product -Djava.import.generatesMetadataFilesAtProjectRoot=false -DDetectVMInstallationsJob.disabled=true -Dfile.encoding=utf8 -XX:+UseParallelGC -XX:GCTimeRatio=4 -XX:AdaptiveSizePolicyWeight=90 -Dsun.zip.disableMemoryMapping=true -Xmx2G -Xms100m -Xlog:disable -javaagent:c:\Users\hp\.vscode\extensions\redhat.java-1.50.0-win32-x64\lombok\lombok-1.18.39-4050.jar 
java_command: c:\Users\hp\.vscode\extensions\redhat.java-1.50.0-win32-x64\server\plugins\org.eclipse.equinox.launcher_1.7.100.v20251111-0406.jar -configuration c:\Users\hp\AppData\Roaming\Code\User\globalStorage\redhat.java\1.50.0\config_ss_win -data c:\Users\hp\AppData\Roaming\Code\User\workspaceStorage\219ef3611e2ce3729ada5df6278e4a16\redhat.java\ss_ws --pipe=\\.\pipe\lsp-a166e55c6ed9c49b11673241dd2a38cc-sock
java_class_path (initial): c:\Users\hp\.vscode\extensions\redhat.java-1.50.0-win32-x64\server\plugins\org.eclipse.equinox.launcher_1.7.100.v20251111-0406.jar
Launcher Type: SUN_STANDARD

[Global flags]
    uintx AdaptiveSizePolicyWeight                 = 90                                        {product} {command line}
     intx CICompilerCount                          = 4                                         {product} {ergonomic}
    uintx GCTimeRatio                              = 4                                         {product} {command line}
   size_t InitialHeapSize                          = 104857600                                 {product} {command line}
   size_t MaxHeapSize                              = 2147483648                                {product} {command line}
   size_t MaxNewSize                               = 715653120                                 {product} {ergonomic}
   size_t MinHeapDeltaBytes                        = 524288                                    {product} {ergonomic}
   size_t MinHeapSize                              = 104857600                                 {product} {command line}
   size_t NewSize                                  = 34603008                                  {product} {ergonomic}
    uintx NonNMethodCodeHeapSize                   = 5839372                                {pd product} {ergonomic}
    uintx NonProfiledCodeHeapSize                  = 122909434                              {pd product} {ergonomic}
   size_t OldSize                                  = 70254592                                  {product} {ergonomic}
    uintx ProfiledCodeHeapSize                     = 122909434                              {pd product} {ergonomic}
    uintx ReservedCodeCacheSize                    = 251658240                              {pd product} {ergonomic}
     bool SegmentedCodeCache                       = true                                      {product} {ergonomic}
   size_t SoftMaxHeapSize                          = 2147483648                             {manageable} {ergonomic}
     bool UseCompressedOops                        = true                           {product lp64_product} {ergonomic}
     bool UseLargePagesIndividualAllocation        = false                                  {pd product} {ergonomic}
     bool UseParallelGC                            = true                                      {product} {command line}

Logging:
Log output configuration:
 #0: stdout all=off uptime,level,tags foldmultilines=false
 #1: stderr all=off uptime,level,tags foldmultilines=false

Release file:
JAVA_VERSION="21.0.9" 
MODULES="java.base java.compiler java.datatransfer java.xml java.prefs java.desktop java.instrument java.logging java.management java.security.sasl java.naming java.rmi java.management.rmi java.net.http java.scripting java.security.jgss java.transaction.xa java.sql java.sql.rowset java.xml.crypto java.se java.smartcardio jdk.accessibility jdk.internal.jvmstat jdk.attach jdk.charsets jdk.internal.opt jdk.zipfs jdk.compiler jdk.crypto.ec jdk.crypto.cryptoki jdk.crypto.mscapi jdk.dynalink jdk.internal.ed jdk.editpad jdk.hotspot.agent jdk.httpserver jdk.internal.le jdk.internal.vm.ci jdk.internal.vm.compiler jdk.internal.vm.compiler.management jdk.jartool jdk.javadoc jdk.jcmd jdk.management jdk.management.agent jdk.jconsole jdk.jdeps jdk.jdwp.agent jdk.jdi jdk.jfr jdk.jshell jdk.jsobject jdk.jstatd jdk.localedata jdk.management.jfr jdk.naming.dns jdk.naming.rmi jdk.net jdk.nio.mapmode jdk.random jdk.sctp jdk.security.auth jdk.security.jgss jdk.unsupported jdk.unsupported.desktop jdk.xml.dom" 

Environment Variables:
JAVA_HOME=E:\Java\
PATH=E:\Java\bin;C:\Program Files\Python313\Scripts\;C:\Program Files\Python313\;C:\WINDOWS\system32;C:\WINDOWS;C:\WINDOWS\System32\Wbem;C:\WINDOWS\System32\WindowsPowerShell\v1.0\;C:\WINDOWS\System32\OpenSSH\;C:\Program Files\Git\cmd;C:\Program Files\dotnet\;C:\ProgramData\chocolatey\bin;C:\Program Files\Vim\vim91;C:\Program Files\nodejs\;C:\Users\hp\ffmpeg-2025-07-23-git-829680f96a-essentials_build\ffmpeg-2025-07-23-git-829680f96a-essentials_build\bin;C:\MinGW\bin;C:\Program Files\PowerShell\7\;C:\Program Files\Eclipse Adoptium\jdk-21.0.6.7-hotspot\bin;C:\Users\hp\AppData\Local\Microsoft\WindowsApps;C:\Users\hp\AppData\Local\GitHubDesktop\bin;C:\Users\hp\.dotnet\tools;C:\Users\hp\AppData\Local\Programs\Microsoft VS Code Insiders\bin;C:\Users\hp\AppData\Local\Muse Hub\lib;C:\Users\hp\AppData\Roaming\npm;C:\Users\hp\AppData\Local\Programs\Microsoft VS Code\bin;E:\Users\hp\Android\Sdk\emulator
USERNAME=hp
OS=Windows_NT
PROCESSOR_IDENTIFIER=AMD64 Family 23 Model 96 Stepping 1, AuthenticAMD
TMP=E:\Temp
TEMP=E:\Temp




Periodic native trim disabled

---------------  S Y S T E M  ---------------

OS:
 Windows 11 , 64 bit Build 26100 (10.0.26100.7309)
OS uptime: 4 days 6:07 hours
Hyper-V role detected

CPU: total 12 (initial active 12) (12 cores per cpu, 2 threads per core) family 23 model 96 stepping 1 microcode 0x8600109, cx8, cmov, fxsr, ht, mmx, 3dnowpref, sse, sse2, sse3, ssse3, sse4a, sse4.1, sse4.2, popcnt, lzcnt, tsc, tscinvbit, avx, avx2, aes, clmul, bmi1, bmi2, adx, sha, fma, vzeroupper, clflush, clflushopt, hv, rdtscp, rdpid, f16c
Processor Information for the first 12 processors :
  Max Mhz: 2100, Current Mhz: 2100, Mhz Limit: 2100

Memory: 4k page, system-wide physical 15697M (687M free)
TotalPageFile size 25160M (AvailPageFile size 8M)
current process WorkingSet (physical memory assigned to process): 88M, peak: 88M
current process commit charge ("private bytes"): 247M, peak: 247M

vm_info: OpenJDK 64-Bit Server VM (21.0.9+10-LTS) for windows-amd64 JRE (21.0.9+10-LTS), built on 2025-10-21T00:00:00Z by "admin" with unknown MS VC++:1942

END.
