#
# There is insufficient memory for the Java Runtime Environment to continue.
# Native memory allocation (malloc) failed to allocate 1044400 bytes. Error detail: Chunk::new
# Possible reasons:
#   The system is out of physical RAM or swap space
#   This process is running with CompressedOops enabled, and the Java Heap may be blocking the growth of the native heap
# Possible solutions:
#   Reduce memory load on the system
#   Increase physical memory or swap space
#   Check if swap backing store is full
#   Decrease Java heap size (-Xmx/-Xms)
#   Decrease number of Java threads
#   Decrease Java thread stack sizes (-Xss)
#   Set larger code cache with -XX:ReservedCodeCacheSize=
#   JVM is running with Unscaled Compressed Oops mode in which the Java heap is
#     placed in the first 4GB address space. The Java Heap base address is the
#     maximum limit for the native heap growth. Please use -XX:HeapBaseMinAddress
#     to set the Java Heap base and to place the Java Heap above 4GB virtual address.
# This output file may be truncated or incomplete.
#
#  Out of Memory Error (arena.cpp:168), pid=17072, tid=33468
#
# JRE version: OpenJDK Runtime Environment Temurin-21.0.8+9 (21.0.8+9) (build 21.0.8+9-LTS)
# Java VM: OpenJDK 64-Bit Server VM Temurin-21.0.8+9 (21.0.8+9-LTS, mixed mode, sharing, tiered, compressed oops, compressed class ptrs, parallel gc, windows-amd64)
# No core dump will be written. Minidumps are not enabled by default on client versions of Windows
#

---------------  S U M M A R Y ------------

Command Line: --add-modules=ALL-SYSTEM --add-opens=java.base/java.util=ALL-UNNAMED --add-opens=java.base/java.lang=ALL-UNNAMED --add-opens=java.base/sun.nio.fs=ALL-UNNAMED -Declipse.application=org.eclipse.jdt.ls.core.id1 -Dosgi.bundles.defaultStartLevel=4 -Declipse.product=org.eclipse.jdt.ls.core.product -Djava.import.generatesMetadataFilesAtProjectRoot=false -DDetectVMInstallationsJob.disabled=true -Dfile.encoding=utf8 -XX:+UseParallelGC -XX:GCTimeRatio=4 -XX:AdaptiveSizePolicyWeight=90 -Dsun.zip.disableMemoryMapping=true -Xmx2G -Xms100m -Xlog:disable -javaagent:c:\Users\hp\.vscode\extensions\redhat.java-1.47.0-win32-x64\lombok\lombok-1.18.39-4050.jar -XX:+HeapDumpOnOutOfMemoryError -XX:HeapDumpPath=c:\Users\hp\AppData\Roaming\Code\User\workspaceStorage\55e016f5bd7ac8ed0f363e88609f9171\redhat.java -Daether.dependencyCollector.impl=bf c:\Users\hp\.vscode\extensions\redhat.java-1.47.0-win32-x64\server\plugins\org.eclipse.equinox.launcher_1.7.100.v20251014-1222.jar -configuration c:\Users\hp\AppData\Roaming\Code\User\globalStorage\redhat.java\1.47.0\config_win -data c:\Users\hp\AppData\Roaming\Code\User\workspaceStorage\55e016f5bd7ac8ed0f363e88609f9171\redhat.java\jdt_ws --pipe=\\.\pipe\lsp-65d79e0113b58bc3ca4062b384d6465e-sock

Host: AMD Ryzen 5 PRO 4650U with Radeon Graphics, 12 cores, 15G,  Windows 11 , 64 bit Build 26100 (10.0.26100.6725)
Time: Sat Nov  1 23:42:03 2025 Bangladesh Standard Time elapsed time: 6.892014 seconds (0d 0h 0m 6s)

---------------  T H R E A D  ---------------

Current thread (0x00000254f623b7a0):  JavaThread "C2 CompilerThread1" daemon [_thread_in_native, id=33468, stack(0x00000070e8f00000,0x00000070e9000000) (1024K)]


Current CompileTask:
C2:6892 7346       4       java.lang.ClassLoader::defineClass (43 bytes)

Stack: [0x00000070e8f00000,0x00000070e9000000]
Native frames: (J=compiled Java code, j=interpreted, Vv=VM code, C=native code)
V  [jvm.dll+0x6d2449]
V  [jvm.dll+0x8ae341]
V  [jvm.dll+0x8b08be]
V  [jvm.dll+0x8b0fa3]
V  [jvm.dll+0x280c96]
V  [jvm.dll+0xc581d]
V  [jvm.dll+0xc5d53]
V  [jvm.dll+0x3b919c]
V  [jvm.dll+0x1e1213]
V  [jvm.dll+0x249022]
V  [jvm.dll+0x2484af]
V  [jvm.dll+0x1c89ee]
V  [jvm.dll+0x257d4d]
V  [jvm.dll+0x2562ea]
V  [jvm.dll+0x3f2d16]
V  [jvm.dll+0x857e6b]
V  [jvm.dll+0x6d0b0d]
C  [ucrtbase.dll+0x37b0]
C  [KERNEL32.DLL+0x2e8d7]
C  [ntdll.dll+0x8c53c]


---------------  P R O C E S S  ---------------

Threads class SMR info:
_java_thread_list=0x00000254fdd06390, length=46, elements={
0x000002549b0953f0, 0x000002549d4cb890, 0x000002549d4ce850, 0x000002549d5cc520,
0x000002549d5ccbb0, 0x000002549d5cbe90, 0x000002549d5cdf60, 0x000002549d5ddc60,
0x00000254f6090de0, 0x000002549d5cd240, 0x00000254f623b7a0, 0x000002549d5cb800,
0x000002549d5cd8d0, 0x000002549d5caae0, 0x000002549d5cb170, 0x00000254fc059400,
0x00000254fc05a7b0, 0x00000254fc05c1f0, 0x00000254fc05a120, 0x00000254fc05bb60,
0x00000254fc059a90, 0x00000254fc058d70, 0x00000254fc05cf10, 0x00000254fd3eb2b0,
0x00000254fc05c880, 0x00000254fc05e2c0, 0x00000254fc05d5a0, 0x00000254fc05ae40,
0x00000254fc05dc30, 0x00000254fc05b4d0, 0x00000254fc060390, 0x00000254fc05e950,
0x00000254fc05f670, 0x00000254fc05efe0, 0x00000254fc05fd00, 0x00000254fe7edad0,
0x00000254fe7ee160, 0x00000254fe7eace0, 0x00000254fe7ee7f0, 0x00000254fe7ed440,
0x00000254fe7ec720, 0x00000254fe7eb370, 0x00000254fe7eee80, 0x00000254fe7ec090,
0x00000254fe7efba0, 0x00000254fe7f0230
}

Java Threads: ( => current thread )
  0x000002549b0953f0 JavaThread "main"                              [_thread_blocked, id=31896, stack(0x00000070e8200000,0x00000070e8300000) (1024K)]
  0x000002549d4cb890 JavaThread "Reference Handler"          daemon [_thread_blocked, id=28812, stack(0x00000070e8600000,0x00000070e8700000) (1024K)]
  0x000002549d4ce850 JavaThread "Finalizer"                  daemon [_thread_blocked, id=24852, stack(0x00000070e8700000,0x00000070e8800000) (1024K)]
  0x000002549d5cc520 JavaThread "Signal Dispatcher"          daemon [_thread_blocked, id=38144, stack(0x00000070e8800000,0x00000070e8900000) (1024K)]
  0x000002549d5ccbb0 JavaThread "Attach Listener"            daemon [_thread_blocked, id=38664, stack(0x00000070e8900000,0x00000070e8a00000) (1024K)]
  0x000002549d5cbe90 JavaThread "Service Thread"             daemon [_thread_blocked, id=12352, stack(0x00000070e8a00000,0x00000070e8b00000) (1024K)]
  0x000002549d5cdf60 JavaThread "Monitor Deflation Thread"   daemon [_thread_blocked, id=32656, stack(0x00000070e8b00000,0x00000070e8c00000) (1024K)]
  0x000002549d5ddc60 JavaThread "C2 CompilerThread0"         daemon [_thread_blocked, id=16992, stack(0x00000070e8c00000,0x00000070e8d00000) (1024K)]
  0x00000254f6090de0 JavaThread "C1 CompilerThread0"         daemon [_thread_blocked, id=10572, stack(0x00000070e8d00000,0x00000070e8e00000) (1024K)]
  0x000002549d5cd240 JavaThread "Common-Cleaner"             daemon [_thread_blocked, id=23748, stack(0x00000070e8e00000,0x00000070e8f00000) (1024K)]
=>0x00000254f623b7a0 JavaThread "C2 CompilerThread1"         daemon [_thread_in_native, id=33468, stack(0x00000070e8f00000,0x00000070e9000000) (1024K)]
  0x000002549d5cb800 JavaThread "Notification Thread"        daemon [_thread_blocked, id=10112, stack(0x00000070e9000000,0x00000070e9100000) (1024K)]
  0x000002549d5cd8d0 JavaThread "Active Thread: Equinox Container: b951fa4c-59e1-4b85-9155-9f6a504a52fa"        [_thread_blocked, id=24424, stack(0x00000070e9800000,0x00000070e9900000) (1024K)]
  0x000002549d5caae0 JavaThread "Refresh Thread: Equinox Container: b951fa4c-59e1-4b85-9155-9f6a504a52fa" daemon [_thread_blocked, id=28856, stack(0x00000070e9900000,0x00000070e9a00000) (1024K)]
  0x000002549d5cb170 JavaThread "Framework Event Dispatcher: Equinox Container: b951fa4c-59e1-4b85-9155-9f6a504a52fa" daemon [_thread_blocked, id=29360, stack(0x00000070e9b00000,0x00000070e9c00000) (1024K)]
  0x00000254fc059400 JavaThread "Start Level: Equinox Container: b951fa4c-59e1-4b85-9155-9f6a504a52fa" daemon [_thread_blocked, id=18468, stack(0x00000070e9c00000,0x00000070e9d00000) (1024K)]
  0x00000254fc05a7b0 JavaThread "Bundle File Closer"         daemon [_thread_blocked, id=39060, stack(0x00000070e9f00000,0x00000070ea000000) (1024K)]
  0x00000254fc05c1f0 JavaThread "SCR Component Actor"        daemon [_thread_blocked, id=33416, stack(0x00000070ea000000,0x00000070ea100000) (1024K)]
  0x00000254fc05a120 JavaThread "Worker-JM"                         [_thread_blocked, id=10608, stack(0x00000070ea100000,0x00000070ea200000) (1024K)]
  0x00000254fc05bb60 JavaThread "JNA Cleaner"                daemon [_thread_blocked, id=30788, stack(0x00000070ea200000,0x00000070ea300000) (1024K)]
  0x00000254fc059a90 JavaThread "Worker-0"                          [_thread_blocked, id=39904, stack(0x00000070ea300000,0x00000070ea400000) (1024K)]
  0x00000254fc058d70 JavaThread "Worker-1"                          [_thread_blocked, id=9232, stack(0x00000070ea400000,0x00000070ea500000) (1024K)]
  0x00000254fc05cf10 JavaThread "Java indexing"              daemon [_thread_blocked, id=22356, stack(0x00000070e9100000,0x00000070e9200000) (1024K)]
  0x00000254fd3eb2b0 JavaThread "C2 CompilerThread2"         daemon [_thread_blocked, id=44920, stack(0x00000070ea500000,0x00000070ea600000) (1024K)]
  0x00000254fc05c880 JavaThread "Worker-2: Initialize workspace"        [_thread_in_Java, id=33696, stack(0x00000070ea900000,0x00000070eaa00000) (1024K)]
  0x00000254fc05e2c0 JavaThread "Worker-3"                          [_thread_blocked, id=35024, stack(0x00000070eaa00000,0x00000070eab00000) (1024K)]
  0x00000254fc05d5a0 JavaThread "Thread-1"                   daemon [_thread_in_native, id=32832, stack(0x00000070eab00000,0x00000070eac00000) (1024K)]
  0x00000254fc05ae40 JavaThread "Thread-2"                   daemon [_thread_in_native, id=24260, stack(0x00000070eac00000,0x00000070ead00000) (1024K)]
  0x00000254fc05dc30 JavaThread "Thread-3"                   daemon [_thread_in_native, id=17948, stack(0x00000070ead00000,0x00000070eae00000) (1024K)]
  0x00000254fc05b4d0 JavaThread "Thread-4"                   daemon [_thread_in_native, id=47652, stack(0x00000070eae00000,0x00000070eaf00000) (1024K)]
  0x00000254fc060390 JavaThread "Thread-5"                   daemon [_thread_in_native, id=24412, stack(0x00000070eaf00000,0x00000070eb000000) (1024K)]
  0x00000254fc05e950 JavaThread "Thread-6"                   daemon [_thread_in_native, id=19528, stack(0x00000070eb000000,0x00000070eb100000) (1024K)]
  0x00000254fc05f670 JavaThread "Thread-7"                   daemon [_thread_in_native, id=10164, stack(0x00000070eb100000,0x00000070eb200000) (1024K)]
  0x00000254fc05efe0 JavaThread "Thread-8"                   daemon [_thread_in_native, id=37680, stack(0x00000070eb200000,0x00000070eb300000) (1024K)]
  0x00000254fc05fd00 JavaThread "Thread-9"                   daemon [_thread_in_native, id=33460, stack(0x00000070eb300000,0x00000070eb400000) (1024K)]
  0x00000254fe7edad0 JavaThread "Thread-10"                  daemon [_thread_in_native, id=46552, stack(0x00000070eb400000,0x00000070eb500000) (1024K)]
  0x00000254fe7ee160 JavaThread "Thread-11"                  daemon [_thread_in_native, id=15744, stack(0x00000070eb500000,0x00000070eb600000) (1024K)]
  0x00000254fe7eace0 JavaThread "Thread-12"                  daemon [_thread_in_native, id=37428, stack(0x00000070eb600000,0x00000070eb700000) (1024K)]
  0x00000254fe7ee7f0 JavaThread "Thread-13"                  daemon [_thread_in_native, id=24804, stack(0x00000070eb700000,0x00000070eb800000) (1024K)]
  0x00000254fe7ed440 JavaThread "pool-2-thread-1"                   [_thread_blocked, id=47432, stack(0x00000070eb800000,0x00000070eb900000) (1024K)]
  0x00000254fe7ec720 JavaThread "WorkspaceEventsHandler"            [_thread_blocked, id=47040, stack(0x00000070eb900000,0x00000070eba00000) (1024K)]
  0x00000254fe7eb370 JavaThread "pool-1-thread-1"                   [_thread_blocked, id=36040, stack(0x00000070eba00000,0x00000070ebb00000) (1024K)]
  0x00000254fe7eee80 JavaThread "Worker-4"                          [_thread_blocked, id=33580, stack(0x00000070ebb00000,0x00000070ebc00000) (1024K)]
  0x00000254fe7ec090 JavaThread "ForkJoinPool.commonPool-worker-1" daemon [_thread_blocked, id=47108, stack(0x00000070ebc00000,0x00000070ebd00000) (1024K)]
  0x00000254fe7efba0 JavaThread "ForkJoinPool.commonPool-worker-2" daemon [_thread_blocked, id=17104, stack(0x00000070ebd00000,0x00000070ebe00000) (1024K)]
  0x00000254fe7f0230 JavaThread "ForkJoinPool.commonPool-worker-3" daemon [_thread_blocked, id=12084, stack(0x00000070ebe00000,0x00000070ebf00000) (1024K)]
Total: 46

Other Threads:
  0x000002549b0613e0 VMThread "VM Thread"                           [id=23008, stack(0x00000070e8500000,0x00000070e8600000) (1024K)]
  0x000002549d3acb20 WatcherThread "VM Periodic Task Thread"        [id=43288, stack(0x00000070e8400000,0x00000070e8500000) (1024K)]
  0x000002549b061780 WorkerThread "GC Thread#0"                     [id=45980, stack(0x00000070e8300000,0x00000070e8400000) (1024K)]
  0x000002549b0601c0 WorkerThread "GC Thread#1"                     [id=46920, stack(0x00000070e9200000,0x00000070e9300000) (1024K)]
  0x000002549b060ca0 WorkerThread "GC Thread#2"                     [id=29916, stack(0x00000070e9300000,0x00000070e9400000) (1024K)]
  0x00000254f7405e90 WorkerThread "GC Thread#3"                     [id=37688, stack(0x00000070e9400000,0x00000070e9500000) (1024K)]
  0x00000254f74065d0 WorkerThread "GC Thread#4"                     [id=42832, stack(0x00000070e9500000,0x00000070e9600000) (1024K)]
  0x00000254f7405af0 WorkerThread "GC Thread#5"                     [id=41564, stack(0x00000070e9600000,0x00000070e9700000) (1024K)]
  0x00000254f7406970 WorkerThread "GC Thread#6"                     [id=45968, stack(0x00000070e9700000,0x00000070e9800000) (1024K)]
  0x00000254f7403df0 WorkerThread "GC Thread#7"                     [id=31600, stack(0x00000070e9a00000,0x00000070e9b00000) (1024K)]
  0x00000254f7404190 WorkerThread "GC Thread#8"                     [id=28216, stack(0x00000070e9d00000,0x00000070e9e00000) (1024K)]
  0x00000254f7405010 WorkerThread "GC Thread#9"                     [id=28168, stack(0x00000070e9e00000,0x00000070e9f00000) (1024K)]
Total: 12

Threads with active compile tasks:
C1 CompilerThread0  6935 7577       3       java.net.URI::decode (376 bytes)
C2 CompilerThread1  6935 7346       4       java.lang.ClassLoader::defineClass (43 bytes)
Total: 2

VM state: not at safepoint (normal execution)

VM Mutex/Monitor currently owned by a thread: None

Heap address: 0x0000000080000000, size: 2048 MB, Compressed Oops mode: 32-bit

CDS archive(s) mapped at: [0x00000254b4000000-0x00000254b4ba0000-0x00000254b4ba0000), size 12189696, SharedBaseAddress: 0x00000254b4000000, ArchiveRelocationMode: 1.
Compressed class space mapped at: 0x00000254b5000000-0x00000254f5000000, reserved size: 1073741824
Narrow klass base: 0x00000254b4000000, Narrow klass shift: 0, Narrow klass range: 0x100000000

GC Precious Log:
 CardTable entry size: 512
 CPUs: 12 total, 12 available
 Memory: 15697M
 Large Page Support: Disabled
 NUMA Support: Disabled
 Compressed Oops: Enabled (32-bit)
 Alignments: Space 512K, Generation 512K, Heap 2M
 Heap Min Capacity: 100M
 Heap Initial Capacity: 100M
 Heap Max Capacity: 2G
 Pre-touch: Disabled
 Parallel Workers: 10

Heap:
 PSYoungGen      total 16896K, used 16651K [0x00000000d5580000, 0x00000000d6900000, 0x0000000100000000)
  eden space 15872K, 98% used [0x00000000d5580000,0x00000000d64c6168,0x00000000d6500000)
  from space 1024K, 98% used [0x00000000d6700000,0x00000000d67fcc58,0x00000000d6800000)
  to   space 1024K, 0% used [0x00000000d6800000,0x00000000d6800000,0x00000000d6900000)
 ParOldGen       total 68608K, used 43029K [0x0000000080000000, 0x0000000084300000, 0x00000000d5580000)
  object space 68608K, 62% used [0x0000000080000000,0x0000000082a054c8,0x0000000084300000)
 Metaspace       used 57833K, committed 59136K, reserved 1114112K
  class space    used 6241K, committed 6848K, reserved 1048576K

Card table byte_map: [0x000002549cec0000,0x000002549d2d0000] _byte_map_base: 0x000002549cac0000

Marking Bits: (ParMarkBitMap*) 0x00007ffffa87a340
 Begin Bits: [0x00000254af9c0000, 0x00000254b19c0000)
 End Bits:   [0x00000254b19c0000, 0x00000254b39c0000)

Polling page: 0x000002549b340000

Metaspace:

Usage:
  Non-class:     50.38 MB used.
      Class:      6.09 MB used.
       Both:     56.48 MB used.

Virtual space:
  Non-class space:       64.00 MB reserved,      51.06 MB ( 80%) committed,  1 nodes.
      Class space:        1.00 GB reserved,       6.69 MB ( <1%) committed,  1 nodes.
             Both:        1.06 GB reserved,      57.75 MB (  5%) committed. 

Chunk freelists:
   Non-Class:  12.63 MB
       Class:  9.28 MB
        Both:  21.91 MB

MaxMetaspaceSize: unlimited
CompressedClassSpaceSize: 1.00 GB
Initial GC threshold: 21.00 MB
Current GC threshold: 58.38 MB
CDS: on
 - commit_granule_bytes: 65536.
 - commit_granule_words: 8192.
 - virtual_space_node_default_size: 8388608.
 - enlarge_chunks_in_place: 1.
 - use_allocation_guard: 0.


Internal statistics:

num_allocs_failed_limit: 6.
num_arena_births: 948.
num_arena_deaths: 14.
num_vsnodes_births: 2.
num_vsnodes_deaths: 0.
num_space_committed: 924.
num_space_uncommitted: 0.
num_chunks_returned_to_freelist: 20.
num_chunks_taken_from_freelist: 3500.
num_chunk_merges: 12.
num_chunk_splits: 2217.
num_chunks_enlarged: 1362.
num_inconsistent_stats: 0.

CodeHeap 'non-profiled nmethods': size=120000Kb used=4478Kb max_used=4478Kb free=115521Kb
 bounds [0x00000254a81e0000, 0x00000254a8640000, 0x00000254af710000]
CodeHeap 'profiled nmethods': size=120000Kb used=15295Kb max_used=15295Kb free=104704Kb
 bounds [0x00000254a0710000, 0x00000254a1600000, 0x00000254a7c40000]
CodeHeap 'non-nmethods': size=5760Kb used=1420Kb max_used=1468Kb free=4340Kb
 bounds [0x00000254a7c40000, 0x00000254a7eb0000, 0x00000254a81e0000]
CodeCache: size=245760Kb, used=21193Kb, max_used=21241Kb, free=224565Kb
 total_blobs=7752, nmethods=7019, adapters=639, full_count=0
Compilation: enabled, stopped_count=0, restarted_count=0

Compilation events (20 events):
Event: 6.887 Thread 0x00000254f6090de0 7482       3       lombok.core.LombokNode::<init> (100 bytes)
Event: 6.887 Thread 0x00000254f6090de0 nmethod 7482 0x00000254a15c9a90 code [0x00000254a15c9d00, 0x00000254a15ca920]
Event: 6.887 Thread 0x00000254f6090de0 7481       3       lombok.eclipse.EclipseNode::<init> (14 bytes)
Event: 6.887 Thread 0x00000254f6090de0 nmethod 7481 0x00000254a15cae10 code [0x00000254a15cafc0, 0x00000254a15cb138]
Event: 6.887 Thread 0x00000254f6090de0 7483       3       org.eclipse.jdt.internal.compiler.parser.Scanner::isInModuleDeclaration (18 bytes)
Event: 6.888 Thread 0x00000254f6090de0 nmethod 7483 0x00000254a15cb210 code [0x00000254a15cb3c0, 0x00000254a15cb568]
Event: 6.888 Thread 0x00000254f6090de0 7484       3       org.eclipse.core.resources.ResourcesPlugin::getWorkspace (44 bytes)
Event: 6.888 Thread 0x00000254f6090de0 nmethod 7484 0x00000254a15cb610 code [0x00000254a15cb7e0, 0x00000254a15cbb10]
Event: 6.888 Thread 0x00000254fd3eb2b0 nmethod 7448 0x00000254a8622990 code [0x00000254a8622c80, 0x00000254a8623c18]
Event: 6.888 Thread 0x00000254f6090de0 7485       3       lombok.core.AST::buildWithField (21 bytes)
Event: 6.888 Thread 0x00000254fd3eb2b0 7479       4       org.eclipse.jdt.internal.compiler.parser.Parser::ntAction (8 bytes)
Event: 6.888 Thread 0x00000254f6090de0 nmethod 7485 0x00000254a15cbc90 code [0x00000254a15cbe60, 0x00000254a15cc1b8]
Event: 6.888 Thread 0x00000254f6090de0 7486   !   3       lombok.core.AST::buildWithField0 (121 bytes)
Event: 6.889 Thread 0x00000254fd3eb2b0 nmethod 7479 0x00000254a8624890 code [0x00000254a8624a20, 0x00000254a8624ad8]
Event: 6.889 Thread 0x00000254fd3eb2b0 7348       4       java.lang.ClassLoader::preDefineClass (118 bytes)
Event: 6.889 Thread 0x00000254f6090de0 nmethod 7486 0x00000254a15cc310 code [0x00000254a15cc620, 0x00000254a15cd420]
Event: 6.889 Thread 0x00000254f6090de0 7487       3       lombok.eclipse.EclipseAST::buildStatement (57 bytes)
Event: 6.890 Thread 0x00000254f6090de0 nmethod 7487 0x00000254a15cdb10 code [0x00000254a15cdd40, 0x00000254a15ce650]
Event: 6.890 Thread 0x00000254f6090de0 7488       1       org.eclipse.lsp4j.jsonrpc.messages.Message::setJsonHandler (6 bytes)
Event: 6.890 Thread 0x00000254f6090de0 nmethod 7488 0x00000254a8624f90 code [0x00000254a8625120, 0x00000254a8625200]

GC Heap History (20 events):
Event: 5.177 GC heap before
{Heap before GC invocations=26 (full 2):
 PSYoungGen      total 22016K, used 21956K [0x00000000d5580000, 0x00000000d6f00000, 0x0000000100000000)
  eden space 19968K, 100% used [0x00000000d5580000,0x00000000d6900000,0x00000000d6900000)
  from space 2048K, 97% used [0x00000000d6900000,0x00000000d6af1000,0x00000000d6b00000)
  to   space 3072K, 0% used [0x00000000d6c00000,0x00000000d6c00000,0x00000000d6f00000)
 ParOldGen       total 68608K, used 31546K [0x0000000080000000, 0x0000000084300000, 0x00000000d5580000)
  object space 68608K, 45% used [0x0000000080000000,0x0000000081eceba0,0x0000000084300000)
 Metaspace       used 47149K, committed 48320K, reserved 1114112K
  class space    used 5145K, committed 5696K, reserved 1048576K
}
Event: 5.180 GC heap after
{Heap after GC invocations=26 (full 2):
 PSYoungGen      total 22016K, used 1984K [0x00000000d5580000, 0x00000000d6e00000, 0x0000000100000000)
  eden space 19968K, 0% used [0x00000000d5580000,0x00000000d5580000,0x00000000d6900000)
  from space 2048K, 96% used [0x00000000d6c00000,0x00000000d6df0010,0x00000000d6e00000)
  to   space 2560K, 0% used [0x00000000d6900000,0x00000000d6900000,0x00000000d6b80000)
 ParOldGen       total 68608K, used 33400K [0x0000000080000000, 0x0000000084300000, 0x00000000d5580000)
  object space 68608K, 48% used [0x0000000080000000,0x000000008209e3b8,0x0000000084300000)
 Metaspace       used 47149K, committed 48320K, reserved 1114112K
  class space    used 5145K, committed 5696K, reserved 1048576K
}
Event: 5.222 GC heap before
{Heap before GC invocations=27 (full 2):
 PSYoungGen      total 22016K, used 21952K [0x00000000d5580000, 0x00000000d6e00000, 0x0000000100000000)
  eden space 19968K, 100% used [0x00000000d5580000,0x00000000d6900000,0x00000000d6900000)
  from space 2048K, 96% used [0x00000000d6c00000,0x00000000d6df0010,0x00000000d6e00000)
  to   space 2560K, 0% used [0x00000000d6900000,0x00000000d6900000,0x00000000d6b80000)
 ParOldGen       total 68608K, used 33400K [0x0000000080000000, 0x0000000084300000, 0x00000000d5580000)
  object space 68608K, 48% used [0x0000000080000000,0x000000008209e3b8,0x0000000084300000)
 Metaspace       used 47231K, committed 48448K, reserved 1114112K
  class space    used 5147K, committed 5696K, reserved 1048576K
}
Event: 5.226 GC heap after
{Heap after GC invocations=27 (full 2):
 PSYoungGen      total 22016K, used 1856K [0x00000000d5580000, 0x00000000d6d00000, 0x0000000100000000)
  eden space 19968K, 0% used [0x00000000d5580000,0x00000000d5580000,0x00000000d6900000)
  from space 2048K, 90% used [0x00000000d6900000,0x00000000d6ad0000,0x00000000d6b00000)
  to   space 2048K, 0% used [0x00000000d6b00000,0x00000000d6b00000,0x00000000d6d00000)
 ParOldGen       total 68608K, used 35304K [0x0000000080000000, 0x0000000084300000, 0x00000000d5580000)
  object space 68608K, 51% used [0x0000000080000000,0x000000008227a3c8,0x0000000084300000)
 Metaspace       used 47231K, committed 48448K, reserved 1114112K
  class space    used 5147K, committed 5696K, reserved 1048576K
}
Event: 5.374 GC heap before
{Heap before GC invocations=28 (full 2):
 PSYoungGen      total 22016K, used 21824K [0x00000000d5580000, 0x00000000d6d00000, 0x0000000100000000)
  eden space 19968K, 100% used [0x00000000d5580000,0x00000000d6900000,0x00000000d6900000)
  from space 2048K, 90% used [0x00000000d6900000,0x00000000d6ad0000,0x00000000d6b00000)
  to   space 2048K, 0% used [0x00000000d6b00000,0x00000000d6b00000,0x00000000d6d00000)
 ParOldGen       total 68608K, used 35304K [0x0000000080000000, 0x0000000084300000, 0x00000000d5580000)
  object space 68608K, 51% used [0x0000000080000000,0x000000008227a3c8,0x0000000084300000)
 Metaspace       used 48416K, committed 49536K, reserved 1114112K
  class space    used 5249K, committed 5760K, reserved 1048576K
}
Event: 5.377 GC heap after
{Heap after GC invocations=28 (full 2):
 PSYoungGen      total 17920K, used 2024K [0x00000000d5580000, 0x00000000d7500000, 0x0000000100000000)
  eden space 15872K, 0% used [0x00000000d5580000,0x00000000d5580000,0x00000000d6500000)
  from space 2048K, 98% used [0x00000000d6b00000,0x00000000d6cfa000,0x00000000d6d00000)
  to   space 6144K, 0% used [0x00000000d6500000,0x00000000d6500000,0x00000000d6b00000)
 ParOldGen       total 68608K, used 38377K [0x0000000080000000, 0x0000000084300000, 0x00000000d5580000)
  object space 68608K, 55% used [0x0000000080000000,0x000000008257a510,0x0000000084300000)
 Metaspace       used 48416K, committed 49536K, reserved 1114112K
  class space    used 5249K, committed 5760K, reserved 1048576K
}
Event: 5.639 GC heap before
{Heap before GC invocations=29 (full 2):
 PSYoungGen      total 17920K, used 17896K [0x00000000d5580000, 0x00000000d7500000, 0x0000000100000000)
  eden space 15872K, 100% used [0x00000000d5580000,0x00000000d6500000,0x00000000d6500000)
  from space 2048K, 98% used [0x00000000d6b00000,0x00000000d6cfa000,0x00000000d6d00000)
  to   space 6144K, 0% used [0x00000000d6500000,0x00000000d6500000,0x00000000d6b00000)
 ParOldGen       total 68608K, used 38377K [0x0000000080000000, 0x0000000084300000, 0x00000000d5580000)
  object space 68608K, 55% used [0x0000000080000000,0x000000008257a510,0x0000000084300000)
 Metaspace       used 49719K, committed 50880K, reserved 1114112K
  class space    used 5420K, committed 5952K, reserved 1048576K
}
Event: 5.642 GC heap after
{Heap after GC invocations=29 (full 2):
 PSYoungGen      total 16896K, used 756K [0x00000000d5580000, 0x00000000d6b80000, 0x0000000100000000)
  eden space 15872K, 0% used [0x00000000d5580000,0x00000000d5580000,0x00000000d6500000)
  from space 1024K, 73% used [0x00000000d6500000,0x00000000d65bd3c8,0x00000000d6600000)
  to   space 2560K, 0% used [0x00000000d6900000,0x00000000d6900000,0x00000000d6b80000)
 ParOldGen       total 68608K, used 40427K [0x0000000080000000, 0x0000000084300000, 0x00000000d5580000)
  object space 68608K, 58% used [0x0000000080000000,0x000000008277ae50,0x0000000084300000)
 Metaspace       used 49719K, committed 50880K, reserved 1114112K
  class space    used 5420K, committed 5952K, reserved 1048576K
}
Event: 5.890 GC heap before
{Heap before GC invocations=30 (full 2):
 PSYoungGen      total 16896K, used 16628K [0x00000000d5580000, 0x00000000d6b80000, 0x0000000100000000)
  eden space 15872K, 100% used [0x00000000d5580000,0x00000000d6500000,0x00000000d6500000)
  from space 1024K, 73% used [0x00000000d6500000,0x00000000d65bd3c8,0x00000000d6600000)
  to   space 2560K, 0% used [0x00000000d6900000,0x00000000d6900000,0x00000000d6b80000)
 ParOldGen       total 68608K, used 40427K [0x0000000080000000, 0x0000000084300000, 0x00000000d5580000)
  object space 68608K, 58% used [0x0000000080000000,0x000000008277ae50,0x0000000084300000)
 Metaspace       used 50540K, committed 51648K, reserved 1114112K
  class space    used 5503K, committed 6016K, reserved 1048576K
}
Event: 5.891 GC heap after
{Heap after GC invocations=30 (full 2):
 PSYoungGen      total 16384K, used 416K [0x00000000d5580000, 0x00000000d6980000, 0x0000000100000000)
  eden space 15872K, 0% used [0x00000000d5580000,0x00000000d5580000,0x00000000d6500000)
  from space 512K, 81% used [0x00000000d6900000,0x00000000d6968000,0x00000000d6980000)
  to   space 1024K, 0% used [0x00000000d6780000,0x00000000d6780000,0x00000000d6880000)
 ParOldGen       total 68608K, used 41054K [0x0000000080000000, 0x0000000084300000, 0x00000000d5580000)
  object space 68608K, 59% used [0x0000000080000000,0x0000000082817a58,0x0000000084300000)
 Metaspace       used 50540K, committed 51648K, reserved 1114112K
  class space    used 5503K, committed 6016K, reserved 1048576K
}
Event: 6.023 GC heap before
{Heap before GC invocations=31 (full 2):
 PSYoungGen      total 16384K, used 16270K [0x00000000d5580000, 0x00000000d6980000, 0x0000000100000000)
  eden space 15872K, 99% used [0x00000000d5580000,0x00000000d64fbb60,0x00000000d6500000)
  from space 512K, 81% used [0x00000000d6900000,0x00000000d6968000,0x00000000d6980000)
  to   space 1024K, 0% used [0x00000000d6780000,0x00000000d6780000,0x00000000d6880000)
 ParOldGen       total 68608K, used 41054K [0x0000000080000000, 0x0000000084300000, 0x00000000d5580000)
  object space 68608K, 59% used [0x0000000080000000,0x0000000082817a58,0x0000000084300000)
 Metaspace       used 51364K, committed 52608K, reserved 1114112K
  class space    used 5576K, committed 6144K, reserved 1048576K
}
Event: 6.024 GC heap after
{Heap after GC invocations=31 (full 2):
 PSYoungGen      total 16896K, used 1020K [0x00000000d5580000, 0x00000000d6980000, 0x0000000100000000)
  eden space 15872K, 0% used [0x00000000d5580000,0x00000000d5580000,0x00000000d6500000)
  from space 1024K, 99% used [0x00000000d6780000,0x00000000d687f228,0x00000000d6880000)
  to   space 1024K, 0% used [0x00000000d6880000,0x00000000d6880000,0x00000000d6980000)
 ParOldGen       total 68608K, used 41329K [0x0000000080000000, 0x0000000084300000, 0x00000000d5580000)
  object space 68608K, 60% used [0x0000000080000000,0x000000008285c6b8,0x0000000084300000)
 Metaspace       used 51364K, committed 52608K, reserved 1114112K
  class space    used 5576K, committed 6144K, reserved 1048576K
}
Event: 6.061 GC heap before
{Heap before GC invocations=32 (full 2):
 PSYoungGen      total 16896K, used 16892K [0x00000000d5580000, 0x00000000d6980000, 0x0000000100000000)
  eden space 15872K, 100% used [0x00000000d5580000,0x00000000d6500000,0x00000000d6500000)
  from space 1024K, 99% used [0x00000000d6780000,0x00000000d687f228,0x00000000d6880000)
  to   space 1024K, 0% used [0x00000000d6880000,0x00000000d6880000,0x00000000d6980000)
 ParOldGen       total 68608K, used 41329K [0x0000000080000000, 0x0000000084300000, 0x00000000d5580000)
  object space 68608K, 60% used [0x0000000080000000,0x000000008285c6b8,0x0000000084300000)
 Metaspace       used 51382K, committed 52608K, reserved 1114112K
  class space    used 5576K, committed 6144K, reserved 1048576K
}
Event: 6.062 GC heap after
{Heap after GC invocations=32 (full 2):
 PSYoungGen      total 16896K, used 1009K [0x00000000d5580000, 0x00000000d6980000, 0x0000000100000000)
  eden space 15872K, 0% used [0x00000000d5580000,0x00000000d5580000,0x00000000d6500000)
  from space 1024K, 98% used [0x00000000d6880000,0x00000000d697c410,0x00000000d6980000)
  to   space 2048K, 0% used [0x00000000d6580000,0x00000000d6580000,0x00000000d6780000)
 ParOldGen       total 68608K, used 42118K [0x0000000080000000, 0x0000000084300000, 0x00000000d5580000)
  object space 68608K, 61% used [0x0000000080000000,0x0000000082921920,0x0000000084300000)
 Metaspace       used 51382K, committed 52608K, reserved 1114112K
  class space    used 5576K, committed 6144K, reserved 1048576K
}
Event: 6.111 GC heap before
{Heap before GC invocations=33 (full 2):
 PSYoungGen      total 16896K, used 16878K [0x00000000d5580000, 0x00000000d6980000, 0x0000000100000000)
  eden space 15872K, 99% used [0x00000000d5580000,0x00000000d64ff710,0x00000000d6500000)
  from space 1024K, 98% used [0x00000000d6880000,0x00000000d697c410,0x00000000d6980000)
  to   space 2048K, 0% used [0x00000000d6580000,0x00000000d6580000,0x00000000d6780000)
 ParOldGen       total 68608K, used 42118K [0x0000000080000000, 0x0000000084300000, 0x00000000d5580000)
  object space 68608K, 61% used [0x0000000080000000,0x0000000082921920,0x0000000084300000)
 Metaspace       used 52221K, committed 53440K, reserved 1114112K
  class space    used 5655K, committed 6208K, reserved 1048576K
}
Event: 6.111 GC heap after
{Heap after GC invocations=33 (full 2):
 PSYoungGen      total 17920K, used 288K [0x00000000d5580000, 0x00000000d6900000, 0x0000000100000000)
  eden space 15872K, 0% used [0x00000000d5580000,0x00000000d5580000,0x00000000d6500000)
  from space 2048K, 14% used [0x00000000d6580000,0x00000000d65c8000,0x00000000d6780000)
  to   space 1024K, 0% used [0x00000000d6800000,0x00000000d6800000,0x00000000d6900000)
 ParOldGen       total 68608K, used 42222K [0x0000000080000000, 0x0000000084300000, 0x00000000d5580000)
  object space 68608K, 61% used [0x0000000080000000,0x000000008293b920,0x0000000084300000)
 Metaspace       used 52221K, committed 53440K, reserved 1114112K
  class space    used 5655K, committed 6208K, reserved 1048576K
}
Event: 6.441 GC heap before
{Heap before GC invocations=34 (full 2):
 PSYoungGen      total 17920K, used 16160K [0x00000000d5580000, 0x00000000d6900000, 0x0000000100000000)
  eden space 15872K, 100% used [0x00000000d5580000,0x00000000d6500000,0x00000000d6500000)
  from space 2048K, 14% used [0x00000000d6580000,0x00000000d65c8000,0x00000000d6780000)
  to   space 1024K, 0% used [0x00000000d6800000,0x00000000d6800000,0x00000000d6900000)
 ParOldGen       total 68608K, used 42222K [0x0000000080000000, 0x0000000084300000, 0x00000000d5580000)
  object space 68608K, 61% used [0x0000000080000000,0x000000008293b920,0x0000000084300000)
 Metaspace       used 54328K, committed 55488K, reserved 1114112K
  class space    used 5853K, committed 6336K, reserved 1048576K
}
Event: 6.442 GC heap after
{Heap after GC invocations=34 (full 2):
 PSYoungGen      total 16896K, used 648K [0x00000000d5580000, 0x00000000d6900000, 0x0000000100000000)
  eden space 15872K, 0% used [0x00000000d5580000,0x00000000d5580000,0x00000000d6500000)
  from space 1024K, 63% used [0x00000000d6800000,0x00000000d68a21e8,0x00000000d6900000)
  to   space 1024K, 0% used [0x00000000d6700000,0x00000000d6700000,0x00000000d6800000)
 ParOldGen       total 68608K, used 42302K [0x0000000080000000, 0x0000000084300000, 0x00000000d5580000)
  object space 68608K, 61% used [0x0000000080000000,0x000000008294f920,0x0000000084300000)
 Metaspace       used 54328K, committed 55488K, reserved 1114112K
  class space    used 5853K, committed 6336K, reserved 1048576K
}
Event: 6.706 GC heap before
{Heap before GC invocations=35 (full 2):
 PSYoungGen      total 16896K, used 16512K [0x00000000d5580000, 0x00000000d6900000, 0x0000000100000000)
  eden space 15872K, 99% used [0x00000000d5580000,0x00000000d64fdf90,0x00000000d6500000)
  from space 1024K, 63% used [0x00000000d6800000,0x00000000d68a21e8,0x00000000d6900000)
  to   space 1024K, 0% used [0x00000000d6700000,0x00000000d6700000,0x00000000d6800000)
 ParOldGen       total 68608K, used 42302K [0x0000000080000000, 0x0000000084300000, 0x00000000d5580000)
  object space 68608K, 61% used [0x0000000080000000,0x000000008294f920,0x0000000084300000)
 Metaspace       used 56482K, committed 57664K, reserved 1114112K
  class space    used 6095K, committed 6592K, reserved 1048576K
}
Event: 6.708 GC heap after
{Heap after GC invocations=35 (full 2):
 PSYoungGen      total 16896K, used 1011K [0x00000000d5580000, 0x00000000d6900000, 0x0000000100000000)
  eden space 15872K, 0% used [0x00000000d5580000,0x00000000d5580000,0x00000000d6500000)
  from space 1024K, 98% used [0x00000000d6700000,0x00000000d67fcc58,0x00000000d6800000)
  to   space 1024K, 0% used [0x00000000d6800000,0x00000000d6800000,0x00000000d6900000)
 ParOldGen       total 68608K, used 43029K [0x0000000080000000, 0x0000000084300000, 0x00000000d5580000)
  object space 68608K, 62% used [0x0000000080000000,0x0000000082a054c8,0x0000000084300000)
 Metaspace       used 56482K, committed 57664K, reserved 1114112K
  class space    used 6095K, committed 6592K, reserved 1048576K
}

Dll operation events (10 events):
Event: 0.011 Loaded shared library c:\Users\hp\.vscode\extensions\redhat.java-1.47.0-win32-x64\jre\21.0.8-win32-x86_64\bin\java.dll
Event: 0.058 Loaded shared library c:\Users\hp\.vscode\extensions\redhat.java-1.47.0-win32-x64\jre\21.0.8-win32-x86_64\bin\zip.dll
Event: 0.074 Loaded shared library C:\Users\hp\.vscode\extensions\redhat.java-1.47.0-win32-x64\jre\21.0.8-win32-x86_64\bin\instrument.dll
Event: 0.078 Loaded shared library C:\Users\hp\.vscode\extensions\redhat.java-1.47.0-win32-x64\jre\21.0.8-win32-x86_64\bin\net.dll
Event: 0.081 Loaded shared library C:\Users\hp\.vscode\extensions\redhat.java-1.47.0-win32-x64\jre\21.0.8-win32-x86_64\bin\nio.dll
Event: 0.084 Loaded shared library C:\Users\hp\.vscode\extensions\redhat.java-1.47.0-win32-x64\jre\21.0.8-win32-x86_64\bin\zip.dll
Event: 0.096 Loaded shared library C:\Users\hp\.vscode\extensions\redhat.java-1.47.0-win32-x64\jre\21.0.8-win32-x86_64\bin\jimage.dll
Event: 0.156 Loaded shared library c:\Users\hp\.vscode\extensions\redhat.java-1.47.0-win32-x64\jre\21.0.8-win32-x86_64\bin\verify.dll
Event: 0.968 Loaded shared library C:\Users\hp\AppData\Roaming\Code\User\globalStorage\redhat.java\1.47.0\config_win\org.eclipse.equinox.launcher\org.eclipse.equinox.launcher.win32.win32.x86_64_1.2.1400.v20250801-0854\eclipse_11916.dll
Event: 1.949 Loaded shared library E:\Temp\jna-3336\jna1613684829554437805.dll

Deoptimization events (20 events):
Event: 6.831 Thread 0x00000254fc05c880 DEOPT PACKING pc=0x00000254a0cdcdbe sp=0x00000070ea9fe060
Event: 6.831 Thread 0x00000254fc05c880 DEOPT UNPACKING pc=0x00000254a7c94242 sp=0x00000070ea9fd5a0 mode 0
Event: 6.835 Thread 0x00000254fe7efba0 Uncommon trap: trap_request=0xffffff45 fr.pc=0x00000254a84a4da0 relative=0x0000000000000920
Event: 6.836 Thread 0x00000254fe7efba0 Uncommon trap: reason=unstable_if action=reinterpret pc=0x00000254a84a4da0 method=org.eclipse.jdt.internal.core.index.DiskIndex.readStreamChars(Ljava/io/InputStream;)[C @ 1 c2
Event: 6.836 Thread 0x00000254fe7efba0 DEOPT PACKING pc=0x00000254a84a4da0 sp=0x00000070ebdfe860
Event: 6.836 Thread 0x00000254fe7efba0 DEOPT UNPACKING pc=0x00000254a7c93aa2 sp=0x00000070ebdfe7d8 mode 2
Event: 6.837 Thread 0x00000254fe7f0230 Uncommon trap: trap_request=0xffffff6e fr.pc=0x00000254a82fe098 relative=0x0000000000000178
Event: 6.837 Thread 0x00000254fe7f0230 Uncommon trap: reason=loop_limit_check action=maybe_recompile pc=0x00000254a82fe098 method=java.lang.StringLatin1.lastIndexOf([BII)I @ 19 c2
Event: 6.837 Thread 0x00000254fe7f0230 DEOPT PACKING pc=0x00000254a82fe098 sp=0x00000070ebefe7b0
Event: 6.837 Thread 0x00000254fe7f0230 DEOPT UNPACKING pc=0x00000254a7c93aa2 sp=0x00000070ebefe668 mode 2
Event: 6.845 Thread 0x00000254fc05c880 Uncommon trap: trap_request=0xffffff45 fr.pc=0x00000254a861a47c relative=0x0000000000001f5c
Event: 6.845 Thread 0x00000254fc05c880 Uncommon trap: reason=unstable_if action=reinterpret pc=0x00000254a861a47c method=java.lang.String.split(CIZ)[Ljava/lang/String; @ 137 c2
Event: 6.845 Thread 0x00000254fc05c880 DEOPT PACKING pc=0x00000254a861a47c sp=0x00000070ea9fe580
Event: 6.845 Thread 0x00000254fc05c880 DEOPT UNPACKING pc=0x00000254a7c93aa2 sp=0x00000070ea9fe540 mode 2
Event: 6.870 Thread 0x00000254fe7f0230 DEOPT PACKING pc=0x00000254a11a3520 sp=0x00000070ebefe3b0
Event: 6.870 Thread 0x00000254fe7f0230 DEOPT UNPACKING pc=0x00000254a7c94242 sp=0x00000070ebefd8b8 mode 3
Event: 6.870 Thread 0x00000254fe7f0230 Uncommon trap: trap_request=0xffffff45 fr.pc=0x00000254a861da58 relative=0x0000000000000bd8
Event: 6.870 Thread 0x00000254fe7f0230 Uncommon trap: reason=unstable_if action=reinterpret pc=0x00000254a861da58 method=java.util.concurrent.ConcurrentHashMap.putVal(Ljava/lang/Object;Ljava/lang/Object;Z)Ljava/lang/Object; @ 245 c2
Event: 6.870 Thread 0x00000254fe7f0230 DEOPT PACKING pc=0x00000254a861da58 sp=0x00000070ebefe5b0
Event: 6.870 Thread 0x00000254fe7f0230 DEOPT UNPACKING pc=0x00000254a7c93aa2 sp=0x00000070ebefe548 mode 2

Classes loaded (20 events):
Event: 6.459 Loading class java/nio/charset/CharacterCodingException
Event: 6.459 Loading class java/nio/charset/CharacterCodingException done
Event: 6.459 Loading class java/io/SequenceInputStream
Event: 6.459 Loading class java/io/SequenceInputStream done
Event: 6.486 Loading class java/util/WeakHashMap$KeyIterator
Event: 6.486 Loading class java/util/WeakHashMap$KeyIterator done
Event: 6.544 Loading class java/util/stream/ReduceOps$4
Event: 6.544 Loading class java/util/stream/ReduceOps$4 done
Event: 6.545 Loading class java/util/stream/ReduceOps$4ReducingSink
Event: 6.545 Loading class java/util/stream/ReduceOps$4ReducingSink done
Event: 6.822 Loading class java/util/concurrent/CompletableFuture$UniApply
Event: 6.822 Loading class java/util/concurrent/CompletableFuture$UniCompletion
Event: 6.822 Loading class java/util/concurrent/CompletableFuture$UniCompletion done
Event: 6.822 Loading class java/util/concurrent/CompletableFuture$UniApply done
Event: 6.823 Loading class java/util/concurrent/CompletableFuture$UniAccept
Event: 6.824 Loading class java/util/concurrent/CompletableFuture$UniAccept done
Event: 6.824 Loading class java/util/concurrent/CompletableFuture$UniExceptionally
Event: 6.824 Loading class java/util/concurrent/CompletableFuture$UniExceptionally done
Event: 6.837 Loading class java/util/Hashtable$KeySet
Event: 6.837 Loading class java/util/Hashtable$KeySet done

Classes unloaded (7 events):
Event: 2.331 Thread 0x000002549b0613e0 Unloading class 0x00000254b51aec00 'java/lang/invoke/LambdaForm$MH+0x00000254b51aec00'
Event: 2.331 Thread 0x000002549b0613e0 Unloading class 0x00000254b51ae800 'java/lang/invoke/LambdaForm$MH+0x00000254b51ae800'
Event: 2.331 Thread 0x000002549b0613e0 Unloading class 0x00000254b51ae400 'java/lang/invoke/LambdaForm$MH+0x00000254b51ae400'
Event: 2.331 Thread 0x000002549b0613e0 Unloading class 0x00000254b51ae000 'java/lang/invoke/LambdaForm$MH+0x00000254b51ae000'
Event: 2.331 Thread 0x000002549b0613e0 Unloading class 0x00000254b51adc00 'java/lang/invoke/LambdaForm$BMH+0x00000254b51adc00'
Event: 2.331 Thread 0x000002549b0613e0 Unloading class 0x00000254b51ad800 'java/lang/invoke/LambdaForm$DMH+0x00000254b51ad800'
Event: 2.331 Thread 0x000002549b0613e0 Unloading class 0x00000254b51ac400 'java/lang/invoke/LambdaForm$DMH+0x00000254b51ac400'

Classes redefined (0 events):
No events

Internal exceptions (20 events):
Event: 6.838 Thread 0x00000254fc05c880 Exception <a 'java/io/FileNotFoundException'{0x00000000d6003848}> (0x00000000d6003848) 
thrown [s\src\hotspot\share\prims\jni.cpp, line 520]
Event: 6.838 Thread 0x00000254fc05c880 Exception <a 'java/io/FileNotFoundException'{0x00000000d6004588}> (0x00000000d6004588) 
thrown [s\src\hotspot\share\prims\jni.cpp, line 520]
Event: 6.857 Thread 0x00000254fe7f0230 Exception <a 'sun/nio/fs/WindowsException'{0x00000000d611e638}> (0x00000000d611e638) 
thrown [s\src\hotspot\share\prims\jni.cpp, line 520]
Event: 6.857 Thread 0x00000254fe7f0230 Exception <a 'sun/nio/fs/WindowsException'{0x00000000d611edf0}> (0x00000000d611edf0) 
thrown [s\src\hotspot\share\prims\jni.cpp, line 520]
Event: 6.857 Thread 0x00000254fe7f0230 Exception <a 'sun/nio/fs/WindowsException'{0x00000000d611fd38}> (0x00000000d611fd38) 
thrown [s\src\hotspot\share\prims\jni.cpp, line 520]
Event: 6.857 Thread 0x00000254fe7f0230 Exception <a 'sun/nio/fs/WindowsException'{0x00000000d61204d0}> (0x00000000d61204d0) 
thrown [s\src\hotspot\share\prims\jni.cpp, line 520]
Event: 6.859 Thread 0x00000254fe7f0230 Exception <a 'java/io/FileNotFoundException'{0x00000000d6137d48}> (0x00000000d6137d48) 
thrown [s\src\hotspot\share\prims\jni.cpp, line 520]
Event: 6.859 Thread 0x00000254fe7f0230 Exception <a 'java/io/FileNotFoundException'{0x00000000d6138d58}> (0x00000000d6138d58) 
thrown [s\src\hotspot\share\prims\jni.cpp, line 520]
Event: 6.863 Thread 0x00000254fe7f0230 Exception <a 'sun/nio/fs/WindowsException'{0x00000000d616c270}> (0x00000000d616c270) 
thrown [s\src\hotspot\share\prims\jni.cpp, line 520]
Event: 6.863 Thread 0x00000254fe7f0230 Exception <a 'sun/nio/fs/WindowsException'{0x00000000d616ca08}> (0x00000000d616ca08) 
thrown [s\src\hotspot\share\prims\jni.cpp, line 520]
Event: 6.863 Thread 0x00000254fe7f0230 Exception <a 'sun/nio/fs/WindowsException'{0x00000000d616d9e8}> (0x00000000d616d9e8) 
thrown [s\src\hotspot\share\prims\jni.cpp, line 520]
Event: 6.864 Thread 0x00000254fe7f0230 Exception <a 'sun/nio/fs/WindowsException'{0x00000000d616ded0}> (0x00000000d616ded0) 
thrown [s\src\hotspot\share\prims\jni.cpp, line 520]
Event: 6.867 Thread 0x00000254fc05c880 Exception <a 'sun/nio/fs/WindowsException'{0x00000000d60dfaa0}> (0x00000000d60dfaa0) 
thrown [s\src\hotspot\share\prims\jni.cpp, line 520]
Event: 6.867 Thread 0x00000254fc05c880 Exception <a 'sun/nio/fs/WindowsException'{0x00000000d60dff88}> (0x00000000d60dff88) 
thrown [s\src\hotspot\share\prims\jni.cpp, line 520]
Event: 6.868 Thread 0x00000254fc05c880 Exception <a 'sun/nio/fs/WindowsException'{0x00000000d60e09d8}> (0x00000000d60e09d8) 
thrown [s\src\hotspot\share\prims\jni.cpp, line 520]
Event: 6.868 Thread 0x00000254fc05c880 Exception <a 'sun/nio/fs/WindowsException'{0x00000000d60e0ec0}> (0x00000000d60e0ec0) 
thrown [s\src\hotspot\share\prims\jni.cpp, line 520]
Event: 6.868 Thread 0x00000254fc05c880 Exception <a 'sun/nio/fs/WindowsException'{0x00000000d60e2018}> (0x00000000d60e2018) 
thrown [s\src\hotspot\share\prims\jni.cpp, line 520]
Event: 6.868 Thread 0x00000254fc05c880 Exception <a 'sun/nio/fs/WindowsException'{0x00000000d60e2500}> (0x00000000d60e2500) 
thrown [s\src\hotspot\share\prims\jni.cpp, line 520]
Event: 6.869 Thread 0x00000254fc05c880 Exception <a 'sun/nio/fs/WindowsException'{0x00000000d60e2f28}> (0x00000000d60e2f28) 
thrown [s\src\hotspot\share\prims\jni.cpp, line 520]
Event: 6.869 Thread 0x00000254fc05c880 Exception <a 'sun/nio/fs/WindowsException'{0x00000000d60e3410}> (0x00000000d60e3410) 
thrown [s\src\hotspot\share\prims\jni.cpp, line 520]

ZGC Phase Switch (0 events):
No events

VM Operations (20 events):
Event: 6.061 Executing VM operation: ParallelGCFailedAllocation (Allocation Failure)
Event: 6.062 Executing VM operation: ParallelGCFailedAllocation (Allocation Failure) done
Event: 6.111 Executing VM operation: ParallelGCFailedAllocation (Allocation Failure)
Event: 6.111 Executing VM operation: ParallelGCFailedAllocation (Allocation Failure) done
Event: 6.259 Executing VM operation: HandshakeAllThreads (Deoptimize)
Event: 6.259 Executing VM operation: HandshakeAllThreads (Deoptimize) done
Event: 6.261 Executing VM operation: HandshakeAllThreads (Deoptimize)
Event: 6.261 Executing VM operation: HandshakeAllThreads (Deoptimize) done
Event: 6.271 Executing VM operation: HandshakeAllThreads (Deoptimize)
Event: 6.271 Executing VM operation: HandshakeAllThreads (Deoptimize) done
Event: 6.357 Executing VM operation: HandshakeAllThreads (Deoptimize)
Event: 6.357 Executing VM operation: HandshakeAllThreads (Deoptimize) done
Event: 6.441 Executing VM operation: ParallelGCFailedAllocation (Allocation Failure)
Event: 6.442 Executing VM operation: ParallelGCFailedAllocation (Allocation Failure) done
Event: 6.550 Executing VM operation: HandshakeAllThreads (Deoptimize)
Event: 6.550 Executing VM operation: HandshakeAllThreads (Deoptimize) done
Event: 6.706 Executing VM operation: ParallelGCFailedAllocation (Allocation Failure)
Event: 6.708 Executing VM operation: ParallelGCFailedAllocation (Allocation Failure) done
Event: 6.870 Executing VM operation: HandshakeAllThreads (Deoptimize)
Event: 6.870 Executing VM operation: HandshakeAllThreads (Deoptimize) done

Memory protections (0 events):
No events

Nmethod flushes (20 events):
Event: 3.268 Thread 0x000002549b0613e0 flushing  nmethod 0x00000254a0d2d510
Event: 3.268 Thread 0x000002549b0613e0 flushing  nmethod 0x00000254a0d2de10
Event: 3.268 Thread 0x000002549b0613e0 flushing  nmethod 0x00000254a0d2f010
Event: 3.268 Thread 0x000002549b0613e0 flushing  nmethod 0x00000254a0d2f810
Event: 3.268 Thread 0x000002549b0613e0 flushing  nmethod 0x00000254a0d2ff90
Event: 3.268 Thread 0x000002549b0613e0 flushing  nmethod 0x00000254a0d30910
Event: 3.268 Thread 0x000002549b0613e0 flushing  nmethod 0x00000254a0d32090
Event: 3.268 Thread 0x000002549b0613e0 flushing  nmethod 0x00000254a0d32590
Event: 3.268 Thread 0x000002549b0613e0 flushing  nmethod 0x00000254a0d33290
Event: 3.268 Thread 0x000002549b0613e0 flushing  nmethod 0x00000254a0d33690
Event: 3.268 Thread 0x000002549b0613e0 flushing  nmethod 0x00000254a0d34310
Event: 3.268 Thread 0x000002549b0613e0 flushing  nmethod 0x00000254a0d34810
Event: 3.268 Thread 0x000002549b0613e0 flushing  nmethod 0x00000254a0d35690
Event: 3.268 Thread 0x000002549b0613e0 flushing  nmethod 0x00000254a0d35990
Event: 3.268 Thread 0x000002549b0613e0 flushing  nmethod 0x00000254a0d3e990
Event: 3.268 Thread 0x000002549b0613e0 flushing  nmethod 0x00000254a0d55710
Event: 3.268 Thread 0x000002549b0613e0 flushing  nmethod 0x00000254a0d61c90
Event: 3.268 Thread 0x000002549b0613e0 flushing  nmethod 0x00000254a0d6b610
Event: 3.268 Thread 0x000002549b0613e0 flushing  nmethod 0x00000254a0d6ea10
Event: 3.268 Thread 0x000002549b0613e0 flushing  nmethod 0x00000254a0d76c10

Events (20 events):
Event: 3.054 Thread 0x000002549b0953f0 Thread added: 0x00000254fc05d5a0
Event: 3.055 Thread 0x000002549b0953f0 Thread added: 0x00000254fc05ae40
Event: 3.055 Thread 0x000002549b0953f0 Thread added: 0x00000254fc05dc30
Event: 3.055 Thread 0x000002549b0953f0 Thread added: 0x00000254fc05b4d0
Event: 3.055 Thread 0x000002549b0953f0 Thread added: 0x00000254fc060390
Event: 3.056 Thread 0x000002549b0953f0 Thread added: 0x00000254fc05e950
Event: 3.056 Thread 0x000002549b0953f0 Thread added: 0x00000254fc05f670
Event: 3.056 Thread 0x000002549b0953f0 Thread added: 0x00000254fc05efe0
Event: 3.056 Thread 0x000002549b0953f0 Thread added: 0x00000254fc05fd00
Event: 3.057 Thread 0x000002549b0953f0 Thread added: 0x00000254fe7edad0
Event: 3.057 Thread 0x000002549b0953f0 Thread added: 0x00000254fe7ee160
Event: 3.057 Thread 0x000002549b0953f0 Thread added: 0x00000254fe7eace0
Event: 3.058 Thread 0x000002549b0953f0 Thread added: 0x00000254fe7ee7f0
Event: 3.087 Thread 0x000002549b0953f0 Thread added: 0x00000254fe7ed440
Event: 3.245 Thread 0x000002549b0953f0 Thread added: 0x00000254fe7ec720
Event: 3.246 Thread 0x000002549b0953f0 Thread added: 0x00000254fe7eb370
Event: 3.559 Thread 0x00000254fc059a90 Thread added: 0x00000254fe7eee80
Event: 4.554 Thread 0x00000254fc058d70 Thread added: 0x00000254fe7ec090
Event: 4.554 Thread 0x00000254fe7ec090 Thread added: 0x00000254fe7efba0
Event: 4.555 Thread 0x00000254fe7efba0 Thread added: 0x00000254fe7f0230


Dynamic libraries:
0x00007ff756130000 - 0x00007ff75613e000 	c:\Users\hp\.vscode\extensions\redhat.java-1.47.0-win32-x64\jre\21.0.8-win32-x86_64\bin\java.exe
0x00007ff89b8a0000 - 0x00007ff89bb08000 	C:\WINDOWS\SYSTEM32\ntdll.dll
0x00007ff89a9e0000 - 0x00007ff89aaa9000 	C:\WINDOWS\System32\KERNEL32.DLL
0x00007ff8990f0000 - 0x00007ff8994e2000 	C:\WINDOWS\System32\KERNELBASE.dll
0x00007ff898bb0000 - 0x00007ff898cfb000 	C:\WINDOWS\System32\ucrtbase.dll
0x00007ff8791e0000 - 0x00007ff8791fe000 	c:\Users\hp\.vscode\extensions\redhat.java-1.47.0-win32-x64\jre\21.0.8-win32-x86_64\bin\VCRUNTIME140.dll
0x00007ff879110000 - 0x00007ff879128000 	c:\Users\hp\.vscode\extensions\redhat.java-1.47.0-win32-x64\jre\21.0.8-win32-x86_64\bin\jli.dll
0x00007ff89a140000 - 0x00007ff89a305000 	C:\WINDOWS\System32\USER32.dll
0x00007ff898b80000 - 0x00007ff898ba7000 	C:\WINDOWS\System32\win32u.dll
0x00007ff89a110000 - 0x00007ff89a13b000 	C:\WINDOWS\System32\GDI32.dll
0x00007ff898e50000 - 0x00007ff898f7d000 	C:\WINDOWS\System32\gdi32full.dll
0x00007ff8801b0000 - 0x00007ff880443000 	C:\WINDOWS\WinSxS\amd64_microsoft.windows.common-controls_6595b64144ccf1df_6.0.26100.6899_none_3e0efeeae32e88c1\COMCTL32.dll
0x00007ff898a30000 - 0x00007ff898ad3000 	C:\WINDOWS\System32\msvcp_win.dll
0x00007ff89a410000 - 0x00007ff89a4b9000 	C:\WINDOWS\System32\msvcrt.dll
0x00007ff899f70000 - 0x00007ff899f9f000 	C:\WINDOWS\System32\IMM32.DLL
0x0000000050fd0000 - 0x0000000050fdc000 	C:\Program Files (x86)\360\Total Security\safemon\SafeWrapper.dll
0x00007ff8997e0000 - 0x00007ff899894000 	C:\WINDOWS\System32\ADVAPI32.dll
0x00007ff89a520000 - 0x00007ff89a5c6000 	C:\WINDOWS\System32\sechost.dll
0x00007ff8996c0000 - 0x00007ff8997d8000 	C:\WINDOWS\System32\RPCRT4.dll
0x00007ff861ef0000 - 0x00007ff861f9c000 	C:\Program Files (x86)\360\Total Security\safemon\libzdtp64.dll
0x00007ff89ab80000 - 0x00007ff89b2cd000 	C:\WINDOWS\System32\SHELL32.dll
0x00007ff898f80000 - 0x00007ff8990eb000 	C:\WINDOWS\System32\wintypes.dll
0x00007ff89a660000 - 0x00007ff89a9db000 	C:\WINDOWS\System32\combase.dll
0x00007ff89b3c0000 - 0x00007ff89b422000 	C:\WINDOWS\System32\SHLWAPI.dll
0x00007ff898520000 - 0x00007ff89852b000 	C:\WINDOWS\SYSTEM32\VERSION.dll
0x00007ff8832b0000 - 0x00007ff8832bc000 	c:\Users\hp\.vscode\extensions\redhat.java-1.47.0-win32-x64\jre\21.0.8-win32-x86_64\bin\vcruntime140_1.dll
0x00007ff8120c0000 - 0x00007ff81214d000 	c:\Users\hp\.vscode\extensions\redhat.java-1.47.0-win32-x64\jre\21.0.8-win32-x86_64\bin\msvcp140.dll
0x00007ffff9bc0000 - 0x00007ffffa957000 	c:\Users\hp\.vscode\extensions\redhat.java-1.47.0-win32-x64\jre\21.0.8-win32-x86_64\bin\server\jvm.dll
0x00007ff899ef0000 - 0x00007ff899f64000 	C:\WINDOWS\System32\WS2_32.dll
0x00007ff8911c0000 - 0x00007ff8911f5000 	C:\WINDOWS\SYSTEM32\WINMM.dll
0x00007ff898890000 - 0x00007ff8988ee000 	C:\WINDOWS\SYSTEM32\POWRPROF.dll
0x00007ff898870000 - 0x00007ff898884000 	C:\WINDOWS\SYSTEM32\UMPDC.dll
0x00007ff897750000 - 0x00007ff89776b000 	C:\WINDOWS\SYSTEM32\kernel.appcore.dll
0x00007ff880cb0000 - 0x00007ff880cba000 	c:\Users\hp\.vscode\extensions\redhat.java-1.47.0-win32-x64\jre\21.0.8-win32-x86_64\bin\jimage.dll
0x00007ff8957a0000 - 0x00007ff8959e2000 	C:\WINDOWS\SYSTEM32\DBGHELP.DLL
0x00007ff89b2d0000 - 0x00007ff89b3a7000 	C:\WINDOWS\System32\OLEAUT32.dll
0x00007ff879610000 - 0x00007ff87964c000 	C:\WINDOWS\SYSTEM32\dbgcore.DLL
0x00007ff898ae0000 - 0x00007ff898b78000 	C:\WINDOWS\System32\bcryptPrimitives.dll
0x00007ff880c70000 - 0x00007ff880c7f000 	c:\Users\hp\.vscode\extensions\redhat.java-1.47.0-win32-x64\jre\21.0.8-win32-x86_64\bin\instrument.dll
0x00007ff8729d0000 - 0x00007ff8729ef000 	c:\Users\hp\.vscode\extensions\redhat.java-1.47.0-win32-x64\jre\21.0.8-win32-x86_64\bin\java.dll
0x00007ff8965d0000 - 0x00007ff896e2d000 	C:\WINDOWS\SYSTEM32\windows.storage.dll
0x00007ff89b430000 - 0x00007ff89b522000 	C:\WINDOWS\System32\SHCORE.dll
0x00007ff898950000 - 0x00007ff898979000 	C:\WINDOWS\SYSTEM32\profapi.dll
0x00007ff872740000 - 0x00007ff872758000 	c:\Users\hp\.vscode\extensions\redhat.java-1.47.0-win32-x64\jre\21.0.8-win32-x86_64\bin\zip.dll
0x00007ff880b90000 - 0x00007ff880ba0000 	C:\Users\hp\.vscode\extensions\redhat.java-1.47.0-win32-x64\jre\21.0.8-win32-x86_64\bin\net.dll
0x00007ff892610000 - 0x00007ff89272f000 	C:\WINDOWS\SYSTEM32\WINHTTP.dll
0x00007ff897ca0000 - 0x00007ff897d0b000 	C:\WINDOWS\system32\mswsock.dll
0x00007ff872640000 - 0x00007ff872656000 	C:\Users\hp\.vscode\extensions\redhat.java-1.47.0-win32-x64\jre\21.0.8-win32-x86_64\bin\nio.dll
0x00007ff880b20000 - 0x00007ff880b30000 	c:\Users\hp\.vscode\extensions\redhat.java-1.47.0-win32-x64\jre\21.0.8-win32-x86_64\bin\verify.dll
0x00007ff86f8c0000 - 0x00007ff86f904000 	C:\Users\hp\AppData\Roaming\Code\User\globalStorage\redhat.java\1.47.0\config_win\org.eclipse.equinox.launcher\org.eclipse.equinox.launcher.win32.win32.x86_64_1.2.1400.v20250801-0854\eclipse_11916.dll
0x00007ff899d40000 - 0x00007ff899ed8000 	C:\WINDOWS\System32\ole32.dll
0x00007ff898080000 - 0x00007ff89809b000 	C:\WINDOWS\SYSTEM32\CRYPTSP.dll
0x00007ff8976b0000 - 0x00007ff8976eb000 	C:\WINDOWS\system32\rsaenh.dll
0x00007ff897d40000 - 0x00007ff897d6b000 	C:\WINDOWS\SYSTEM32\USERENV.dll
0x00007ff898920000 - 0x00007ff898946000 	C:\WINDOWS\SYSTEM32\bcrypt.dll
0x00007ff897ee0000 - 0x00007ff897eec000 	C:\WINDOWS\SYSTEM32\CRYPTBASE.dll
0x00007ff897150000 - 0x00007ff897184000 	C:\WINDOWS\SYSTEM32\IPHLPAPI.DLL
0x00007ff899ee0000 - 0x00007ff899eea000 	C:\WINDOWS\System32\NSI.dll
0x00007ff860400000 - 0x00007ff860449000 	E:\Temp\jna-3336\jna1613684829554437805.dll
0x00007ff89b3b0000 - 0x00007ff89b3b8000 	C:\WINDOWS\System32\PSAPI.DLL
0x00007ff892a60000 - 0x00007ff892a7e000 	C:\WINDOWS\SYSTEM32\dhcpcsvc6.DLL
0x00007ff892a10000 - 0x00007ff892a33000 	C:\WINDOWS\SYSTEM32\dhcpcsvc.DLL

JVMTI agents:
c:\Users\hp\.vscode\extensions\redhat.java-1.47.0-win32-x64\lombok\lombok-1.18.39-4050.jar path:c:\Users\hp\.vscode\extensions\redhat.java-1.47.0-win32-x64\jre\21.0.8-win32-x86_64\bin\instrument.dll, loaded, initialized, instrumentlib options:none

dbghelp: loaded successfully - version: 4.0.5 - missing functions: none
symbol engine: initialized successfully - sym options: 0x614 - pdb path: .;c:\Users\hp\.vscode\extensions\redhat.java-1.47.0-win32-x64\jre\21.0.8-win32-x86_64\bin;C:\WINDOWS\SYSTEM32;C:\WINDOWS\WinSxS\amd64_microsoft.windows.common-controls_6595b64144ccf1df_6.0.26100.6899_none_3e0efeeae32e88c1;C:\Program Files (x86)\360\Total Security\safemon;c:\Users\hp\.vscode\extensions\redhat.java-1.47.0-win32-x64\jre\21.0.8-win32-x86_64\bin\server;C:\Users\hp\AppData\Roaming\Code\User\globalStorage\redhat.java\1.47.0\config_win\org.eclipse.equinox.launcher\org.eclipse.equinox.launcher.win32.win32.x86_64_1.2.1400.v20250801-0854;E:\Temp\jna-3336

VM Arguments:
jvm_args: --add-modules=ALL-SYSTEM --add-opens=java.base/java.util=ALL-UNNAMED --add-opens=java.base/java.lang=ALL-UNNAMED --add-opens=java.base/sun.nio.fs=ALL-UNNAMED -Declipse.application=org.eclipse.jdt.ls.core.id1 -Dosgi.bundles.defaultStartLevel=4 -Declipse.product=org.eclipse.jdt.ls.core.product -Djava.import.generatesMetadataFilesAtProjectRoot=false -DDetectVMInstallationsJob.disabled=true -Dfile.encoding=utf8 -XX:+UseParallelGC -XX:GCTimeRatio=4 -XX:AdaptiveSizePolicyWeight=90 -Dsun.zip.disableMemoryMapping=true -Xmx2G -Xms100m -Xlog:disable -javaagent:c:\Users\hp\.vscode\extensions\redhat.java-1.47.0-win32-x64\lombok\lombok-1.18.39-4050.jar -XX:+HeapDumpOnOutOfMemoryError -XX:HeapDumpPath=c:\Users\hp\AppData\Roaming\Code\User\workspaceStorage\55e016f5bd7ac8ed0f363e88609f9171\redhat.java -Daether.dependencyCollector.impl=bf 
java_command: c:\Users\hp\.vscode\extensions\redhat.java-1.47.0-win32-x64\server\plugins\org.eclipse.equinox.launcher_1.7.100.v20251014-1222.jar -configuration c:\Users\hp\AppData\Roaming\Code\User\globalStorage\redhat.java\1.47.0\config_win -data c:\Users\hp\AppData\Roaming\Code\User\workspaceStorage\55e016f5bd7ac8ed0f363e88609f9171\redhat.java\jdt_ws --pipe=\\.\pipe\lsp-65d79e0113b58bc3ca4062b384d6465e-sock
java_class_path (initial): c:\Users\hp\.vscode\extensions\redhat.java-1.47.0-win32-x64\server\plugins\org.eclipse.equinox.launcher_1.7.100.v20251014-1222.jar
Launcher Type: SUN_STANDARD

[Global flags]
    uintx AdaptiveSizePolicyWeight                 = 90                                        {product} {command line}
     intx CICompilerCount                          = 4                                         {product} {ergonomic}
    uintx GCTimeRatio                              = 4                                         {product} {command line}
     bool HeapDumpOnOutOfMemoryError               = true                                   {manageable} {command line}
    ccstr HeapDumpPath                             = c:\Users\hp\AppData\Roaming\Code\User\workspaceStorage\55e016f5bd7ac8ed0f363e88609f9171\redhat.java         {manageable} {command line}
   size_t InitialHeapSize                          = 104857600                                 {product} {command line}
   size_t MaxHeapSize                              = 2147483648                                {product} {command line}
   size_t MaxNewSize                               = 715653120                                 {product} {ergonomic}
   size_t MinHeapDeltaBytes                        = 524288                                    {product} {ergonomic}
   size_t MinHeapSize                              = 104857600                                 {product} {command line}
   size_t NewSize                                  = 34603008                                  {product} {ergonomic}
    uintx NonNMethodCodeHeapSize                   = 5839372                                {pd product} {ergonomic}
    uintx NonProfiledCodeHeapSize                  = 122909434                              {pd product} {ergonomic}
   size_t OldSize                                  = 70254592                                  {product} {ergonomic}
    uintx ProfiledCodeHeapSize                     = 122909434                              {pd product} {ergonomic}
    uintx ReservedCodeCacheSize                    = 251658240                              {pd product} {ergonomic}
     bool SegmentedCodeCache                       = true                                      {product} {ergonomic}
   size_t SoftMaxHeapSize                          = 2147483648                             {manageable} {ergonomic}
     bool UseCompressedOops                        = true                           {product lp64_product} {ergonomic}
     bool UseLargePagesIndividualAllocation        = false                                  {pd product} {ergonomic}
     bool UseParallelGC                            = true                                      {product} {command line}

Logging:
Log output configuration:
 #0: stdout all=off uptime,level,tags foldmultilines=false
 #1: stderr all=off uptime,level,tags foldmultilines=false

Environment Variables:
JAVA_HOME=E:\Java\
PATH=E:\Java\bin;C:\Program Files\Python313\Scripts\;C:\Program Files\Python313\;C:\WINDOWS\system32;C:\WINDOWS;C:\WINDOWS\System32\Wbem;C:\WINDOWS\System32\WindowsPowerShell\v1.0\;C:\WINDOWS\System32\OpenSSH\;C:\Program Files\Git\cmd;C:\Program Files\dotnet\;C:\ProgramData\chocolatey\bin;C:\Program Files\Vim\vim91;C:\Program Files\nodejs\;C:\Users\hp\ffmpeg-2025-07-23-git-829680f96a-essentials_build\ffmpeg-2025-07-23-git-829680f96a-essentials_build\bin;C:\MinGW\bin;C:\Program Files\PowerShell\7\;C:\Program Files\Eclipse Adoptium\jdk-21.0.6.7-hotspot\bin;C:\Program Files\Python313\Scripts\;C:\Program Files\Python313\;C:\WINDOWS\system32;C:\WINDOWS;C:\WINDOWS\System32\Wbem;C:\WINDOWS\System32\WindowsPowerShell\v1.0\;C:\WINDOWS\System32\OpenSSH\;C:\Program Files\Git\cmd;C:\Program Files\dotnet\;C:\ProgramData\chocolatey\bin;C:\Program Files\Vim\vim91;C:\Program Files\nodejs\;C:\Program Files\PowerShell\7\;C:\Users\hp\ffmpeg-2025-07-23-git-829680f96a-essentials_build\ffmpeg-2025-07-23-git-829680f96a-essentials_build\bin;C:\MinGW\bin;C:\Users\hp\AppData\Local\Microsoft\WindowsApps;C:\Users\hp\AppData\Local\GitHubDesktop\bin;C:\Users\hp\.dotnet\tools;C:\Users\hp\AppData\Local\Programs\Microsoft VS Code Insiders\bin;C:\Users\hp\AppData\Local\Muse Hub\lib;C:\Users\hp\AppData\Roaming\npm;C:\Users\hp\AppData\Local\Programs\Microsoft VS Code\bin;;E:\Users\hp\Android\Sdk\emulator
USERNAME=hp
OS=Windows_NT
PROCESSOR_IDENTIFIER=AMD64 Family 23 Model 96 Stepping 1, AuthenticAMD
TMP=E:\Temp
TEMP=E:\Temp




Periodic native trim disabled

---------------  S Y S T E M  ---------------

OS:
 Windows 11 , 64 bit Build 26100 (10.0.26100.6725)
OS uptime: 3 days 14:54 hours
Hyper-V role detected

CPU: total 12 (initial active 12) (12 cores per cpu, 2 threads per core) family 23 model 96 stepping 1 microcode 0x8600109, cx8, cmov, fxsr, ht, mmx, 3dnowpref, sse, sse2, sse3, ssse3, sse4a, sse4.1, sse4.2, popcnt, lzcnt, tsc, tscinvbit, avx, avx2, aes, clmul, bmi1, bmi2, adx, sha, fma, vzeroupper, clflush, clflushopt, hv, rdtscp, rdpid, f16c
Processor Information for the first 12 processors :
  Max Mhz: 2100, Current Mhz: 2100, Mhz Limit: 2100

Memory: 4k page, system-wide physical 15697M (3016M free)
TotalPageFile size 21765M (AvailPageFile size 31M)
current process WorkingSet (physical memory assigned to process): 282M, peak: 296M
current process commit charge ("private bytes"): 383M, peak: 398M

vm_info: OpenJDK 64-Bit Server VM (21.0.8+9-LTS) for windows-amd64 JRE (21.0.8+9-LTS), built on 2025-07-15T00:00:00Z by "admin" with MS VC++ 17.7 (VS2022)

END.
