#
# There is insufficient memory for the Java Runtime Environment to continue.
# Native memory allocation (malloc) failed to allocate 1784176 bytes. Error detail: Chunk::new
# Possible reasons:
#   The system is out of physical RAM or swap space
#   This process is running with CompressedOops enabled, and the Java Heap may be blocking the growth of the native heap
# Possible solutions:
#   Reduce memory load on the system
#   Increase physical memory or swap space
#   Check if swap backing store is full
#   Decrease Java heap size (-Xmx/-Xms)
#   Decrease number of Java threads
#   Decrease Java thread stack sizes (-Xss)
#   Set larger code cache with -XX:ReservedCodeCacheSize=
#   JVM is running with Unscaled Compressed Oops mode in which the Java heap is
#     placed in the first 4GB address space. The Java Heap base address is the
#     maximum limit for the native heap growth. Please use -XX:HeapBaseMinAddress
#     to set the Java Heap base and to place the Java Heap above 4GB virtual address.
# This output file may be truncated or incomplete.
#
#  Out of Memory Error (arena.cpp:168), pid=17016, tid=34932
#
# JRE version: OpenJDK Runtime Environment Temurin-21.0.8+9 (21.0.8+9) (build 21.0.8+9-LTS)
# Java VM: OpenJDK 64-Bit Server VM Temurin-21.0.8+9 (21.0.8+9-LTS, mixed mode, sharing, tiered, compressed oops, compressed class ptrs, parallel gc, windows-amd64)
# No core dump will be written. Minidumps are not enabled by default on client versions of Windows
#

---------------  S U M M A R Y ------------

Command Line: --add-modules=ALL-SYSTEM --add-opens=java.base/java.util=ALL-UNNAMED --add-opens=java.base/java.lang=ALL-UNNAMED --add-opens=java.base/sun.nio.fs=ALL-UNNAMED -Declipse.application=org.eclipse.jdt.ls.core.id1 -Dosgi.bundles.defaultStartLevel=4 -Declipse.product=org.eclipse.jdt.ls.core.product -Djava.import.generatesMetadataFilesAtProjectRoot=false -DDetectVMInstallationsJob.disabled=true -Dfile.encoding=utf8 -XX:+UseParallelGC -XX:GCTimeRatio=4 -XX:AdaptiveSizePolicyWeight=90 -Dsun.zip.disableMemoryMapping=true -Xmx2G -Xms100m -Xlog:disable -javaagent:c:\Users\hp\.vscode\extensions\redhat.java-1.47.0-win32-x64\lombok\lombok-1.18.39-4050.jar -XX:+HeapDumpOnOutOfMemoryError -XX:HeapDumpPath=c:\Users\hp\AppData\Roaming\Code\User\workspaceStorage\55e016f5bd7ac8ed0f363e88609f9171\redhat.java -Daether.dependencyCollector.impl=bf c:\Users\hp\.vscode\extensions\redhat.java-1.47.0-win32-x64\server\plugins\org.eclipse.equinox.launcher_1.7.100.v20251014-1222.jar -configuration c:\Users\hp\AppData\Roaming\Code\User\globalStorage\redhat.java\1.47.0\config_win -data c:\Users\hp\AppData\Roaming\Code\User\workspaceStorage\55e016f5bd7ac8ed0f363e88609f9171\redhat.java\jdt_ws --pipe=\\.\pipe\lsp-2e439f988db2dec04abb20f090ee59b5-sock

Host: AMD Ryzen 5 PRO 4650U with Radeon Graphics, 12 cores, 15G,  Windows 11 , 64 bit Build 26100 (10.0.26100.6725)
Time: Sat Nov  1 23:41:24 2025 Bangladesh Standard Time elapsed time: 13.350309 seconds (0d 0h 0m 13s)

---------------  T H R E A D  ---------------

Current thread (0x0000028b24dbe770):  JavaThread "C2 CompilerThread0" daemon [_thread_in_native, id=34932, stack(0x000000e991e00000,0x000000e991f00000) (1024K)]


Current CompileTask:
C2:13350 8244 %     4       java.util.Properties::load0 @ 29 (249 bytes)

Stack: [0x000000e991e00000,0x000000e991f00000]
Native frames: (J=compiled Java code, j=interpreted, Vv=VM code, C=native code)
V  [jvm.dll+0x6d2449]
V  [jvm.dll+0x8ae341]
V  [jvm.dll+0x8b08be]
V  [jvm.dll+0x8b0fa3]
V  [jvm.dll+0x280c96]
V  [jvm.dll+0xc581d]
V  [jvm.dll+0xc5d53]
V  [jvm.dll+0x3b9162]
V  [jvm.dll+0x1e1213]
V  [jvm.dll+0x249022]
V  [jvm.dll+0x2484af]
V  [jvm.dll+0x1c89ee]
V  [jvm.dll+0x257d4d]
V  [jvm.dll+0x2562ea]
V  [jvm.dll+0x3f2d16]
V  [jvm.dll+0x857e6b]
V  [jvm.dll+0x6d0b0d]
C  [ucrtbase.dll+0x37b0]
C  [KERNEL32.DLL+0x2e8d7]
C  [ntdll.dll+0x8c53c]


---------------  P R O C E S S  ---------------

Threads class SMR info:
_java_thread_list=0x0000028b0885d700, length=55, elements={
0x0000028b24d251d0, 0x0000028b24da1f70, 0x0000028b24da4f30, 0x0000028b24dafb00,
0x0000028b24db07b0, 0x0000028b24db64c0, 0x0000028b24db9830, 0x0000028b24dbe770,
0x0000028b7d8c33e0, 0x0000028b7d99dd40, 0x0000028b7dc16670, 0x0000028b7f0b6920,
0x0000028b04079e00, 0x0000028b040c8820, 0x0000028b0405f550, 0x0000028b046fdc40,
0x0000028b0466d000, 0x0000028b04295620, 0x0000028b044bb980, 0x0000028b047dd970,
0x0000028b047dc5c0, 0x0000028b0496e7f0, 0x0000028b047de000, 0x0000028b04b865a0,
0x0000028b047db8a0, 0x0000028b047de690, 0x0000028b047dcc50, 0x0000028b047ded20,
0x0000028b047dbf30, 0x0000028b047dd2e0, 0x0000028b07f09680, 0x0000028b07f075b0,
0x0000028b07f06890, 0x0000028b07f08960, 0x0000028b07f07c40, 0x0000028b07f08ff0,
0x0000028b07f06200, 0x0000028b07f082d0, 0x0000028b07f0a3a0, 0x0000028b07f09d10,
0x0000028b07f06f20, 0x0000028b07f0b750, 0x0000028b07f0aa30, 0x0000028b07f0b0c0,
0x0000028b07f0d820, 0x0000028b07f0bde0, 0x0000028b07f0c470, 0x0000028b07b8bd90,
0x0000028b07b8d7d0, 0x0000028b07b8e4f0, 0x0000028b07b8f8a0, 0x0000028b07b8c420,
0x0000028b07b8de60, 0x0000028b07b8cab0, 0x0000028b07b912e0
}

Java Threads: ( => current thread )
  0x0000028b24d251d0 JavaThread "main"                              [_thread_blocked, id=7616, stack(0x000000e991400000,0x000000e991500000) (1024K)]
  0x0000028b24da1f70 JavaThread "Reference Handler"          daemon [_thread_blocked, id=29548, stack(0x000000e991800000,0x000000e991900000) (1024K)]
  0x0000028b24da4f30 JavaThread "Finalizer"                  daemon [_thread_blocked, id=9292, stack(0x000000e991900000,0x000000e991a00000) (1024K)]
  0x0000028b24dafb00 JavaThread "Signal Dispatcher"          daemon [_thread_blocked, id=35512, stack(0x000000e991a00000,0x000000e991b00000) (1024K)]
  0x0000028b24db07b0 JavaThread "Attach Listener"            daemon [_thread_blocked, id=37796, stack(0x000000e991b00000,0x000000e991c00000) (1024K)]
  0x0000028b24db64c0 JavaThread "Service Thread"             daemon [_thread_blocked, id=22748, stack(0x000000e991c00000,0x000000e991d00000) (1024K)]
  0x0000028b24db9830 JavaThread "Monitor Deflation Thread"   daemon [_thread_blocked, id=46968, stack(0x000000e991d00000,0x000000e991e00000) (1024K)]
=>0x0000028b24dbe770 JavaThread "C2 CompilerThread0"         daemon [_thread_in_native, id=34932, stack(0x000000e991e00000,0x000000e991f00000) (1024K)]
  0x0000028b7d8c33e0 JavaThread "C1 CompilerThread0"         daemon [_thread_in_native, id=38236, stack(0x000000e991f00000,0x000000e992000000) (1024K)]
  0x0000028b7d99dd40 JavaThread "Common-Cleaner"             daemon [_thread_blocked, id=45732, stack(0x000000e992000000,0x000000e992100000) (1024K)]
  0x0000028b7dc16670 JavaThread "Notification Thread"        daemon [_thread_blocked, id=2832, stack(0x000000e992200000,0x000000e992300000) (1024K)]
  0x0000028b7f0b6920 JavaThread "Active Thread: Equinox Container: 2427df70-28be-4449-950b-5ae6b54dc0d0"        [_thread_blocked, id=12064, stack(0x000000e992a00000,0x000000e992b00000) (1024K)]
  0x0000028b04079e00 JavaThread "Refresh Thread: Equinox Container: 2427df70-28be-4449-950b-5ae6b54dc0d0" daemon [_thread_blocked, id=18896, stack(0x000000e992b00000,0x000000e992c00000) (1024K)]
  0x0000028b040c8820 JavaThread "Framework Event Dispatcher: Equinox Container: 2427df70-28be-4449-950b-5ae6b54dc0d0" daemon [_thread_blocked, id=43604, stack(0x000000e992d00000,0x000000e992e00000) (1024K)]
  0x0000028b0405f550 JavaThread "Start Level: Equinox Container: 2427df70-28be-4449-950b-5ae6b54dc0d0" daemon [_thread_blocked, id=5616, stack(0x000000e992e00000,0x000000e992f00000) (1024K)]
  0x0000028b046fdc40 JavaThread "Bundle File Closer"         daemon [_thread_blocked, id=20624, stack(0x000000e993100000,0x000000e993200000) (1024K)]
  0x0000028b0466d000 JavaThread "SCR Component Actor"        daemon [_thread_blocked, id=17908, stack(0x000000e993200000,0x000000e993300000) (1024K)]
  0x0000028b04295620 JavaThread "Worker-JM"                         [_thread_blocked, id=5972, stack(0x000000e993300000,0x000000e993400000) (1024K)]
  0x0000028b044bb980 JavaThread "JNA Cleaner"                daemon [_thread_blocked, id=31456, stack(0x000000e992100000,0x000000e992200000) (1024K)]
  0x0000028b047dd970 JavaThread "Worker-0"                          [_thread_blocked, id=25712, stack(0x000000e992300000,0x000000e992400000) (1024K)]
  0x0000028b047dc5c0 JavaThread "Worker-1"                          [_thread_blocked, id=28764, stack(0x000000e993400000,0x000000e993500000) (1024K)]
  0x0000028b0496e7f0 JavaThread "C2 CompilerThread1"         daemon [_thread_in_native, id=15132, stack(0x000000e993500000,0x000000e993600000) (1024K)]
  0x0000028b047de000 JavaThread "Java indexing"              daemon [_thread_blocked, id=34304, stack(0x000000e993600000,0x000000e993700000) (1024K)]
  0x0000028b04b865a0 JavaThread "C2 CompilerThread2"         daemon [_thread_in_native, id=15232, stack(0x000000e993700000,0x000000e993800000) (1024K)]
  0x0000028b047db8a0 JavaThread "Worker-2"                          [_thread_blocked, id=40944, stack(0x000000e993800000,0x000000e993900000) (1024K)]
  0x0000028b047de690 JavaThread "Worker-3"                          [_thread_blocked, id=31940, stack(0x000000e993b00000,0x000000e993c00000) (1024K)]
  0x0000028b047dcc50 JavaThread "Worker-4"                          [_thread_blocked, id=11096, stack(0x000000e993c00000,0x000000e993d00000) (1024K)]
  0x0000028b047ded20 JavaThread "Worker-5"                          [_thread_blocked, id=44044, stack(0x000000e993d00000,0x000000e993e00000) (1024K)]
  0x0000028b047dbf30 JavaThread "Thread-1"                   daemon [_thread_in_native, id=21256, stack(0x000000e993e00000,0x000000e993f00000) (1024K)]
  0x0000028b047dd2e0 JavaThread "Thread-2"                   daemon [_thread_in_native, id=25060, stack(0x000000e993f00000,0x000000e994000000) (1024K)]
  0x0000028b07f09680 JavaThread "Thread-3"                   daemon [_thread_in_native, id=39608, stack(0x000000e994000000,0x000000e994100000) (1024K)]
  0x0000028b07f075b0 JavaThread "Thread-4"                   daemon [_thread_in_native, id=37300, stack(0x000000e994100000,0x000000e994200000) (1024K)]
  0x0000028b07f06890 JavaThread "Thread-5"                   daemon [_thread_in_native, id=20300, stack(0x000000e994200000,0x000000e994300000) (1024K)]
  0x0000028b07f08960 JavaThread "Thread-6"                   daemon [_thread_in_native, id=26728, stack(0x000000e994300000,0x000000e994400000) (1024K)]
  0x0000028b07f07c40 JavaThread "Thread-7"                   daemon [_thread_in_native, id=35528, stack(0x000000e994400000,0x000000e994500000) (1024K)]
  0x0000028b07f08ff0 JavaThread "Thread-8"                   daemon [_thread_in_native, id=17260, stack(0x000000e994500000,0x000000e994600000) (1024K)]
  0x0000028b07f06200 JavaThread "Thread-9"                   daemon [_thread_in_native, id=25100, stack(0x000000e994600000,0x000000e994700000) (1024K)]
  0x0000028b07f082d0 JavaThread "Thread-10"                  daemon [_thread_in_native, id=6160, stack(0x000000e994700000,0x000000e994800000) (1024K)]
  0x0000028b07f0a3a0 JavaThread "Thread-11"                  daemon [_thread_in_native, id=22284, stack(0x000000e994800000,0x000000e994900000) (1024K)]
  0x0000028b07f09d10 JavaThread "Thread-12"                  daemon [_thread_in_native, id=24528, stack(0x000000e994900000,0x000000e994a00000) (1024K)]
  0x0000028b07f06f20 JavaThread "Thread-13"                  daemon [_thread_in_native, id=28060, stack(0x000000e994a00000,0x000000e994b00000) (1024K)]
  0x0000028b07f0b750 JavaThread "pool-2-thread-1"                   [_thread_blocked, id=7476, stack(0x000000e994b00000,0x000000e994c00000) (1024K)]
  0x0000028b07f0aa30 JavaThread "WorkspaceEventsHandler"            [_thread_blocked, id=19780, stack(0x000000e994d00000,0x000000e994e00000) (1024K)]
  0x0000028b07f0b0c0 JavaThread "pool-1-thread-1"                   [_thread_blocked, id=38048, stack(0x000000e994e00000,0x000000e994f00000) (1024K)]
  0x0000028b07f0d820 JavaThread "Keep-Alive-Timer"           daemon [_thread_blocked, id=37576, stack(0x000000e994f00000,0x000000e995000000) (1024K)]
  0x0000028b07f0bde0 JavaThread "ForkJoinPool.commonPool-worker-1" daemon [_thread_blocked, id=8716, stack(0x000000e995000000,0x000000e995100000) (1024K)]
  0x0000028b07f0c470 JavaThread "ForkJoinPool.commonPool-worker-2" daemon [_thread_blocked, id=34900, stack(0x000000e995100000,0x000000e995200000) (1024K)]
  0x0000028b07b8bd90 JavaThread "ForkJoinPool.commonPool-worker-3" daemon [_thread_blocked, id=22720, stack(0x000000e995200000,0x000000e995300000) (1024K)]
  0x0000028b07b8d7d0 JavaThread "ForkJoinPool.commonPool-worker-4" daemon [_thread_blocked, id=40064, stack(0x000000e995300000,0x000000e995400000) (1024K)]
  0x0000028b07b8e4f0 JavaThread "ForkJoinPool.commonPool-worker-5" daemon [_thread_blocked, id=15976, stack(0x000000e995400000,0x000000e995500000) (1024K)]
  0x0000028b07b8f8a0 JavaThread "ForkJoinPool.commonPool-worker-6" daemon [_thread_blocked, id=27600, stack(0x000000e995500000,0x000000e995600000) (1024K)]
  0x0000028b07b8c420 JavaThread "ForkJoinPool.commonPool-worker-7" daemon [_thread_in_vm, id=38568, stack(0x000000e995600000,0x000000e995700000) (1024K)]
  0x0000028b07b8de60 JavaThread "ForkJoinPool.commonPool-worker-8" daemon [_thread_blocked, id=11424, stack(0x000000e995700000,0x000000e995800000) (1024K)]
  0x0000028b07b8cab0 JavaThread "ForkJoinPool.commonPool-worker-9" daemon [_thread_blocked, id=17196, stack(0x000000e995800000,0x000000e995900000) (1024K)]
  0x0000028b07b912e0 JavaThread "ForkJoinPool.commonPool-worker-10" daemon [_thread_blocked, id=33532, stack(0x000000e995900000,0x000000e995a00000) (1024K)]
Total: 55

Other Threads:
  0x0000028b24c977c0 VMThread "VM Thread"                           [id=21520, stack(0x000000e991700000,0x000000e991800000) (1024K)]
  0x0000028b24b8ca00 WatcherThread "VM Periodic Task Thread"        [id=36656, stack(0x000000e991600000,0x000000e991700000) (1024K)]
  0x0000028b24d44820 WorkerThread "GC Thread#0"                     [id=27468, stack(0x000000e991500000,0x000000e991600000) (1024K)]
  0x0000028b7f06a3c0 WorkerThread "GC Thread#1"                     [id=9928, stack(0x000000e992400000,0x000000e992500000) (1024K)]
  0x0000028b7f06a760 WorkerThread "GC Thread#2"                     [id=14928, stack(0x000000e992500000,0x000000e992600000) (1024K)]
  0x0000028b7f06ab00 WorkerThread "GC Thread#3"                     [id=40816, stack(0x000000e992600000,0x000000e992700000) (1024K)]
  0x0000028b7f06aea0 WorkerThread "GC Thread#4"                     [id=28320, stack(0x000000e992700000,0x000000e992800000) (1024K)]
  0x0000028b7eef4a00 WorkerThread "GC Thread#5"                     [id=47252, stack(0x000000e992800000,0x000000e992900000) (1024K)]
  0x0000028b7eef3440 WorkerThread "GC Thread#6"                     [id=34628, stack(0x000000e992900000,0x000000e992a00000) (1024K)]
  0x0000028b7eef42c0 WorkerThread "GC Thread#7"                     [id=29768, stack(0x000000e992c00000,0x000000e992d00000) (1024K)]
  0x0000028b7eef3f20 WorkerThread "GC Thread#8"                     [id=20884, stack(0x000000e992f00000,0x000000e993000000) (1024K)]
  0x0000028b7eef37e0 WorkerThread "GC Thread#9"                     [id=28264, stack(0x000000e993000000,0x000000e993100000) (1024K)]
Total: 12

Threads with active compile tasks:
C2 CompilerThread0  13443 8244 %     4       java.util.Properties::load0 @ 29 (249 bytes)
C1 CompilerThread0  13443 8635       3       org.lombokweb.asm.ClassReader::accept (1419 bytes)
C2 CompilerThread1  13443 8597 %     4       org.lombokweb.asm.ClassReader::readCode @ 2187 (5117 bytes)
C2 CompilerThread2  13444 8602       4       org.lombokweb.asm.SymbolTable::<init> (554 bytes)
Total: 4

VM state: not at safepoint (normal execution)

VM Mutex/Monitor currently owned by a thread: None

Heap address: 0x0000000080000000, size: 2048 MB, Compressed Oops mode: 32-bit

CDS archive(s) mapped at: [0x0000028b3c000000-0x0000028b3cba0000-0x0000028b3cba0000), size 12189696, SharedBaseAddress: 0x0000028b3c000000, ArchiveRelocationMode: 1.
Compressed class space mapped at: 0x0000028b3d000000-0x0000028b7d000000, reserved size: 1073741824
Narrow klass base: 0x0000028b3c000000, Narrow klass shift: 0, Narrow klass range: 0x100000000

GC Precious Log:
 CardTable entry size: 512
 CPUs: 12 total, 12 available
 Memory: 15697M
 Large Page Support: Disabled
 NUMA Support: Disabled
 Compressed Oops: Enabled (32-bit)
 Alignments: Space 512K, Generation 512K, Heap 2M
 Heap Min Capacity: 100M
 Heap Initial Capacity: 100M
 Heap Max Capacity: 2G
 Pre-touch: Disabled
 Parallel Workers: 10

Heap:
 PSYoungGen      total 14336K, used 2928K [0x00000000d5580000, 0x00000000d6980000, 0x0000000100000000)
  eden space 8192K, 35% used [0x00000000d5580000,0x00000000d585c308,0x00000000d5d80000)
  from space 6144K, 0% used [0x00000000d6380000,0x00000000d6380000,0x00000000d6980000)
  to   space 6144K, 0% used [0x00000000d5d80000,0x00000000d5d80000,0x00000000d6380000)
 ParOldGen       total 117760K, used 82613K [0x0000000080000000, 0x0000000087300000, 0x00000000d5580000)
  object space 117760K, 70% used [0x0000000080000000,0x00000000850ad430,0x0000000087300000)
 Metaspace       used 65940K, committed 67328K, reserved 1114112K
  class space    used 7159K, committed 7744K, reserved 1048576K

Card table byte_map: [0x0000028b246a0000,0x0000028b24ab0000] _byte_map_base: 0x0000028b242a0000

Marking Bits: (ParMarkBitMap*) 0x00007ffffa87a340
 Begin Bits: [0x0000028b371a0000, 0x0000028b391a0000)
 End Bits:   [0x0000028b391a0000, 0x0000028b3b1a0000)

Polling page: 0x0000028b22ac0000

Metaspace:

Usage:
  Non-class:     57.40 MB used.
      Class:      6.99 MB used.
       Both:     64.40 MB used.

Virtual space:
  Non-class space:       64.00 MB reserved,      58.19 MB ( 91%) committed,  1 nodes.
      Class space:        1.00 GB reserved,       7.56 MB ( <1%) committed,  1 nodes.
             Both:        1.06 GB reserved,      65.75 MB (  6%) committed. 

Chunk freelists:
   Non-Class:  5.27 MB
       Class:  8.39 MB
        Both:  13.66 MB

MaxMetaspaceSize: unlimited
CompressedClassSpaceSize: 1.00 GB
Initial GC threshold: 21.00 MB
Current GC threshold: 109.38 MB
CDS: on
 - commit_granule_bytes: 65536.
 - commit_granule_words: 8192.
 - virtual_space_node_default_size: 8388608.
 - enlarge_chunks_in_place: 1.
 - use_allocation_guard: 0.


Internal statistics:

num_allocs_failed_limit: 9.
num_arena_births: 992.
num_arena_deaths: 16.
num_vsnodes_births: 2.
num_vsnodes_deaths: 0.
num_space_committed: 1052.
num_space_uncommitted: 0.
num_chunks_returned_to_freelist: 26.
num_chunks_taken_from_freelist: 3774.
num_chunk_merges: 15.
num_chunk_splits: 2379.
num_chunks_enlarged: 1427.
num_inconsistent_stats: 0.

CodeHeap 'non-profiled nmethods': size=120000Kb used=4377Kb max_used=4929Kb free=115622Kb
 bounds [0x0000028b2f9c0000, 0x0000028b2fea0000, 0x0000028b36ef0000]
CodeHeap 'profiled nmethods': size=120000Kb used=14753Kb max_used=17070Kb free=105246Kb
 bounds [0x0000028b27ef0000, 0x0000028b28fa0000, 0x0000028b2f420000]
CodeHeap 'non-nmethods': size=5760Kb used=1469Kb max_used=1563Kb free=4290Kb
 bounds [0x0000028b2f420000, 0x0000028b2f690000, 0x0000028b2f9c0000]
CodeCache: size=245760Kb, used=20599Kb, max_used=23562Kb, free=225158Kb
 total_blobs=7915, nmethods=7129, adapters=692, full_count=0
Compilation: enabled, stopped_count=0, restarted_count=0

Compilation events (20 events):
Event: 13.282 Thread 0x0000028b7d8c33e0 8626       3       sun.nio.ch.AsynchronousFileChannelImpl::isOpen (13 bytes)
Event: 13.282 Thread 0x0000028b7d8c33e0 nmethod 8626 0x0000028b28f99c90 code [0x0000028b28f99e20, 0x0000028b28f99f80]
Event: 13.282 Thread 0x0000028b7d8c33e0 8627   !   3       sun.nio.ch.PendingFuture::prepareForWait (43 bytes)
Event: 13.283 Thread 0x0000028b7d8c33e0 nmethod 8627 0x0000028b28f9a010 code [0x0000028b28f9a200, 0x0000028b28f9a840]
Event: 13.289 Thread 0x0000028b7d8c33e0 8628       3       org.lombokweb.asm.MethodWriter::visitMaxs (60 bytes)
Event: 13.289 Thread 0x0000028b7d8c33e0 nmethod 8628 0x0000028b28f9aa90 code [0x0000028b28f9ac60, 0x0000028b28f9af18]
Event: 13.289 Thread 0x0000028b7d8c33e0 8629       3       org.lombokweb.asm.MethodWriter::visitEnd (1 bytes)
Event: 13.289 Thread 0x0000028b7d8c33e0 nmethod 8629 0x0000028b2868e790 code [0x0000028b2868e920, 0x0000028b2868ea28]
Event: 13.296 Thread 0x0000028b0496e7f0 nmethod 8598% 0x0000028b2fe8c090 code [0x0000028b2fe8c380, 0x0000028b2fe8d4e0]
Event: 13.296 Thread 0x0000028b0496e7f0 8597 %     4       org.lombokweb.asm.ClassReader::readCode @ 2187 (5117 bytes)
Event: 13.297 Thread 0x0000028b7d8c33e0 8630       3       org.eclipse.jdt.internal.corext.dom.GenericVisitor::endVisitNode (1 bytes)
Event: 13.298 Thread 0x0000028b7d8c33e0 nmethod 8630 0x0000028b28f9b010 code [0x0000028b28f9b1a0, 0x0000028b28f9b2a8]
Event: 13.299 Thread 0x0000028b7d8c33e0 8631       1       org.eclipse.jdt.internal.compiler.lookup.ReferenceBinding::getPackage (5 bytes)
Event: 13.299 Thread 0x0000028b7d8c33e0 nmethod 8631 0x0000028b2fe8e190 code [0x0000028b2fe8e320, 0x0000028b2fe8e3e8]
Event: 13.300 Thread 0x0000028b7d8c33e0 8632       1       org.eclipse.jdt.internal.core.SourceType::isLambda (2 bytes)
Event: 13.300 Thread 0x0000028b7d8c33e0 nmethod 8632 0x0000028b2fe8e490 code [0x0000028b2fe8e620, 0x0000028b2fe8e6e8]
Event: 13.300 Thread 0x0000028b7d8c33e0 8633       3       org.eclipse.jdt.internal.core.CompilationUnit::equals (43 bytes)
Event: 13.300 Thread 0x0000028b7d8c33e0 nmethod 8633 0x0000028b28f9b310 code [0x0000028b28f9b500, 0x0000028b28f9ba68]
Event: 13.302 Thread 0x0000028b04b865a0 nmethod 8603% 0x0000028b2fe8e790 code [0x0000028b2fe8ea20, 0x0000028b2fe8f840]
Event: 13.302 Thread 0x0000028b04b865a0 8602       4       org.lombokweb.asm.SymbolTable::<init> (554 bytes)

GC Heap History (20 events):
Event: 13.169 GC heap after
{Heap after GC invocations=50 (full 3):
 PSYoungGen      total 4608K, used 2016K [0x00000000d5580000, 0x00000000d6000000, 0x0000000100000000)
  eden space 2560K, 0% used [0x00000000d5580000,0x00000000d5580000,0x00000000d5800000)
  from space 2048K, 98% used [0x00000000d5d00000,0x00000000d5ef8000,0x00000000d5f00000)
  to   space 1024K, 0% used [0x00000000d5f00000,0x00000000d5f00000,0x00000000d6000000)
 ParOldGen       total 102400K, used 102123K [0x0000000080000000, 0x0000000086400000, 0x00000000d5580000)
  object space 102400K, 99% used [0x0000000080000000,0x00000000863bac70,0x0000000086400000)
 Metaspace       used 65446K, committed 66816K, reserved 1114112K
  class space    used 7131K, committed 7744K, reserved 1048576K
}
Event: 13.176 GC heap before
{Heap before GC invocations=51 (full 3):
 PSYoungGen      total 4608K, used 4576K [0x00000000d5580000, 0x00000000d6000000, 0x0000000100000000)
  eden space 2560K, 100% used [0x00000000d5580000,0x00000000d5800000,0x00000000d5800000)
  from space 2048K, 98% used [0x00000000d5d00000,0x00000000d5ef8000,0x00000000d5f00000)
  to   space 1024K, 0% used [0x00000000d5f00000,0x00000000d5f00000,0x00000000d6000000)
 ParOldGen       total 102400K, used 102123K [0x0000000080000000, 0x0000000086400000, 0x00000000d5580000)
  object space 102400K, 99% used [0x0000000080000000,0x00000000863bac70,0x0000000086400000)
 Metaspace       used 65446K, committed 66816K, reserved 1114112K
  class space    used 7131K, committed 7744K, reserved 1048576K
}
Event: 13.178 GC heap after
{Heap after GC invocations=51 (full 3):
 PSYoungGen      total 4608K, used 1024K [0x00000000d5580000, 0x00000000d6100000, 0x0000000100000000)
  eden space 3584K, 0% used [0x00000000d5580000,0x00000000d5580000,0x00000000d5900000)
  from space 1024K, 100% used [0x00000000d5f00000,0x00000000d6000000,0x00000000d6000000)
  to   space 4096K, 0% used [0x00000000d5900000,0x00000000d5900000,0x00000000d5d00000)
 ParOldGen       total 104960K, used 104835K [0x0000000080000000, 0x0000000086680000, 0x00000000d5580000)
  object space 104960K, 99% used [0x0000000080000000,0x0000000086660c70,0x0000000086680000)
 Metaspace       used 65446K, committed 66816K, reserved 1114112K
  class space    used 7131K, committed 7744K, reserved 1048576K
}
Event: 13.185 GC heap before
{Heap before GC invocations=52 (full 3):
 PSYoungGen      total 4608K, used 4608K [0x00000000d5580000, 0x00000000d6100000, 0x0000000100000000)
  eden space 3584K, 100% used [0x00000000d5580000,0x00000000d5900000,0x00000000d5900000)
  from space 1024K, 100% used [0x00000000d5f00000,0x00000000d6000000,0x00000000d6000000)
  to   space 4096K, 0% used [0x00000000d5900000,0x00000000d5900000,0x00000000d5d00000)
 ParOldGen       total 104960K, used 104835K [0x0000000080000000, 0x0000000086680000, 0x00000000d5580000)
  object space 104960K, 99% used [0x0000000080000000,0x0000000086660c70,0x0000000086680000)
 Metaspace       used 65462K, committed 66880K, reserved 1114112K
  class space    used 7131K, committed 7744K, reserved 1048576K
}
Event: 13.187 GC heap after
{Heap after GC invocations=52 (full 3):
 PSYoungGen      total 7680K, used 2720K [0x00000000d5580000, 0x00000000d6100000, 0x0000000100000000)
  eden space 3584K, 0% used [0x00000000d5580000,0x00000000d5580000,0x00000000d5900000)
  from space 4096K, 66% used [0x00000000d5900000,0x00000000d5ba8000,0x00000000d5d00000)
  to   space 3584K, 0% used [0x00000000d5d80000,0x00000000d5d80000,0x00000000d6100000)
 ParOldGen       total 105984K, used 105811K [0x0000000080000000, 0x0000000086780000, 0x00000000d5580000)
  object space 105984K, 99% used [0x0000000080000000,0x0000000086754c70,0x0000000086780000)
 Metaspace       used 65462K, committed 66880K, reserved 1114112K
  class space    used 7131K, committed 7744K, reserved 1048576K
}
Event: 13.194 GC heap before
{Heap before GC invocations=53 (full 3):
 PSYoungGen      total 7680K, used 6304K [0x00000000d5580000, 0x00000000d6100000, 0x0000000100000000)
  eden space 3584K, 100% used [0x00000000d5580000,0x00000000d5900000,0x00000000d5900000)
  from space 4096K, 66% used [0x00000000d5900000,0x00000000d5ba8000,0x00000000d5d00000)
  to   space 3584K, 0% used [0x00000000d5d80000,0x00000000d5d80000,0x00000000d6100000)
 ParOldGen       total 105984K, used 105811K [0x0000000080000000, 0x0000000086780000, 0x00000000d5580000)
  object space 105984K, 99% used [0x0000000080000000,0x0000000086754c70,0x0000000086780000)
 Metaspace       used 65475K, committed 66880K, reserved 1114112K
  class space    used 7132K, committed 7744K, reserved 1048576K
}
Event: 13.197 GC heap after
{Heap after GC invocations=53 (full 3):
 PSYoungGen      total 7168K, used 2528K [0x00000000d5580000, 0x00000000d6000000, 0x0000000100000000)
  eden space 4608K, 0% used [0x00000000d5580000,0x00000000d5580000,0x00000000d5a00000)
  from space 2560K, 98% used [0x00000000d5d80000,0x00000000d5ff8000,0x00000000d6000000)
  to   space 3072K, 0% used [0x00000000d5a00000,0x00000000d5a00000,0x00000000d5d00000)
 ParOldGen       total 108544K, used 108307K [0x0000000080000000, 0x0000000086a00000, 0x00000000d5580000)
  object space 108544K, 99% used [0x0000000080000000,0x00000000869c4c70,0x0000000086a00000)
 Metaspace       used 65475K, committed 66880K, reserved 1114112K
  class space    used 7132K, committed 7744K, reserved 1048576K
}
Event: 13.205 GC heap before
{Heap before GC invocations=54 (full 3):
 PSYoungGen      total 7168K, used 7136K [0x00000000d5580000, 0x00000000d6000000, 0x0000000100000000)
  eden space 4608K, 100% used [0x00000000d5580000,0x00000000d5a00000,0x00000000d5a00000)
  from space 2560K, 98% used [0x00000000d5d80000,0x00000000d5ff8000,0x00000000d6000000)
  to   space 3072K, 0% used [0x00000000d5a00000,0x00000000d5a00000,0x00000000d5d00000)
 ParOldGen       total 108544K, used 108307K [0x0000000080000000, 0x0000000086a00000, 0x00000000d5580000)
  object space 108544K, 99% used [0x0000000080000000,0x00000000869c4c70,0x0000000086a00000)
 Metaspace       used 65479K, committed 66880K, reserved 1114112K
  class space    used 7132K, committed 7744K, reserved 1048576K
}
Event: 13.210 GC heap after
{Heap after GC invocations=54 (full 3):
 PSYoungGen      total 7680K, used 3072K [0x00000000d5580000, 0x00000000d6800000, 0x0000000100000000)
  eden space 4608K, 0% used [0x00000000d5580000,0x00000000d5580000,0x00000000d5a00000)
  from space 3072K, 100% used [0x00000000d5a00000,0x00000000d5d00000,0x00000000d5d00000)
  to   space 6656K, 0% used [0x00000000d6180000,0x00000000d6180000,0x00000000d6800000)
 ParOldGen       total 111104K, used 110947K [0x0000000080000000, 0x0000000086c80000, 0x00000000d5580000)
  object space 111104K, 99% used [0x0000000080000000,0x0000000086c58c70,0x0000000086c80000)
 Metaspace       used 65479K, committed 66880K, reserved 1114112K
  class space    used 7132K, committed 7744K, reserved 1048576K
}
Event: 13.218 GC heap before
{Heap before GC invocations=55 (full 3):
 PSYoungGen      total 7680K, used 7680K [0x00000000d5580000, 0x00000000d6800000, 0x0000000100000000)
  eden space 4608K, 100% used [0x00000000d5580000,0x00000000d5a00000,0x00000000d5a00000)
  from space 3072K, 100% used [0x00000000d5a00000,0x00000000d5d00000,0x00000000d5d00000)
  to   space 6656K, 0% used [0x00000000d6180000,0x00000000d6180000,0x00000000d6800000)
 ParOldGen       total 111104K, used 110947K [0x0000000080000000, 0x0000000086c80000, 0x00000000d5580000)
  object space 111104K, 99% used [0x0000000080000000,0x0000000086c58c70,0x0000000086c80000)
 Metaspace       used 65486K, committed 66880K, reserved 1114112K
  class space    used 7132K, committed 7744K, reserved 1048576K
}
Event: 13.224 GC heap after
{Heap after GC invocations=55 (full 3):
 PSYoungGen      total 9216K, used 3392K [0x00000000d5580000, 0x00000000d6500000, 0x0000000100000000)
  eden space 5632K, 0% used [0x00000000d5580000,0x00000000d5580000,0x00000000d5b00000)
  from space 3584K, 94% used [0x00000000d6180000,0x00000000d64d0000,0x00000000d6500000)
  to   space 4608K, 0% used [0x00000000d5c00000,0x00000000d5c00000,0x00000000d6080000)
 ParOldGen       total 114176K, used 113923K [0x0000000080000000, 0x0000000086f80000, 0x00000000d5580000)
  object space 114176K, 99% used [0x0000000080000000,0x0000000086f40c70,0x0000000086f80000)
 Metaspace       used 65486K, committed 66880K, reserved 1114112K
  class space    used 7132K, committed 7744K, reserved 1048576K
}
Event: 13.235 GC heap before
{Heap before GC invocations=56 (full 3):
 PSYoungGen      total 9216K, used 9024K [0x00000000d5580000, 0x00000000d6500000, 0x0000000100000000)
  eden space 5632K, 100% used [0x00000000d5580000,0x00000000d5b00000,0x00000000d5b00000)
  from space 3584K, 94% used [0x00000000d6180000,0x00000000d64d0000,0x00000000d6500000)
  to   space 4608K, 0% used [0x00000000d5c00000,0x00000000d5c00000,0x00000000d6080000)
 ParOldGen       total 114176K, used 113923K [0x0000000080000000, 0x0000000086f80000, 0x00000000d5580000)
  object space 114176K, 99% used [0x0000000080000000,0x0000000086f40c70,0x0000000086f80000)
 Metaspace       used 65516K, committed 66944K, reserved 1114112K
  class space    used 7137K, committed 7744K, reserved 1048576K
}
Event: 13.240 GC heap after
{Heap after GC invocations=56 (full 3):
 PSYoungGen      total 11264K, used 4160K [0x00000000d5580000, 0x00000000d6580000, 0x0000000100000000)
  eden space 6656K, 0% used [0x00000000d5580000,0x00000000d5580000,0x00000000d5c00000)
  from space 4608K, 90% used [0x00000000d5c00000,0x00000000d6010000,0x00000000d6080000)
  to   space 4608K, 0% used [0x00000000d6100000,0x00000000d6100000,0x00000000d6580000)
 ParOldGen       total 117248K, used 117163K [0x0000000080000000, 0x0000000087280000, 0x00000000d5580000)
  object space 117248K, 99% used [0x0000000080000000,0x000000008726ac70,0x0000000087280000)
 Metaspace       used 65516K, committed 66944K, reserved 1114112K
  class space    used 7137K, committed 7744K, reserved 1048576K
}
Event: 13.252 GC heap before
{Heap before GC invocations=57 (full 3):
 PSYoungGen      total 11264K, used 10816K [0x00000000d5580000, 0x00000000d6580000, 0x0000000100000000)
  eden space 6656K, 100% used [0x00000000d5580000,0x00000000d5c00000,0x00000000d5c00000)
  from space 4608K, 90% used [0x00000000d5c00000,0x00000000d6010000,0x00000000d6080000)
  to   space 4608K, 0% used [0x00000000d6100000,0x00000000d6100000,0x00000000d6580000)
 ParOldGen       total 117248K, used 117163K [0x0000000080000000, 0x0000000087280000, 0x00000000d5580000)
  object space 117248K, 99% used [0x0000000080000000,0x000000008726ac70,0x0000000087280000)
 Metaspace       used 65620K, committed 67008K, reserved 1114112K
  class space    used 7145K, committed 7744K, reserved 1048576K
}
Event: 13.257 GC heap after
{Heap after GC invocations=57 (full 3):
 PSYoungGen      total 11264K, used 4608K [0x00000000d5580000, 0x00000000d6580000, 0x0000000100000000)
  eden space 6656K, 0% used [0x00000000d5580000,0x00000000d5580000,0x00000000d5c00000)
  from space 4608K, 100% used [0x00000000d6100000,0x00000000d6580000,0x00000000d6580000)
  to   space 4608K, 0% used [0x00000000d5c00000,0x00000000d5c00000,0x00000000d6080000)
 ParOldGen       total 121344K, used 121243K [0x0000000080000000, 0x0000000087680000, 0x00000000d5580000)
  object space 121344K, 99% used [0x0000000080000000,0x0000000087666c70,0x0000000087680000)
 Metaspace       used 65620K, committed 67008K, reserved 1114112K
  class space    used 7145K, committed 7744K, reserved 1048576K
}
Event: 13.268 GC heap before
{Heap before GC invocations=58 (full 3):
 PSYoungGen      total 11264K, used 11264K [0x00000000d5580000, 0x00000000d6580000, 0x0000000100000000)
  eden space 6656K, 100% used [0x00000000d5580000,0x00000000d5c00000,0x00000000d5c00000)
  from space 4608K, 100% used [0x00000000d6100000,0x00000000d6580000,0x00000000d6580000)
  to   space 4608K, 0% used [0x00000000d5c00000,0x00000000d5c00000,0x00000000d6080000)
 ParOldGen       total 121344K, used 121243K [0x0000000080000000, 0x0000000087680000, 0x00000000d5580000)
  object space 121344K, 99% used [0x0000000080000000,0x0000000087666c70,0x0000000087680000)
 Metaspace       used 65645K, committed 67008K, reserved 1114112K
  class space    used 7146K, committed 7744K, reserved 1048576K
}
Event: 13.273 GC heap after
{Heap after GC invocations=58 (full 3):
 PSYoungGen      total 11264K, used 4265K [0x00000000d5580000, 0x00000000d6980000, 0x0000000100000000)
  eden space 6656K, 0% used [0x00000000d5580000,0x00000000d5580000,0x00000000d5c00000)
  from space 4608K, 92% used [0x00000000d5c00000,0x00000000d602a480,0x00000000d6080000)
  to   space 6144K, 0% used [0x00000000d6380000,0x00000000d6380000,0x00000000d6980000)
 ParOldGen       total 125952K, used 125811K [0x0000000080000000, 0x0000000087b00000, 0x00000000d5580000)
  object space 125952K, 99% used [0x0000000080000000,0x0000000087adcc70,0x0000000087b00000)
 Metaspace       used 65645K, committed 67008K, reserved 1114112K
  class space    used 7146K, committed 7744K, reserved 1048576K
}
Event: 13.311 GC heap before
{Heap before GC invocations=59 (full 3):
 PSYoungGen      total 11264K, used 10921K [0x00000000d5580000, 0x00000000d6980000, 0x0000000100000000)
  eden space 6656K, 100% used [0x00000000d5580000,0x00000000d5c00000,0x00000000d5c00000)
  from space 4608K, 92% used [0x00000000d5c00000,0x00000000d602a480,0x00000000d6080000)
  to   space 6144K, 0% used [0x00000000d6380000,0x00000000d6380000,0x00000000d6980000)
 ParOldGen       total 125952K, used 125811K [0x0000000080000000, 0x0000000087b00000, 0x00000000d5580000)
  object space 125952K, 99% used [0x0000000080000000,0x0000000087adcc70,0x0000000087b00000)
 Metaspace       used 65818K, committed 67200K, reserved 1114112K
  class space    used 7152K, committed 7744K, reserved 1048576K
}
Event: 13.315 GC heap after
{Heap after GC invocations=59 (full 3):
 PSYoungGen      total 11264K, used 10921K [0x00000000d5580000, 0x00000000d6980000, 0x0000000100000000)
  eden space 6656K, 100% used [0x00000000d5580000,0x00000000d5c00000,0x00000000d5c00000)
  from space 4608K, 92% used [0x00000000d5c00000,0x00000000d602a480,0x00000000d6080000)
  to   space 6144K, 29% used [0x00000000d6380000,0x00000000d6548000,0x00000000d6980000)
 ParOldGen       total 128512K, used 128403K [0x0000000080000000, 0x0000000087d80000, 0x00000000d5580000)
  object space 128512K, 99% used [0x0000000080000000,0x0000000087d64c70,0x0000000087d80000)
 Metaspace       used 65818K, committed 67200K, reserved 1114112K
  class space    used 7152K, committed 7744K, reserved 1048576K
}
Event: 13.315 GC heap before
{Heap before GC invocations=60 (full 4):
 PSYoungGen      total 11264K, used 10921K [0x00000000d5580000, 0x00000000d6980000, 0x0000000100000000)
  eden space 6656K, 100% used [0x00000000d5580000,0x00000000d5c00000,0x00000000d5c00000)
  from space 4608K, 92% used [0x00000000d5c00000,0x00000000d602a480,0x00000000d6080000)
  to   space 6144K, 29% used [0x00000000d6380000,0x00000000d6548000,0x00000000d6980000)
 ParOldGen       total 128512K, used 128403K [0x0000000080000000, 0x0000000087d80000, 0x00000000d5580000)
  object space 128512K, 99% used [0x0000000080000000,0x0000000087d64c70,0x0000000087d80000)
 Metaspace       used 65818K, committed 67200K, reserved 1114112K
  class space    used 7152K, committed 7744K, reserved 1048576K
}

Dll operation events (12 events):
Event: 0.012 Loaded shared library c:\Users\hp\.vscode\extensions\redhat.java-1.47.0-win32-x64\jre\21.0.8-win32-x86_64\bin\java.dll
Event: 0.068 Loaded shared library c:\Users\hp\.vscode\extensions\redhat.java-1.47.0-win32-x64\jre\21.0.8-win32-x86_64\bin\zip.dll
Event: 0.086 Loaded shared library C:\Users\hp\.vscode\extensions\redhat.java-1.47.0-win32-x64\jre\21.0.8-win32-x86_64\bin\instrument.dll
Event: 0.091 Loaded shared library C:\Users\hp\.vscode\extensions\redhat.java-1.47.0-win32-x64\jre\21.0.8-win32-x86_64\bin\net.dll
Event: 0.094 Loaded shared library C:\Users\hp\.vscode\extensions\redhat.java-1.47.0-win32-x64\jre\21.0.8-win32-x86_64\bin\nio.dll
Event: 0.097 Loaded shared library C:\Users\hp\.vscode\extensions\redhat.java-1.47.0-win32-x64\jre\21.0.8-win32-x86_64\bin\zip.dll
Event: 0.113 Loaded shared library C:\Users\hp\.vscode\extensions\redhat.java-1.47.0-win32-x64\jre\21.0.8-win32-x86_64\bin\jimage.dll
Event: 0.188 Loaded shared library c:\Users\hp\.vscode\extensions\redhat.java-1.47.0-win32-x64\jre\21.0.8-win32-x86_64\bin\verify.dll
Event: 1.519 Loaded shared library C:\Users\hp\AppData\Roaming\Code\User\globalStorage\redhat.java\1.47.0\config_win\org.eclipse.equinox.launcher\org.eclipse.equinox.launcher.win32.win32.x86_64_1.2.1400.v20250801-0854\eclipse_11916.dll
Event: 3.580 Loaded shared library E:\Temp\jna-3336\jna8197244903243502631.dll
Event: 5.942 Loaded shared library C:\Users\hp\.vscode\extensions\redhat.java-1.47.0-win32-x64\jre\21.0.8-win32-x86_64\bin\sunmscapi.dll
Event: 6.667 Loaded shared library C:\Users\hp\.vscode\extensions\redhat.java-1.47.0-win32-x64\jre\21.0.8-win32-x86_64\bin\extnet.dll

Deoptimization events (20 events):
Event: 13.260 Thread 0x0000028b07b8c420 DEOPT PACKING pc=0x0000028b2fe780d8 sp=0x000000e9956fbdf0
Event: 13.260 Thread 0x0000028b07b8c420 DEOPT UNPACKING pc=0x0000028b2f473aa2 sp=0x000000e9956fbde8 mode 2
Event: 13.260 Thread 0x0000028b07b8c420 Uncommon trap: trap_request=0xffffffde fr.pc=0x0000028b2fe780d8 relative=0x0000000000000c18
Event: 13.260 Thread 0x0000028b07b8c420 Uncommon trap: reason=class_check action=maybe_recompile pc=0x0000028b2fe780d8 method=java.io.FilterInputStream.read([B)I @ 5 c2
Event: 13.260 Thread 0x0000028b07b8c420 DEOPT PACKING pc=0x0000028b2fe780d8 sp=0x000000e9956fbdf0
Event: 13.260 Thread 0x0000028b07b8c420 DEOPT UNPACKING pc=0x0000028b2f473aa2 sp=0x000000e9956fbde8 mode 2
Event: 13.263 Thread 0x0000028b07b8c420 DEOPT PACKING pc=0x0000028b28699471 sp=0x000000e9956f88f0
Event: 13.263 Thread 0x0000028b07b8c420 DEOPT UNPACKING pc=0x0000028b2f474242 sp=0x000000e9956f7e98 mode 0
Event: 13.278 Thread 0x0000028b07b92000 Uncommon trap: trap_request=0xffffff45 fr.pc=0x0000028b2fe8a980 relative=0x0000000000000900
Event: 13.278 Thread 0x0000028b07b92000 Uncommon trap: reason=unstable_if action=reinterpret pc=0x0000028b2fe8a980 method=java.io.StringReader.read([CII)I @ 37 c2
Event: 13.278 Thread 0x0000028b07b92000 DEOPT PACKING pc=0x0000028b2fe8a980 sp=0x000000e995aff4b0
Event: 13.278 Thread 0x0000028b07b92000 DEOPT UNPACKING pc=0x0000028b2f473aa2 sp=0x000000e995aff3e8 mode 2
Event: 13.281 Thread 0x0000028b07b8c420 Uncommon trap: trap_request=0xffffffde fr.pc=0x0000028b2fe780d8 relative=0x0000000000000c18
Event: 13.281 Thread 0x0000028b07b8c420 Uncommon trap: reason=class_check action=maybe_recompile pc=0x0000028b2fe780d8 method=java.io.FilterInputStream.read([B)I @ 5 c2
Event: 13.281 Thread 0x0000028b07b8c420 DEOPT PACKING pc=0x0000028b2fe780d8 sp=0x000000e9956f8780
Event: 13.281 Thread 0x0000028b07b8c420 DEOPT UNPACKING pc=0x0000028b2f473aa2 sp=0x000000e9956f8778 mode 2
Event: 13.282 Thread 0x0000028b07b8c420 Uncommon trap: trap_request=0xffffffde fr.pc=0x0000028b2fe780d8 relative=0x0000000000000c18
Event: 13.282 Thread 0x0000028b07b8c420 Uncommon trap: reason=class_check action=maybe_recompile pc=0x0000028b2fe780d8 method=java.io.FilterInputStream.read([B)I @ 5 c2
Event: 13.282 Thread 0x0000028b07b8c420 DEOPT PACKING pc=0x0000028b2fe780d8 sp=0x000000e9956f8780
Event: 13.282 Thread 0x0000028b07b8c420 DEOPT UNPACKING pc=0x0000028b2f473aa2 sp=0x000000e9956f8778 mode 2

Classes loaded (20 events):
Event: 12.605 Loading class sun/security/ssl/Alert
Event: 12.606 Loading class sun/security/ssl/Alert done
Event: 12.607 Loading class sun/security/ssl/Alert$AlertConsumer
Event: 12.607 Loading class sun/security/ssl/Alert$AlertConsumer done
Event: 12.607 Loading class sun/security/ssl/Alert$Level
Event: 12.607 Loading class sun/security/ssl/Alert$Level done
Event: 12.676 Loading class java/util/Hashtable$KeySet
Event: 12.676 Loading class java/util/Hashtable$KeySet done
Event: 12.890 Loading class jdk/internal/event/SecurityPropertyModificationEvent
Event: 12.890 Loading class jdk/internal/event/SecurityPropertyModificationEvent done
Event: 12.978 Loading class java/util/zip/CheckedInputStream
Event: 12.980 Loading class java/util/zip/CheckedInputStream done
Event: 13.047 Loading class java/util/zip/GZIPInputStream$1
Event: 13.047 Loading class java/util/zip/GZIPInputStream$1 done
Event: 13.075 Loading class java/util/AbstractList$RandomAccessSubList
Event: 13.075 Loading class java/util/AbstractList$SubList
Event: 13.075 Loading class java/util/AbstractList$SubList done
Event: 13.075 Loading class java/util/AbstractList$RandomAccessSubList done
Event: 13.076 Loading class java/util/AbstractList$SubList$1
Event: 13.076 Loading class java/util/AbstractList$SubList$1 done

Classes unloaded (8 events):
Event: 4.499 Thread 0x0000028b24c977c0 Unloading class 0x0000028b3d1b0c00 'java/lang/invoke/LambdaForm$MH+0x0000028b3d1b0c00'
Event: 4.499 Thread 0x0000028b24c977c0 Unloading class 0x0000028b3d1b0800 'java/lang/invoke/LambdaForm$MH+0x0000028b3d1b0800'
Event: 4.499 Thread 0x0000028b24c977c0 Unloading class 0x0000028b3d1b0400 'java/lang/invoke/LambdaForm$MH+0x0000028b3d1b0400'
Event: 4.499 Thread 0x0000028b24c977c0 Unloading class 0x0000028b3d1b0000 'java/lang/invoke/LambdaForm$MH+0x0000028b3d1b0000'
Event: 4.499 Thread 0x0000028b24c977c0 Unloading class 0x0000028b3d1afc00 'java/lang/invoke/LambdaForm$BMH+0x0000028b3d1afc00'
Event: 4.499 Thread 0x0000028b24c977c0 Unloading class 0x0000028b3d1af800 'java/lang/invoke/LambdaForm$DMH+0x0000028b3d1af800'
Event: 4.499 Thread 0x0000028b24c977c0 Unloading class 0x0000028b3d1ae400 'java/lang/invoke/LambdaForm$DMH+0x0000028b3d1ae400'
Event: 6.312 Thread 0x0000028b24c977c0 Unloading class 0x0000028b3d32b400 'java/lang/invoke/LambdaForm$MH+0x0000028b3d32b400'

Classes redefined (0 events):
No events

Internal exceptions (20 events):
Event: 12.727 Thread 0x0000028b047db8a0 Exception <a 'java/io/FileNotFoundException'{0x00000000d5e28558}> (0x00000000d5e28558) 
thrown [s\src\hotspot\share\prims\jni.cpp, line 520]
Event: 12.727 Thread 0x0000028b047db8a0 Exception <a 'java/io/FileNotFoundException'{0x00000000d5e292b8}> (0x00000000d5e292b8) 
thrown [s\src\hotspot\share\prims\jni.cpp, line 520]
Event: 12.735 Thread 0x0000028b047db8a0 Exception <a 'sun/nio/fs/WindowsException'{0x00000000d5e5c720}> (0x00000000d5e5c720) 
thrown [s\src\hotspot\share\prims\jni.cpp, line 520]
Event: 12.735 Thread 0x0000028b047db8a0 Exception <a 'sun/nio/fs/WindowsException'{0x00000000d5e5cc08}> (0x00000000d5e5cc08) 
thrown [s\src\hotspot\share\prims\jni.cpp, line 520]
Event: 12.735 Thread 0x0000028b047db8a0 Exception <a 'sun/nio/fs/WindowsException'{0x00000000d5e5d630}> (0x00000000d5e5d630) 
thrown [s\src\hotspot\share\prims\jni.cpp, line 520]
Event: 12.736 Thread 0x0000028b047db8a0 Exception <a 'sun/nio/fs/WindowsException'{0x00000000d5e5db18}> (0x00000000d5e5db18) 
thrown [s\src\hotspot\share\prims\jni.cpp, line 520]
Event: 12.810 Thread 0x0000028b047db8a0 Exception <a 'java/lang/NoSuchMethodError'{0x00000000d60ed2c8}: 'java.lang.Object java.lang.invoke.DirectMethodHandle$Holder.invokeStatic(java.lang.Object, java.lang.Object, int, java.lang.Object)'> (0x00000000d60ed2c8) 
thrown [s\src\hotspot\share\interpreter\linkResolver.cpp, line 773]
Event: 12.811 Thread 0x0000028b047db8a0 Exception <a 'java/lang/NoSuchMethodError'{0x00000000d6116da8}: 'java.lang.Object java.lang.invoke.DirectMethodHandle$Holder.newInvokeSpecial(java.lang.Object, java.lang.Object, int)'> (0x00000000d6116da8) 
thrown [s\src\hotspot\share\interpreter\linkResolver.cpp, line 773]
Event: 12.896 Thread 0x0000028b07b8d7d0 Exception <a 'sun/nio/fs/WindowsException'{0x00000000d576a250}> (0x00000000d576a250) 
thrown [s\src\hotspot\share\prims\jni.cpp, line 520]
Event: 12.896 Thread 0x0000028b07b8d7d0 Exception <a 'sun/nio/fs/WindowsException'{0x00000000d576aa08}> (0x00000000d576aa08) 
thrown [s\src\hotspot\share\prims\jni.cpp, line 520]
Event: 12.897 Thread 0x0000028b07b8d7d0 Exception <a 'sun/nio/fs/WindowsException'{0x00000000d576b720}> (0x00000000d576b720) 
thrown [s\src\hotspot\share\prims\jni.cpp, line 520]
Event: 12.897 Thread 0x0000028b07b8d7d0 Exception <a 'sun/nio/fs/WindowsException'{0x00000000d576beb8}> (0x00000000d576beb8) 
thrown [s\src\hotspot\share\prims\jni.cpp, line 520]
Event: 12.898 Thread 0x0000028b07b8d7d0 Exception <a 'sun/nio/fs/WindowsException'{0x00000000d576d2c0}> (0x00000000d576d2c0) 
thrown [s\src\hotspot\share\prims\jni.cpp, line 520]
Event: 12.898 Thread 0x0000028b07b8d7d0 Exception <a 'sun/nio/fs/WindowsException'{0x00000000d577f1e8}> (0x00000000d577f1e8) 
thrown [s\src\hotspot\share\prims\jni.cpp, line 520]
Event: 12.899 Thread 0x0000028b07b8d7d0 Exception <a 'sun/nio/fs/WindowsException'{0x00000000d577fec0}> (0x00000000d577fec0) 
thrown [s\src\hotspot\share\prims\jni.cpp, line 520]
Event: 12.899 Thread 0x0000028b07b8d7d0 Exception <a 'sun/nio/fs/WindowsException'{0x00000000d57803a8}> (0x00000000d57803a8) 
thrown [s\src\hotspot\share\prims\jni.cpp, line 520]
Event: 13.058 Thread 0x0000028b07f0bde0 Exception <a 'java/lang/NoSuchMethodError'{0x00000000d5597da8}: 'java.lang.Object java.lang.invoke.DirectMethodHandle$Holder.invokeStaticInit(java.lang.Object, java.lang.Object, java.lang.Object)'> (0x00000000d5597da8) 
thrown [s\src\hotspot\share\interpreter\linkResolver.cpp, line 773]
Event: 13.118 Thread 0x0000028b047ded20 Exception <a 'java/io/FileNotFoundException'{0x00000000d5674ad8}> (0x00000000d5674ad8) 
thrown [s\src\hotspot\share\prims\jni.cpp, line 520]
Event: 13.118 Thread 0x0000028b047ded20 Exception <a 'java/io/FileNotFoundException'{0x00000000d56b1558}> (0x00000000d56b1558) 
thrown [s\src\hotspot\share\prims\jni.cpp, line 520]
Event: 13.119 Thread 0x0000028b047ded20 Exception <a 'java/io/FileNotFoundException'{0x00000000d56be5d8}> (0x00000000d56be5d8) 
thrown [s\src\hotspot\share\prims\jni.cpp, line 520]

ZGC Phase Switch (0 events):
No events

VM Operations (20 events):
Event: 13.158 Executing VM operation: ParallelGCFailedAllocation (Allocation Failure) done
Event: 13.164 Executing VM operation: ParallelGCFailedAllocation (Allocation Failure)
Event: 13.169 Executing VM operation: ParallelGCFailedAllocation (Allocation Failure) done
Event: 13.175 Executing VM operation: ParallelGCFailedAllocation (Allocation Failure)
Event: 13.178 Executing VM operation: ParallelGCFailedAllocation (Allocation Failure) done
Event: 13.185 Executing VM operation: ParallelGCFailedAllocation (Allocation Failure)
Event: 13.187 Executing VM operation: ParallelGCFailedAllocation (Allocation Failure) done
Event: 13.194 Executing VM operation: ParallelGCFailedAllocation (Allocation Failure)
Event: 13.197 Executing VM operation: ParallelGCFailedAllocation (Allocation Failure) done
Event: 13.205 Executing VM operation: ParallelGCFailedAllocation (Allocation Failure)
Event: 13.210 Executing VM operation: ParallelGCFailedAllocation (Allocation Failure) done
Event: 13.218 Executing VM operation: ParallelGCFailedAllocation (Allocation Failure)
Event: 13.224 Executing VM operation: ParallelGCFailedAllocation (Allocation Failure) done
Event: 13.235 Executing VM operation: ParallelGCFailedAllocation (Allocation Failure)
Event: 13.240 Executing VM operation: ParallelGCFailedAllocation (Allocation Failure) done
Event: 13.252 Executing VM operation: ParallelGCFailedAllocation (Allocation Failure)
Event: 13.257 Executing VM operation: ParallelGCFailedAllocation (Allocation Failure) done
Event: 13.268 Executing VM operation: ParallelGCFailedAllocation (Allocation Failure)
Event: 13.273 Executing VM operation: ParallelGCFailedAllocation (Allocation Failure) done
Event: 13.311 Executing VM operation: ParallelGCFailedAllocation (Allocation Failure)

Memory protections (0 events):
No events

Nmethod flushes (20 events):
Event: 11.664 Thread 0x0000028b24c977c0 flushing  nmethod 0x0000028b28689090
Event: 11.664 Thread 0x0000028b24c977c0 flushing osr nmethod 0x0000028b2868e790
Event: 11.664 Thread 0x0000028b24c977c0 flushing osr nmethod 0x0000028b286c8990
Event: 11.664 Thread 0x0000028b24c977c0 flushing  nmethod 0x0000028b286e4d90
Event: 11.664 Thread 0x0000028b24c977c0 flushing  nmethod 0x0000028b286f3810
Event: 11.664 Thread 0x0000028b24c977c0 flushing  nmethod 0x0000028b286f4190
Event: 11.664 Thread 0x0000028b24c977c0 flushing  nmethod 0x0000028b286f4c10
Event: 11.664 Thread 0x0000028b24c977c0 flushing  nmethod 0x0000028b286f6510
Event: 11.665 Thread 0x0000028b24c977c0 flushing  nmethod 0x0000028b2870fc90
Event: 11.665 Thread 0x0000028b24c977c0 flushing  nmethod 0x0000028b28711590
Event: 11.665 Thread 0x0000028b24c977c0 flushing  nmethod 0x0000028b28715790
Event: 11.665 Thread 0x0000028b24c977c0 flushing  nmethod 0x0000028b28716510
Event: 11.665 Thread 0x0000028b24c977c0 flushing  nmethod 0x0000028b28717f10
Event: 11.665 Thread 0x0000028b24c977c0 flushing  nmethod 0x0000028b2874d390
Event: 11.665 Thread 0x0000028b24c977c0 flushing  nmethod 0x0000028b2874eb90
Event: 11.665 Thread 0x0000028b24c977c0 flushing  nmethod 0x0000028b28754610
Event: 11.665 Thread 0x0000028b24c977c0 flushing  nmethod 0x0000028b28769c10
Event: 11.665 Thread 0x0000028b24c977c0 flushing  nmethod 0x0000028b287b8810
Event: 11.665 Thread 0x0000028b24c977c0 flushing  nmethod 0x0000028b287bbe90
Event: 11.665 Thread 0x0000028b24c977c0 flushing  nmethod 0x0000028b287dbd10

Events (20 events):
Event: 5.993 Thread 0x0000028b24d251d0 Thread added: 0x0000028b07f09d10
Event: 5.993 Thread 0x0000028b24d251d0 Thread added: 0x0000028b07f06f20
Event: 6.032 Thread 0x0000028b24d251d0 Thread added: 0x0000028b07f0b750
Event: 6.762 Thread 0x0000028b24d251d0 Thread added: 0x0000028b07f0aa30
Event: 6.762 Thread 0x0000028b24d251d0 Thread added: 0x0000028b07f0b0c0
Event: 7.283 Thread 0x0000028b047de690 Thread added: 0x0000028b07f0bde0
Event: 7.285 Thread 0x0000028b07f0bde0 Thread exited: 0x0000028b07f0bde0
Event: 7.588 Thread 0x0000028b047de690 Thread added: 0x0000028b07f0d820
Event: 8.907 Thread 0x0000028b047db8a0 Thread added: 0x0000028b07f0bde0
Event: 8.908 Thread 0x0000028b07f0bde0 Thread added: 0x0000028b07f0c470
Event: 8.909 Thread 0x0000028b07f0c470 Thread added: 0x0000028b07b8bd90
Event: 12.651 Thread 0x0000028b07f0c470 Thread added: 0x0000028b07b8d7d0
Event: 12.766 Thread 0x0000028b07f0b0c0 Thread added: 0x0000028b07b8e4f0
Event: 12.772 Thread 0x0000028b07b8e4f0 Thread added: 0x0000028b07b8f8a0
Event: 12.777 Thread 0x0000028b07b8f8a0 Thread added: 0x0000028b07b8c420
Event: 12.781 Thread 0x0000028b07b8c420 Thread added: 0x0000028b07b8de60
Event: 12.783 Thread 0x0000028b07b8de60 Thread added: 0x0000028b07b8cab0
Event: 12.787 Thread 0x0000028b07b8c420 Thread added: 0x0000028b07b912e0
Event: 12.907 Thread 0x0000028b07b8f8a0 Thread added: 0x0000028b07b92000
Event: 13.278 Thread 0x0000028b07b92000 Thread exited: 0x0000028b07b92000


Dynamic libraries:
0x00007ff756130000 - 0x00007ff75613e000 	c:\Users\hp\.vscode\extensions\redhat.java-1.47.0-win32-x64\jre\21.0.8-win32-x86_64\bin\java.exe
0x00007ff89b8a0000 - 0x00007ff89bb08000 	C:\WINDOWS\SYSTEM32\ntdll.dll
0x00007ff89a9e0000 - 0x00007ff89aaa9000 	C:\WINDOWS\System32\KERNEL32.DLL
0x00007ff8990f0000 - 0x00007ff8994e2000 	C:\WINDOWS\System32\KERNELBASE.dll
0x00007ff898bb0000 - 0x00007ff898cfb000 	C:\WINDOWS\System32\ucrtbase.dll
0x00007ff879110000 - 0x00007ff87912e000 	c:\Users\hp\.vscode\extensions\redhat.java-1.47.0-win32-x64\jre\21.0.8-win32-x86_64\bin\VCRUNTIME140.dll
0x00007ff8791e0000 - 0x00007ff8791f8000 	c:\Users\hp\.vscode\extensions\redhat.java-1.47.0-win32-x64\jre\21.0.8-win32-x86_64\bin\jli.dll
0x00007ff89a140000 - 0x00007ff89a305000 	C:\WINDOWS\System32\USER32.dll
0x00007ff898b80000 - 0x00007ff898ba7000 	C:\WINDOWS\System32\win32u.dll
0x00007ff89a110000 - 0x00007ff89a13b000 	C:\WINDOWS\System32\GDI32.dll
0x00007ff8801b0000 - 0x00007ff880443000 	C:\WINDOWS\WinSxS\amd64_microsoft.windows.common-controls_6595b64144ccf1df_6.0.26100.6899_none_3e0efeeae32e88c1\COMCTL32.dll
0x00007ff898e50000 - 0x00007ff898f7d000 	C:\WINDOWS\System32\gdi32full.dll
0x00007ff89a410000 - 0x00007ff89a4b9000 	C:\WINDOWS\System32\msvcrt.dll
0x00007ff898a30000 - 0x00007ff898ad3000 	C:\WINDOWS\System32\msvcp_win.dll
0x00007ff899f70000 - 0x00007ff899f9f000 	C:\WINDOWS\System32\IMM32.DLL
0x0000000050fd0000 - 0x0000000050fdc000 	C:\Program Files (x86)\360\Total Security\safemon\SafeWrapper.dll
0x00007ff8997e0000 - 0x00007ff899894000 	C:\WINDOWS\System32\ADVAPI32.dll
0x00007ff89a520000 - 0x00007ff89a5c6000 	C:\WINDOWS\System32\sechost.dll
0x00007ff8996c0000 - 0x00007ff8997d8000 	C:\WINDOWS\System32\RPCRT4.dll
0x00007ff861ef0000 - 0x00007ff861f9c000 	C:\Program Files (x86)\360\Total Security\safemon\libzdtp64.dll
0x00007ff89ab80000 - 0x00007ff89b2cd000 	C:\WINDOWS\System32\SHELL32.dll
0x00007ff898f80000 - 0x00007ff8990eb000 	C:\WINDOWS\System32\wintypes.dll
0x00007ff89a660000 - 0x00007ff89a9db000 	C:\WINDOWS\System32\combase.dll
0x00007ff89b3c0000 - 0x00007ff89b422000 	C:\WINDOWS\System32\SHLWAPI.dll
0x00007ff898520000 - 0x00007ff89852b000 	C:\WINDOWS\SYSTEM32\VERSION.dll
0x00007ff880cb0000 - 0x00007ff880cbc000 	c:\Users\hp\.vscode\extensions\redhat.java-1.47.0-win32-x64\jre\21.0.8-win32-x86_64\bin\vcruntime140_1.dll
0x00007ff8120c0000 - 0x00007ff81214d000 	c:\Users\hp\.vscode\extensions\redhat.java-1.47.0-win32-x64\jre\21.0.8-win32-x86_64\bin\msvcp140.dll
0x00007ffff9bc0000 - 0x00007ffffa957000 	c:\Users\hp\.vscode\extensions\redhat.java-1.47.0-win32-x64\jre\21.0.8-win32-x86_64\bin\server\jvm.dll
0x00007ff899ef0000 - 0x00007ff899f64000 	C:\WINDOWS\System32\WS2_32.dll
0x00007ff898890000 - 0x00007ff8988ee000 	C:\WINDOWS\SYSTEM32\POWRPROF.dll
0x00007ff8911c0000 - 0x00007ff8911f5000 	C:\WINDOWS\SYSTEM32\WINMM.dll
0x00007ff898870000 - 0x00007ff898884000 	C:\WINDOWS\SYSTEM32\UMPDC.dll
0x00007ff897750000 - 0x00007ff89776b000 	C:\WINDOWS\SYSTEM32\kernel.appcore.dll
0x00007ff880c70000 - 0x00007ff880c7a000 	c:\Users\hp\.vscode\extensions\redhat.java-1.47.0-win32-x64\jre\21.0.8-win32-x86_64\bin\jimage.dll
0x00007ff8957a0000 - 0x00007ff8959e2000 	C:\WINDOWS\SYSTEM32\DBGHELP.DLL
0x00007ff89b2d0000 - 0x00007ff89b3a7000 	C:\WINDOWS\System32\OLEAUT32.dll
0x00007ff879610000 - 0x00007ff87964c000 	C:\WINDOWS\SYSTEM32\dbgcore.DLL
0x00007ff898ae0000 - 0x00007ff898b78000 	C:\WINDOWS\System32\bcryptPrimitives.dll
0x00007ff880b90000 - 0x00007ff880b9f000 	c:\Users\hp\.vscode\extensions\redhat.java-1.47.0-win32-x64\jre\21.0.8-win32-x86_64\bin\instrument.dll
0x00007ff8729d0000 - 0x00007ff8729ef000 	c:\Users\hp\.vscode\extensions\redhat.java-1.47.0-win32-x64\jre\21.0.8-win32-x86_64\bin\java.dll
0x00007ff8965d0000 - 0x00007ff896e2d000 	C:\WINDOWS\SYSTEM32\windows.storage.dll
0x00007ff89b430000 - 0x00007ff89b522000 	C:\WINDOWS\System32\SHCORE.dll
0x00007ff898950000 - 0x00007ff898979000 	C:\WINDOWS\SYSTEM32\profapi.dll
0x00007ff872740000 - 0x00007ff872758000 	c:\Users\hp\.vscode\extensions\redhat.java-1.47.0-win32-x64\jre\21.0.8-win32-x86_64\bin\zip.dll
0x00007ff880b20000 - 0x00007ff880b30000 	C:\Users\hp\.vscode\extensions\redhat.java-1.47.0-win32-x64\jre\21.0.8-win32-x86_64\bin\net.dll
0x00007ff892610000 - 0x00007ff89272f000 	C:\WINDOWS\SYSTEM32\WINHTTP.dll
0x00007ff897ca0000 - 0x00007ff897d0b000 	C:\WINDOWS\system32\mswsock.dll
0x00007ff872640000 - 0x00007ff872656000 	C:\Users\hp\.vscode\extensions\redhat.java-1.47.0-win32-x64\jre\21.0.8-win32-x86_64\bin\nio.dll
0x00007ff880ae0000 - 0x00007ff880af0000 	c:\Users\hp\.vscode\extensions\redhat.java-1.47.0-win32-x64\jre\21.0.8-win32-x86_64\bin\verify.dll
0x00007ff860400000 - 0x00007ff860444000 	C:\Users\hp\AppData\Roaming\Code\User\globalStorage\redhat.java\1.47.0\config_win\org.eclipse.equinox.launcher\org.eclipse.equinox.launcher.win32.win32.x86_64_1.2.1400.v20250801-0854\eclipse_11916.dll
0x00007ff899d40000 - 0x00007ff899ed8000 	C:\WINDOWS\System32\ole32.dll
0x00007ff898080000 - 0x00007ff89809b000 	C:\WINDOWS\SYSTEM32\CRYPTSP.dll
0x00007ff8976b0000 - 0x00007ff8976eb000 	C:\WINDOWS\system32\rsaenh.dll
0x00007ff897d40000 - 0x00007ff897d6b000 	C:\WINDOWS\SYSTEM32\USERENV.dll
0x00007ff898920000 - 0x00007ff898946000 	C:\WINDOWS\SYSTEM32\bcrypt.dll
0x00007ff897ee0000 - 0x00007ff897eec000 	C:\WINDOWS\SYSTEM32\CRYPTBASE.dll
0x00007ff897150000 - 0x00007ff897184000 	C:\WINDOWS\SYSTEM32\IPHLPAPI.DLL
0x00007ff899ee0000 - 0x00007ff899eea000 	C:\WINDOWS\System32\NSI.dll
0x00007ff846f80000 - 0x00007ff846fc9000 	E:\Temp\jna-3336\jna8197244903243502631.dll
0x00007ff89b3b0000 - 0x00007ff89b3b8000 	C:\WINDOWS\System32\PSAPI.DLL
0x00007ff892a60000 - 0x00007ff892a7e000 	C:\WINDOWS\SYSTEM32\dhcpcsvc6.DLL
0x00007ff892a10000 - 0x00007ff892a33000 	C:\WINDOWS\SYSTEM32\dhcpcsvc.DLL
0x00007ff8807d0000 - 0x00007ff8807de000 	C:\Users\hp\.vscode\extensions\redhat.java-1.47.0-win32-x64\jre\21.0.8-win32-x86_64\bin\sunmscapi.dll
0x00007ff8994f0000 - 0x00007ff899667000 	C:\WINDOWS\System32\CRYPT32.dll
0x00007ff8981d0000 - 0x00007ff898200000 	C:\WINDOWS\SYSTEM32\ncrypt.dll
0x00007ff898180000 - 0x00007ff8981bf000 	C:\WINDOWS\SYSTEM32\NTASN1.dll
0x00007ff897190000 - 0x00007ff8972b6000 	C:\WINDOWS\SYSTEM32\DNSAPI.dll
0x00007ff88eed0000 - 0x00007ff88eedb000 	C:\Windows\System32\rasadhlp.dll
0x00007ff892fa0000 - 0x00007ff893026000 	C:\WINDOWS\System32\fwpuclnt.dll
0x00007ff8805a0000 - 0x00007ff8805a9000 	C:\Users\hp\.vscode\extensions\redhat.java-1.47.0-win32-x64\jre\21.0.8-win32-x86_64\bin\extnet.dll

JVMTI agents:
c:\Users\hp\.vscode\extensions\redhat.java-1.47.0-win32-x64\lombok\lombok-1.18.39-4050.jar path:c:\Users\hp\.vscode\extensions\redhat.java-1.47.0-win32-x64\jre\21.0.8-win32-x86_64\bin\instrument.dll, loaded, initialized, instrumentlib options:none

dbghelp: loaded successfully - version: 4.0.5 - missing functions: none
symbol engine: initialized successfully - sym options: 0x614 - pdb path: .;c:\Users\hp\.vscode\extensions\redhat.java-1.47.0-win32-x64\jre\21.0.8-win32-x86_64\bin;C:\WINDOWS\SYSTEM32;C:\WINDOWS\WinSxS\amd64_microsoft.windows.common-controls_6595b64144ccf1df_6.0.26100.6899_none_3e0efeeae32e88c1;C:\Program Files (x86)\360\Total Security\safemon;c:\Users\hp\.vscode\extensions\redhat.java-1.47.0-win32-x64\jre\21.0.8-win32-x86_64\bin\server;C:\Users\hp\AppData\Roaming\Code\User\globalStorage\redhat.java\1.47.0\config_win\org.eclipse.equinox.launcher\org.eclipse.equinox.launcher.win32.win32.x86_64_1.2.1400.v20250801-0854;E:\Temp\jna-3336

VM Arguments:
jvm_args: --add-modules=ALL-SYSTEM --add-opens=java.base/java.util=ALL-UNNAMED --add-opens=java.base/java.lang=ALL-UNNAMED --add-opens=java.base/sun.nio.fs=ALL-UNNAMED -Declipse.application=org.eclipse.jdt.ls.core.id1 -Dosgi.bundles.defaultStartLevel=4 -Declipse.product=org.eclipse.jdt.ls.core.product -Djava.import.generatesMetadataFilesAtProjectRoot=false -DDetectVMInstallationsJob.disabled=true -Dfile.encoding=utf8 -XX:+UseParallelGC -XX:GCTimeRatio=4 -XX:AdaptiveSizePolicyWeight=90 -Dsun.zip.disableMemoryMapping=true -Xmx2G -Xms100m -Xlog:disable -javaagent:c:\Users\hp\.vscode\extensions\redhat.java-1.47.0-win32-x64\lombok\lombok-1.18.39-4050.jar -XX:+HeapDumpOnOutOfMemoryError -XX:HeapDumpPath=c:\Users\hp\AppData\Roaming\Code\User\workspaceStorage\55e016f5bd7ac8ed0f363e88609f9171\redhat.java -Daether.dependencyCollector.impl=bf 
java_command: c:\Users\hp\.vscode\extensions\redhat.java-1.47.0-win32-x64\server\plugins\org.eclipse.equinox.launcher_1.7.100.v20251014-1222.jar -configuration c:\Users\hp\AppData\Roaming\Code\User\globalStorage\redhat.java\1.47.0\config_win -data c:\Users\hp\AppData\Roaming\Code\User\workspaceStorage\55e016f5bd7ac8ed0f363e88609f9171\redhat.java\jdt_ws --pipe=\\.\pipe\lsp-2e439f988db2dec04abb20f090ee59b5-sock
java_class_path (initial): c:\Users\hp\.vscode\extensions\redhat.java-1.47.0-win32-x64\server\plugins\org.eclipse.equinox.launcher_1.7.100.v20251014-1222.jar
Launcher Type: SUN_STANDARD

[Global flags]
    uintx AdaptiveSizePolicyWeight                 = 90                                        {product} {command line}
     intx CICompilerCount                          = 4                                         {product} {ergonomic}
    uintx GCTimeRatio                              = 4                                         {product} {command line}
     bool HeapDumpOnOutOfMemoryError               = true                                   {manageable} {command line}
    ccstr HeapDumpPath                             = c:\Users\hp\AppData\Roaming\Code\User\workspaceStorage\55e016f5bd7ac8ed0f363e88609f9171\redhat.java         {manageable} {command line}
   size_t InitialHeapSize                          = 104857600                                 {product} {command line}
   size_t MaxHeapSize                              = 2147483648                                {product} {command line}
   size_t MaxNewSize                               = 715653120                                 {product} {ergonomic}
   size_t MinHeapDeltaBytes                        = 524288                                    {product} {ergonomic}
   size_t MinHeapSize                              = 104857600                                 {product} {command line}
   size_t NewSize                                  = 34603008                                  {product} {ergonomic}
    uintx NonNMethodCodeHeapSize                   = 5839372                                {pd product} {ergonomic}
    uintx NonProfiledCodeHeapSize                  = 122909434                              {pd product} {ergonomic}
   size_t OldSize                                  = 70254592                                  {product} {ergonomic}
    uintx ProfiledCodeHeapSize                     = 122909434                              {pd product} {ergonomic}
    uintx ReservedCodeCacheSize                    = 251658240                              {pd product} {ergonomic}
     bool SegmentedCodeCache                       = true                                      {product} {ergonomic}
   size_t SoftMaxHeapSize                          = 2147483648                             {manageable} {ergonomic}
     bool UseCompressedOops                        = true                           {product lp64_product} {ergonomic}
     bool UseLargePagesIndividualAllocation        = false                                  {pd product} {ergonomic}
     bool UseParallelGC                            = true                                      {product} {command line}

Logging:
Log output configuration:
 #0: stdout all=off uptime,level,tags foldmultilines=false
 #1: stderr all=off uptime,level,tags foldmultilines=false

Environment Variables:
JAVA_HOME=E:\Java\
PATH=E:\Java\bin;C:\Program Files\Python313\Scripts\;C:\Program Files\Python313\;C:\WINDOWS\system32;C:\WINDOWS;C:\WINDOWS\System32\Wbem;C:\WINDOWS\System32\WindowsPowerShell\v1.0\;C:\WINDOWS\System32\OpenSSH\;C:\Program Files\Git\cmd;C:\Program Files\dotnet\;C:\ProgramData\chocolatey\bin;C:\Program Files\Vim\vim91;C:\Program Files\nodejs\;C:\Users\hp\ffmpeg-2025-07-23-git-829680f96a-essentials_build\ffmpeg-2025-07-23-git-829680f96a-essentials_build\bin;C:\MinGW\bin;C:\Program Files\PowerShell\7\;C:\Program Files\Eclipse Adoptium\jdk-21.0.6.7-hotspot\bin;C:\Program Files\Python313\Scripts\;C:\Program Files\Python313\;C:\WINDOWS\system32;C:\WINDOWS;C:\WINDOWS\System32\Wbem;C:\WINDOWS\System32\WindowsPowerShell\v1.0\;C:\WINDOWS\System32\OpenSSH\;C:\Program Files\Git\cmd;C:\Program Files\dotnet\;C:\ProgramData\chocolatey\bin;C:\Program Files\Vim\vim91;C:\Program Files\nodejs\;C:\Program Files\PowerShell\7\;C:\Users\hp\ffmpeg-2025-07-23-git-829680f96a-essentials_build\ffmpeg-2025-07-23-git-829680f96a-essentials_build\bin;C:\MinGW\bin;C:\Users\hp\AppData\Local\Microsoft\WindowsApps;C:\Users\hp\AppData\Local\GitHubDesktop\bin;C:\Users\hp\.dotnet\tools;C:\Users\hp\AppData\Local\Programs\Microsoft VS Code Insiders\bin;C:\Users\hp\AppData\Local\Muse Hub\lib;C:\Users\hp\AppData\Roaming\npm;C:\Users\hp\AppData\Local\Programs\Microsoft VS Code\bin;;E:\Users\hp\Android\Sdk\emulator
USERNAME=hp
OS=Windows_NT
PROCESSOR_IDENTIFIER=AMD64 Family 23 Model 96 Stepping 1, AuthenticAMD
TMP=E:\Temp
TEMP=E:\Temp




Periodic native trim disabled

---------------  S Y S T E M  ---------------

OS:
 Windows 11 , 64 bit Build 26100 (10.0.26100.6725)
OS uptime: 3 days 14:53 hours
Hyper-V role detected

CPU: total 12 (initial active 12) (12 cores per cpu, 2 threads per core) family 23 model 96 stepping 1 microcode 0x8600109, cx8, cmov, fxsr, ht, mmx, 3dnowpref, sse, sse2, sse3, ssse3, sse4a, sse4.1, sse4.2, popcnt, lzcnt, tsc, tscinvbit, avx, avx2, aes, clmul, bmi1, bmi2, adx, sha, fma, vzeroupper, clflush, clflushopt, hv, rdtscp, rdpid, f16c
Processor Information for the first 12 processors :
  Max Mhz: 2100, Current Mhz: 2100, Mhz Limit: 2100

Memory: 4k page, system-wide physical 15697M (3001M free)
TotalPageFile size 21765M (AvailPageFile size 8M)
current process WorkingSet (physical memory assigned to process): 379M, peak: 389M
current process commit charge ("private bytes"): 449M, peak: 1699M

vm_info: OpenJDK 64-Bit Server VM (21.0.8+9-LTS) for windows-amd64 JRE (21.0.8+9-LTS), built on 2025-07-15T00:00:00Z by "admin" with MS VC++ 17.7 (VS2022)

END.
