#
# There is insufficient memory for the Java Runtime Environment to continue.
# Native memory allocation (malloc) failed to allocate 1302496 bytes. Error detail: Chunk::new
# Possible reasons:
#   The system is out of physical RAM or swap space
#   This process is running with CompressedOops enabled, and the Java Heap may be blocking the growth of the native heap
# Possible solutions:
#   Reduce memory load on the system
#   Increase physical memory or swap space
#   Check if swap backing store is full
#   Decrease Java heap size (-Xmx/-Xms)
#   Decrease number of Java threads
#   Decrease Java thread stack sizes (-Xss)
#   Set larger code cache with -XX:ReservedCodeCacheSize=
#   JVM is running with Unscaled Compressed Oops mode in which the Java heap is
#     placed in the first 4GB address space. The Java Heap base address is the
#     maximum limit for the native heap growth. Please use -XX:HeapBaseMinAddress
#     to set the Java Heap base and to place the Java Heap above 4GB virtual address.
# This output file may be truncated or incomplete.
#
#  Out of Memory Error (arena.cpp:168), pid=45412, tid=38732
#
# JRE version: OpenJDK Runtime Environment Temurin-21.0.8+9 (21.0.8+9) (build 21.0.8+9-LTS)
# Java VM: OpenJDK 64-Bit Server VM Temurin-21.0.8+9 (21.0.8+9-LTS, mixed mode, sharing, tiered, compressed oops, compressed class ptrs, parallel gc, windows-amd64)
# No core dump will be written. Minidumps are not enabled by default on client versions of Windows
#

---------------  S U M M A R Y ------------

Command Line: --add-modules=ALL-SYSTEM --add-opens=java.base/java.util=ALL-UNNAMED --add-opens=java.base/java.lang=ALL-UNNAMED --add-opens=java.base/sun.nio.fs=ALL-UNNAMED -Declipse.application=org.eclipse.jdt.ls.core.id1 -Dosgi.bundles.defaultStartLevel=4 -Declipse.product=org.eclipse.jdt.ls.core.product -Djava.import.generatesMetadataFilesAtProjectRoot=false -DDetectVMInstallationsJob.disabled=true -Dfile.encoding=utf8 -XX:+UseParallelGC -XX:GCTimeRatio=4 -XX:AdaptiveSizePolicyWeight=90 -Dsun.zip.disableMemoryMapping=true -Xmx2G -Xms100m -Xlog:disable -javaagent:c:\Users\hp\.vscode\extensions\redhat.java-1.47.0-win32-x64\lombok\lombok-1.18.39-4050.jar -XX:+HeapDumpOnOutOfMemoryError -XX:HeapDumpPath=c:\Users\hp\AppData\Roaming\Code\User\workspaceStorage\55e016f5bd7ac8ed0f363e88609f9171\redhat.java -Daether.dependencyCollector.impl=bf c:\Users\hp\.vscode\extensions\redhat.java-1.47.0-win32-x64\server\plugins\org.eclipse.equinox.launcher_1.7.100.v20251014-1222.jar -configuration c:\Users\hp\AppData\Roaming\Code\User\globalStorage\redhat.java\1.47.0\config_win -data c:\Users\hp\AppData\Roaming\Code\User\workspaceStorage\55e016f5bd7ac8ed0f363e88609f9171\redhat.java\jdt_ws --pipe=\\.\pipe\lsp-c2f2a8dee8acb1a5dc9b6857aed3b38f-sock

Host: AMD Ryzen 5 PRO 4650U with Radeon Graphics, 12 cores, 15G,  Windows 11 , 64 bit Build 26100 (10.0.26100.6725)
Time: Fri Oct 31 19:36:54 2025 Bangladesh Standard Time elapsed time: 8.388679 seconds (0d 0h 0m 8s)

---------------  T H R E A D  ---------------

Current thread (0x000002a86dcc9dc0):  JavaThread "C2 CompilerThread1" daemon [_thread_in_native, id=38732, stack(0x000000c0ac200000,0x000000c0ac300000) (1024K)]


Current CompileTask:
C2:8388 7784       4       org.eclipse.jdt.internal.compiler.lookup.BinaryTypeBinding::createMethod (1666 bytes)

Stack: [0x000000c0ac200000,0x000000c0ac300000]
Native frames: (J=compiled Java code, j=interpreted, Vv=VM code, C=native code)
V  [jvm.dll+0x6d2449]
V  [jvm.dll+0x8ae341]
V  [jvm.dll+0x8b08be]
V  [jvm.dll+0x8b0fa3]
V  [jvm.dll+0x280c96]
V  [jvm.dll+0xc581d]
V  [jvm.dll+0xc5d53]
V  [jvm.dll+0x2f539d]
V  [jvm.dll+0x5fa00a]
V  [jvm.dll+0x252092]
V  [jvm.dll+0x25244f]
V  [jvm.dll+0x24ad14]
V  [jvm.dll+0x2483a4]
V  [jvm.dll+0x1c89ee]
V  [jvm.dll+0x257d4d]
V  [jvm.dll+0x2562ea]
V  [jvm.dll+0x3f2d16]
V  [jvm.dll+0x857e6b]
V  [jvm.dll+0x6d0b0d]
C  [ucrtbase.dll+0x37b0]
C  [KERNEL32.DLL+0x2e8d7]
C  [ntdll.dll+0x8c53c]


---------------  P R O C E S S  ---------------

Threads class SMR info:
_java_thread_list=0x000002a87795f740, length=71, elements={
0x000002a853d34970, 0x000002a85617e8b0, 0x000002a856275200, 0x000002a856278840,
0x000002a85627d230, 0x000002a8562833f0, 0x000002a856287660, 0x000002a86dcc6010,
0x000002a86dccb900, 0x000002a86ddbf200, 0x000002a86dfffef0, 0x000002a87399ee70,
0x000002a873c43060, 0x000002a873827c70, 0x000002a873c025a0, 0x000002a873dd2470,
0x000002a873a94660, 0x000002a86dcc9dc0, 0x000002a873eb47a0, 0x000002a874278e30,
0x000002a87447d920, 0x000002a87447dfb0, 0x000002a87447ecd0, 0x000002a86dcca490,
0x000002a87447d290, 0x000002a87447e640, 0x000002a87447bee0, 0x000002a87447cc00,
0x000002a87447f360, 0x000002a87447c570, 0x000002a8774b3b60, 0x000002a8774b41f0,
0x000002a8774b0d70, 0x000002a8774b1400, 0x000002a8774b2120, 0x000002a8774b27b0,
0x000002a8774b1a90, 0x000002a8774b4880, 0x000002a8774b4f10, 0x000002a8774b55a0,
0x000002a8774b5c30, 0x000002a8774b62c0, 0x000002a8774b2e40, 0x000002a8774b34d0,
0x000002a8774b6950, 0x000002a8774b7670, 0x000002a8774b8390, 0x000002a8774b6fe0,
0x000002a87733e280, 0x000002a8773409e0, 0x000002a87733dbf0, 0x000002a87733e910,
0x000002a87733fcc0, 0x000002a87733efa0, 0x000002a877343140, 0x000002a877342420,
0x000002a877342ab0, 0x000002a8773437d0, 0x000002a877341070, 0x000002a877343e60,
0x000002a8773444f0, 0x000002a877344b80, 0x000002a877341700, 0x000002a876daa6d0,
0x000002a876da99b0, 0x000002a876daa040, 0x000002a876dab3f0, 0x000002a876dac7a0,
0x000002a876ce3cb0, 0x000002a876ce2f90, 0x000002a876ce5d80
}

Java Threads: ( => current thread )
  0x000002a853d34970 JavaThread "main"                              [_thread_blocked, id=40044, stack(0x000000c0ab300000,0x000000c0ab400000) (1024K)]
  0x000002a85617e8b0 JavaThread "Reference Handler"          daemon [_thread_blocked, id=39008, stack(0x000000c0ab700000,0x000000c0ab800000) (1024K)]
  0x000002a856275200 JavaThread "Finalizer"                  daemon [_thread_blocked, id=46472, stack(0x000000c0ab800000,0x000000c0ab900000) (1024K)]
  0x000002a856278840 JavaThread "Signal Dispatcher"          daemon [_thread_blocked, id=4020, stack(0x000000c0ab900000,0x000000c0aba00000) (1024K)]
  0x000002a85627d230 JavaThread "Attach Listener"            daemon [_thread_blocked, id=43028, stack(0x000000c0aba00000,0x000000c0abb00000) (1024K)]
  0x000002a8562833f0 JavaThread "Service Thread"             daemon [_thread_blocked, id=47716, stack(0x000000c0abb00000,0x000000c0abc00000) (1024K)]
  0x000002a856287660 JavaThread "Monitor Deflation Thread"   daemon [_thread_blocked, id=47720, stack(0x000000c0abc00000,0x000000c0abd00000) (1024K)]
  0x000002a86dcc6010 JavaThread "C2 CompilerThread0"         daemon [_thread_in_native, id=24892, stack(0x000000c0abd00000,0x000000c0abe00000) (1024K)]
  0x000002a86dccb900 JavaThread "C1 CompilerThread0"         daemon [_thread_blocked, id=26704, stack(0x000000c0abe00000,0x000000c0abf00000) (1024K)]
  0x000002a86ddbf200 JavaThread "Common-Cleaner"             daemon [_thread_blocked, id=10768, stack(0x000000c0abf00000,0x000000c0ac000000) (1024K)]
  0x000002a86dfffef0 JavaThread "Notification Thread"        daemon [_thread_blocked, id=41548, stack(0x000000c0ac100000,0x000000c0ac200000) (1024K)]
  0x000002a87399ee70 JavaThread "Active Thread: Equinox Container: 1de2bcd0-9592-40ea-a376-389719bb96a7"        [_thread_blocked, id=46380, stack(0x000000c0ac900000,0x000000c0aca00000) (1024K)]
  0x000002a873c43060 JavaThread "Refresh Thread: Equinox Container: 1de2bcd0-9592-40ea-a376-389719bb96a7" daemon [_thread_blocked, id=37156, stack(0x000000c0aca00000,0x000000c0acb00000) (1024K)]
  0x000002a873827c70 JavaThread "Framework Event Dispatcher: Equinox Container: 1de2bcd0-9592-40ea-a376-389719bb96a7" daemon [_thread_blocked, id=41356, stack(0x000000c0acc00000,0x000000c0acd00000) (1024K)]
  0x000002a873c025a0 JavaThread "Start Level: Equinox Container: 1de2bcd0-9592-40ea-a376-389719bb96a7" daemon [_thread_blocked, id=45900, stack(0x000000c0acd00000,0x000000c0ace00000) (1024K)]
  0x000002a873dd2470 JavaThread "Bundle File Closer"         daemon [_thread_blocked, id=37168, stack(0x000000c0ad000000,0x000000c0ad100000) (1024K)]
  0x000002a873a94660 JavaThread "SCR Component Actor"        daemon [_thread_blocked, id=41520, stack(0x000000c0ac000000,0x000000c0ac100000) (1024K)]
=>0x000002a86dcc9dc0 JavaThread "C2 CompilerThread1"         daemon [_thread_in_native, id=38732, stack(0x000000c0ac200000,0x000000c0ac300000) (1024K)]
  0x000002a873eb47a0 JavaThread "Worker-JM"                         [_thread_blocked, id=41900, stack(0x000000c0ad100000,0x000000c0ad200000) (1024K)]
  0x000002a874278e30 JavaThread "JNA Cleaner"                daemon [_thread_blocked, id=24020, stack(0x000000c0ad200000,0x000000c0ad300000) (1024K)]
  0x000002a87447d920 JavaThread "Worker-0"                          [_thread_blocked, id=28244, stack(0x000000c0ad300000,0x000000c0ad400000) (1024K)]
  0x000002a87447dfb0 JavaThread "Worker-1"                          [_thread_blocked, id=39364, stack(0x000000c0ad400000,0x000000c0ad500000) (1024K)]
  0x000002a87447ecd0 JavaThread "Worker-2"                          [_thread_blocked, id=43308, stack(0x000000c0ad500000,0x000000c0ad600000) (1024K)]
  0x000002a86dcca490 JavaThread "C2 CompilerThread2"         daemon [_thread_in_native, id=25844, stack(0x000000c0ad600000,0x000000c0ad700000) (1024K)]
  0x000002a87447d290 JavaThread "Java indexing"              daemon [_thread_blocked, id=38648, stack(0x000000c0ad700000,0x000000c0ad800000) (1024K)]
  0x000002a87447e640 JavaThread "Worker-3"                          [_thread_blocked, id=46096, stack(0x000000c0adb00000,0x000000c0adc00000) (1024K)]
  0x000002a87447bee0 JavaThread "Worker-4"                          [_thread_blocked, id=33144, stack(0x000000c0adc00000,0x000000c0add00000) (1024K)]
  0x000002a87447cc00 JavaThread "Thread-1"                   daemon [_thread_in_native, id=28960, stack(0x000000c0add00000,0x000000c0ade00000) (1024K)]
  0x000002a87447f360 JavaThread "Thread-2"                   daemon [_thread_in_native, id=44256, stack(0x000000c0ade00000,0x000000c0adf00000) (1024K)]
  0x000002a87447c570 JavaThread "Thread-3"                   daemon [_thread_in_native, id=3228, stack(0x000000c0adf00000,0x000000c0ae000000) (1024K)]
  0x000002a8774b3b60 JavaThread "Thread-4"                   daemon [_thread_in_native, id=43136, stack(0x000000c0ae000000,0x000000c0ae100000) (1024K)]
  0x000002a8774b41f0 JavaThread "Thread-5"                   daemon [_thread_in_native, id=41532, stack(0x000000c0ae100000,0x000000c0ae200000) (1024K)]
  0x000002a8774b0d70 JavaThread "Thread-6"                   daemon [_thread_in_native, id=42400, stack(0x000000c0ae200000,0x000000c0ae300000) (1024K)]
  0x000002a8774b1400 JavaThread "Thread-7"                   daemon [_thread_in_native, id=46704, stack(0x000000c0ae300000,0x000000c0ae400000) (1024K)]
  0x000002a8774b2120 JavaThread "Thread-8"                   daemon [_thread_in_native, id=40876, stack(0x000000c0ae400000,0x000000c0ae500000) (1024K)]
  0x000002a8774b27b0 JavaThread "Thread-9"                   daemon [_thread_in_native, id=24228, stack(0x000000c0ae500000,0x000000c0ae600000) (1024K)]
  0x000002a8774b1a90 JavaThread "Thread-10"                  daemon [_thread_in_native, id=38992, stack(0x000000c0ae600000,0x000000c0ae700000) (1024K)]
  0x000002a8774b4880 JavaThread "Thread-11"                  daemon [_thread_in_native, id=1604, stack(0x000000c0ae700000,0x000000c0ae800000) (1024K)]
  0x000002a8774b4f10 JavaThread "Thread-12"                  daemon [_thread_in_native, id=23160, stack(0x000000c0ae800000,0x000000c0ae900000) (1024K)]
  0x000002a8774b55a0 JavaThread "Thread-13"                  daemon [_thread_in_native, id=42672, stack(0x000000c0ae900000,0x000000c0aea00000) (1024K)]
  0x000002a8774b5c30 JavaThread "pool-2-thread-1"                   [_thread_blocked, id=46008, stack(0x000000c0aea00000,0x000000c0aeb00000) (1024K)]
  0x000002a8774b62c0 JavaThread "Worker-5"                          [_thread_blocked, id=36576, stack(0x000000c0aeb00000,0x000000c0aec00000) (1024K)]
  0x000002a8774b2e40 JavaThread "WorkspaceEventsHandler"            [_thread_blocked, id=29644, stack(0x000000c0aec00000,0x000000c0aed00000) (1024K)]
  0x000002a8774b34d0 JavaThread "pool-1-thread-1"                   [_thread_blocked, id=46264, stack(0x000000c0aed00000,0x000000c0aee00000) (1024K)]
  0x000002a8774b6950 JavaThread "Compiler Source File Reader" daemon [_thread_blocked, id=41040, stack(0x000000c0aee00000,0x000000c0aef00000) (1024K)]
  0x000002a8774b7670 JavaThread "Compiler Source File Reader" daemon [_thread_blocked, id=46592, stack(0x000000c0aef00000,0x000000c0af000000) (1024K)]
  0x000002a8774b8390 JavaThread "Compiler Source File Reader" daemon [_thread_blocked, id=41956, stack(0x000000c0af000000,0x000000c0af100000) (1024K)]
  0x000002a8774b6fe0 JavaThread "Compiler Source File Reader" daemon [_thread_blocked, id=43080, stack(0x000000c0af100000,0x000000c0af200000) (1024K)]
  0x000002a87733e280 JavaThread "Compiler Source File Reader" daemon [_thread_blocked, id=7096, stack(0x000000c0af200000,0x000000c0af300000) (1024K)]
  0x000002a8773409e0 JavaThread "Compiler Source File Reader" daemon [_thread_blocked, id=40532, stack(0x000000c0af300000,0x000000c0af400000) (1024K)]
  0x000002a87733dbf0 JavaThread "Compiler Source File Reader" daemon [_thread_blocked, id=10912, stack(0x000000c0af400000,0x000000c0af500000) (1024K)]
  0x000002a87733e910 JavaThread "Compiler Source File Reader" daemon [_thread_blocked, id=9552, stack(0x000000c0af500000,0x000000c0af600000) (1024K)]
  0x000002a87733fcc0 JavaThread "Compiler Source File Reader" daemon [_thread_blocked, id=40572, stack(0x000000c0af600000,0x000000c0af700000) (1024K)]
  0x000002a87733efa0 JavaThread "Compiler Source File Reader" daemon [_thread_blocked, id=45752, stack(0x000000c0af700000,0x000000c0af800000) (1024K)]
  0x000002a877343140 JavaThread "Compiler Processing Task"   daemon [_thread_blocked, id=46964, stack(0x000000c0af800000,0x000000c0af900000) (1024K)]
  0x000002a877342420 JavaThread "Compiler Class File Writer" daemon [_thread_blocked, id=13696, stack(0x000000c0af900000,0x000000c0afa00000) (1024K)]
  0x000002a877342ab0 JavaThread "Compiler Class File Writer" daemon [_thread_blocked, id=37080, stack(0x000000c0afa00000,0x000000c0afb00000) (1024K)]
  0x000002a8773437d0 JavaThread "Compiler Class File Writer" daemon [_thread_blocked, id=41064, stack(0x000000c0afb00000,0x000000c0afc00000) (1024K)]
  0x000002a877341070 JavaThread "Compiler Class File Writer" daemon [_thread_blocked, id=46296, stack(0x000000c0afc00000,0x000000c0afd00000) (1024K)]
  0x000002a877343e60 JavaThread "Compiler Class File Writer" daemon [_thread_blocked, id=47380, stack(0x000000c0afd00000,0x000000c0afe00000) (1024K)]
  0x000002a8773444f0 JavaThread "Compiler Class File Writer" daemon [_thread_blocked, id=26620, stack(0x000000c0afe00000,0x000000c0aff00000) (1024K)]
  0x000002a877344b80 JavaThread "Compiler Class File Writer" daemon [_thread_blocked, id=4452, stack(0x000000c0aff00000,0x000000c0b0000000) (1024K)]
  0x000002a877341700 JavaThread "Compiler Class File Writer" daemon [_thread_blocked, id=38264, stack(0x000000c0b0000000,0x000000c0b0100000) (1024K)]
  0x000002a876daa6d0 JavaThread "Compiler Class File Writer" daemon [_thread_blocked, id=36532, stack(0x000000c0b0100000,0x000000c0b0200000) (1024K)]
  0x000002a876da99b0 JavaThread "Compiler Class File Writer" daemon [_thread_blocked, id=45428, stack(0x000000c0b0200000,0x000000c0b0300000) (1024K)]
  0x000002a876daa040 JavaThread "ForkJoinPool.commonPool-worker-1" daemon [_thread_blocked, id=45932, stack(0x000000c0b0300000,0x000000c0b0400000) (1024K)]
  0x000002a876dab3f0 JavaThread "ForkJoinPool.commonPool-worker-2" daemon [_thread_blocked, id=27524, stack(0x000000c0b0400000,0x000000c0b0500000) (1024K)]
  0x000002a876dac7a0 JavaThread "ForkJoinPool.commonPool-worker-3" daemon [_thread_blocked, id=43004, stack(0x000000c0b0500000,0x000000c0b0600000) (1024K)]
  0x000002a876ce3cb0 JavaThread "ForkJoinPool.commonPool-worker-4" daemon [_thread_in_native, id=20968, stack(0x000000c0b0600000,0x000000c0b0700000) (1024K)]
  0x000002a876ce2f90 JavaThread "ForkJoinPool.commonPool-worker-5" daemon [_thread_blocked, id=29168, stack(0x000000c0b0700000,0x000000c0b0800000) (1024K)]
  0x000002a876ce5d80 JavaThread "ForkJoinPool.commonPool-worker-6" daemon [_thread_blocked, id=18176, stack(0x000000c0b0800000,0x000000c0b0900000) (1024K)]
Total: 71

Other Threads:
  0x000002a8562709e0 VMThread "VM Thread"                           [id=29208, stack(0x000000c0ab600000,0x000000c0ab700000) (1024K)]
  0x000002a85605ca00 WatcherThread "VM Periodic Task Thread"        [id=45160, stack(0x000000c0ab500000,0x000000c0ab600000) (1024K)]
  0x000002a8562144c0 WorkerThread "GC Thread#0"                     [id=41020, stack(0x000000c0ab400000,0x000000c0ab500000) (1024K)]
  0x000002a87367f8f0 WorkerThread "GC Thread#1"                     [id=12548, stack(0x000000c0ac300000,0x000000c0ac400000) (1024K)]
  0x000002a87367fc90 WorkerThread "GC Thread#2"                     [id=39632, stack(0x000000c0ac400000,0x000000c0ac500000) (1024K)]
  0x000002a873781970 WorkerThread "GC Thread#3"                     [id=47512, stack(0x000000c0ac500000,0x000000c0ac600000) (1024K)]
  0x000002a873781d10 WorkerThread "GC Thread#4"                     [id=42528, stack(0x000000c0ac600000,0x000000c0ac700000) (1024K)]
  0x000002a8737820b0 WorkerThread "GC Thread#5"                     [id=41868, stack(0x000000c0ac700000,0x000000c0ac800000) (1024K)]
  0x000002a8739a9b40 WorkerThread "GC Thread#6"                     [id=29676, stack(0x000000c0ac800000,0x000000c0ac900000) (1024K)]
  0x000002a8733620c0 WorkerThread "GC Thread#7"                     [id=47924, stack(0x000000c0acb00000,0x000000c0acc00000) (1024K)]
  0x000002a873362f40 WorkerThread "GC Thread#8"                     [id=41060, stack(0x000000c0ace00000,0x000000c0acf00000) (1024K)]
  0x000002a873362800 WorkerThread "GC Thread#9"                     [id=14928, stack(0x000000c0acf00000,0x000000c0ad000000) (1024K)]
Total: 12

Threads with active compile tasks:
C2 CompilerThread0  8449 7912   !   4       org.eclipse.osgi.internal.loader.classpath.ClasspathManager::defineClass (636 bytes)
C2 CompilerThread1  8449 7784       4       org.eclipse.jdt.internal.compiler.lookup.BinaryTypeBinding::createMethod (1666 bytes)
C2 CompilerThread2  8449 7935   !   4       org.eclipse.osgi.internal.loader.BundleLoader::findClass0 (490 bytes)
Total: 3

VM state: not at safepoint (normal execution)

VM Mutex/Monitor currently owned by a thread: None

Heap address: 0x0000000080000000, size: 2048 MB, Compressed Oops mode: 32-bit

CDS archive(s) mapped at: [0x000002a800000000-0x000002a800ba0000-0x000002a800ba0000), size 12189696, SharedBaseAddress: 0x000002a800000000, ArchiveRelocationMode: 1.
Compressed class space mapped at: 0x000002a801000000-0x000002a841000000, reserved size: 1073741824
Narrow klass base: 0x000002a800000000, Narrow klass shift: 0, Narrow klass range: 0x100000000

GC Precious Log:
 CardTable entry size: 512
 CPUs: 12 total, 12 available
 Memory: 15697M
 Large Page Support: Disabled
 NUMA Support: Disabled
 Compressed Oops: Enabled (32-bit)
 Alignments: Space 512K, Generation 512K, Heap 2M
 Heap Min Capacity: 100M
 Heap Initial Capacity: 100M
 Heap Max Capacity: 2G
 Pre-touch: Disabled
 Parallel Workers: 10

Heap:
 PSYoungGen      total 16896K, used 11789K [0x00000000d5580000, 0x00000000d6800000, 0x0000000100000000)
  eden space 15360K, 69% used [0x00000000d5580000,0x00000000d5fe8848,0x00000000d6480000)
  from space 1536K, 73% used [0x00000000d6480000,0x00000000d659ac78,0x00000000d6600000)
  to   space 1536K, 0% used [0x00000000d6680000,0x00000000d6680000,0x00000000d6800000)
 ParOldGen       total 68608K, used 41270K [0x0000000080000000, 0x0000000084300000, 0x00000000d5580000)
  object space 68608K, 60% used [0x0000000080000000,0x000000008284db28,0x0000000084300000)
 Metaspace       used 60752K, committed 62080K, reserved 1114112K
  class space    used 6497K, committed 7040K, reserved 1048576K

Card table byte_map: [0x000002a855b70000,0x000002a855f80000] _byte_map_base: 0x000002a855770000

Marking Bits: (ParMarkBitMap*) 0x00007fffda6da340
 Begin Bits: [0x000002a868670000, 0x000002a86a670000)
 End Bits:   [0x000002a86a670000, 0x000002a86c670000)

Polling page: 0x000002a8557e0000

Metaspace:

Usage:
  Non-class:     52.98 MB used.
      Class:      6.35 MB used.
       Both:     59.33 MB used.

Virtual space:
  Non-class space:       64.00 MB reserved,      53.75 MB ( 84%) committed,  1 nodes.
      Class space:        1.00 GB reserved,       6.88 MB ( <1%) committed,  1 nodes.
             Both:        1.06 GB reserved,      60.62 MB (  6%) committed. 

Chunk freelists:
   Non-Class:  9.94 MB
       Class:  8.94 MB
        Both:  18.88 MB

MaxMetaspaceSize: unlimited
CompressedClassSpaceSize: 1.00 GB
Initial GC threshold: 21.00 MB
Current GC threshold: 98.12 MB
CDS: on
 - commit_granule_bytes: 65536.
 - commit_granule_words: 8192.
 - virtual_space_node_default_size: 8388608.
 - enlarge_chunks_in_place: 1.
 - use_allocation_guard: 0.


Internal statistics:

num_allocs_failed_limit: 15.
num_arena_births: 994.
num_arena_deaths: 14.
num_vsnodes_births: 2.
num_vsnodes_deaths: 0.
num_space_committed: 970.
num_space_uncommitted: 0.
num_chunks_returned_to_freelist: 29.
num_chunks_taken_from_freelist: 3909.
num_chunk_merges: 19.
num_chunk_splits: 2356.
num_chunks_enlarged: 1266.
num_inconsistent_stats: 0.

CodeHeap 'non-profiled nmethods': size=120000Kb used=4094Kb max_used=4203Kb free=115905Kb
 bounds [0x000002a860e90000, 0x000002a8612c0000, 0x000002a8683c0000]
CodeHeap 'profiled nmethods': size=120000Kb used=16148Kb max_used=16286Kb free=103852Kb
 bounds [0x000002a8593c0000, 0x000002a85a3b0000, 0x000002a8608f0000]
CodeHeap 'non-nmethods': size=5760Kb used=1430Kb max_used=1480Kb free=4329Kb
 bounds [0x000002a8608f0000, 0x000002a860b60000, 0x000002a860e90000]
CodeCache: size=245760Kb, used=21672Kb, max_used=21969Kb, free=224086Kb
 total_blobs=8075, nmethods=7332, adapters=649, full_count=0
Compilation: enabled, stopped_count=0, restarted_count=0

Compilation events (20 events):
Event: 8.376 Thread 0x000002a86dccb900 8107       1       org.eclipse.jdt.internal.core.BinaryMethod::getParameterTypes (5 bytes)
Event: 8.376 Thread 0x000002a86dccb900 nmethod 8107 0x000002a860fe3d10 code [0x000002a860fe3ea0, 0x000002a860fe3f68]
Event: 8.376 Thread 0x000002a86dccb900 8105       1       org.eclipse.jdt.internal.compiler.ast.AbstractMethodDeclaration::isDefaultConstructor (2 bytes)
Event: 8.376 Thread 0x000002a86dccb900 nmethod 8105 0x000002a860fe3a10 code [0x000002a860fe3ba0, 0x000002a860fe3c68]
Event: 8.376 Thread 0x000002a86dccb900 8116       2       org.eclipse.jdt.internal.core.util.MementoTokenizer::nextToken (647 bytes)
Event: 8.377 Thread 0x000002a86dccb900 nmethod 8116 0x000002a859ce8010 code [0x000002a859ce8320, 0x000002a859ce8f28]
Event: 8.377 Thread 0x000002a86dccb900 8117       2       org.lombokweb.asm.ByteVector::put122 (93 bytes)
Event: 8.378 Thread 0x000002a86dccb900 nmethod 8117 0x000002a85984e110 code [0x000002a85984e2c0, 0x000002a85984e4f8]
Event: 8.378 Thread 0x000002a86dccb900 8119       2       com.google.gson.internal.bind.ObjectTypeAdapter$1::create (25 bytes)
Event: 8.378 Thread 0x000002a86dccb900 nmethod 8119 0x000002a859a14010 code [0x000002a859a141c0, 0x000002a859a143b8]
Event: 8.380 Thread 0x000002a86dccb900 8120       3       org.lombokweb.asm.MethodWriter::putMethodInfo (1274 bytes)
Event: 8.383 Thread 0x000002a86dccb900 nmethod 8120 0x000002a859816f10 code [0x000002a8598175e0, 0x000002a859819a78]
Event: 8.383 Thread 0x000002a86dccb900 8124       2       java.util.IdentityHashMap::closeDeletion (107 bytes)
Event: 8.384 Thread 0x000002a86dccb900 nmethod 8124 0x000002a859816610 code [0x000002a8598167e0, 0x000002a859816c08]
Event: 8.384 Thread 0x000002a86dccb900 8121       2       com.google.gson.stream.JsonWriter::beginObject (12 bytes)
Event: 8.384 Thread 0x000002a86dccb900 nmethod 8121 0x000002a859a6bf90 code [0x000002a859a6c180, 0x000002a859a6c3a0]
Event: 8.384 Thread 0x000002a86dccb900 8122       2       com.google.gson.stream.JsonWriter::endObject (9 bytes)
Event: 8.384 Thread 0x000002a86dccb900 nmethod 8122 0x000002a859d20890 code [0x000002a859d20a40, 0x000002a859d20b78]
Event: 8.386 Thread 0x000002a86dccb900 8125       2       org.eclipse.core.internal.runtime.InternalPlatform::getDefault (4 bytes)
Event: 8.386 Thread 0x000002a86dccb900 nmethod 8125 0x000002a8599af790 code [0x000002a8599af920, 0x000002a8599afa10]

GC Heap History (20 events):
Event: 6.059 GC heap before
{Heap before GC invocations=29 (full 2):
 PSYoungGen      total 21504K, used 21504K [0x00000000d5580000, 0x00000000d6e80000, 0x0000000100000000)
  eden space 20480K, 100% used [0x00000000d5580000,0x00000000d6980000,0x00000000d6980000)
  from space 1024K, 100% used [0x00000000d6b80000,0x00000000d6c80000,0x00000000d6c80000)
  to   space 2048K, 0% used [0x00000000d6980000,0x00000000d6980000,0x00000000d6b80000)
 ParOldGen       total 68608K, used 36763K [0x0000000080000000, 0x0000000084300000, 0x00000000d5580000)
  object space 68608K, 53% used [0x0000000080000000,0x00000000823e6f00,0x0000000084300000)
 Metaspace       used 49809K, committed 51072K, reserved 1114112K
  class space    used 5397K, committed 5952K, reserved 1048576K
}
Event: 6.061 GC heap after
{Heap after GC invocations=29 (full 2):
 PSYoungGen      total 21504K, used 896K [0x00000000d5580000, 0x00000000d6c80000, 0x0000000100000000)
  eden space 20480K, 0% used [0x00000000d5580000,0x00000000d5580000,0x00000000d6980000)
  from space 1024K, 87% used [0x00000000d6980000,0x00000000d6a60000,0x00000000d6a80000)
  to   space 1536K, 0% used [0x00000000d6b00000,0x00000000d6b00000,0x00000000d6c80000)
 ParOldGen       total 68608K, used 37667K [0x0000000080000000, 0x0000000084300000, 0x00000000d5580000)
  object space 68608K, 54% used [0x0000000080000000,0x00000000824c8f00,0x0000000084300000)
 Metaspace       used 49809K, committed 51072K, reserved 1114112K
  class space    used 5397K, committed 5952K, reserved 1048576K
}
Event: 6.441 GC heap before
{Heap before GC invocations=30 (full 2):
 PSYoungGen      total 21504K, used 21375K [0x00000000d5580000, 0x00000000d6c80000, 0x0000000100000000)
  eden space 20480K, 99% used [0x00000000d5580000,0x00000000d697fff8,0x00000000d6980000)
  from space 1024K, 87% used [0x00000000d6980000,0x00000000d6a60000,0x00000000d6a80000)
  to   space 1536K, 0% used [0x00000000d6b00000,0x00000000d6b00000,0x00000000d6c80000)
 ParOldGen       total 68608K, used 37667K [0x0000000080000000, 0x0000000084300000, 0x00000000d5580000)
  object space 68608K, 54% used [0x0000000080000000,0x00000000824c8f00,0x0000000084300000)
 Metaspace       used 52322K, committed 53632K, reserved 1114112K
  class space    used 5653K, committed 6208K, reserved 1048576K
}
Event: 6.444 GC heap after
{Heap after GC invocations=30 (full 2):
 PSYoungGen      total 20480K, used 1533K [0x00000000d5580000, 0x00000000d6f80000, 0x0000000100000000)
  eden space 18944K, 0% used [0x00000000d5580000,0x00000000d5580000,0x00000000d6800000)
  from space 1536K, 99% used [0x00000000d6b00000,0x00000000d6c7f7d0,0x00000000d6c80000)
  to   space 3072K, 0% used [0x00000000d6800000,0x00000000d6800000,0x00000000d6b00000)
 ParOldGen       total 68608K, used 38635K [0x0000000080000000, 0x0000000084300000, 0x00000000d5580000)
  object space 68608K, 56% used [0x0000000080000000,0x00000000825baf20,0x0000000084300000)
 Metaspace       used 52322K, committed 53632K, reserved 1114112K
  class space    used 5653K, committed 6208K, reserved 1048576K
}
Event: 6.754 GC heap before
{Heap before GC invocations=31 (full 2):
 PSYoungGen      total 20480K, used 20477K [0x00000000d5580000, 0x00000000d6f80000, 0x0000000100000000)
  eden space 18944K, 100% used [0x00000000d5580000,0x00000000d6800000,0x00000000d6800000)
  from space 1536K, 99% used [0x00000000d6b00000,0x00000000d6c7f7d0,0x00000000d6c80000)
  to   space 3072K, 0% used [0x00000000d6800000,0x00000000d6800000,0x00000000d6b00000)
 ParOldGen       total 68608K, used 38635K [0x0000000080000000, 0x0000000084300000, 0x00000000d5580000)
  object space 68608K, 56% used [0x0000000080000000,0x00000000825baf20,0x0000000084300000)
 Metaspace       used 54069K, committed 55360K, reserved 1114112K
  class space    used 5841K, committed 6400K, reserved 1048576K
}
Event: 6.756 GC heap after
{Heap after GC invocations=31 (full 2):
 PSYoungGen      total 19968K, used 768K [0x00000000d5580000, 0x00000000d6b80000, 0x0000000100000000)
  eden space 18944K, 0% used [0x00000000d5580000,0x00000000d5580000,0x00000000d6800000)
  from space 1024K, 75% used [0x00000000d6800000,0x00000000d68c0000,0x00000000d6900000)
  to   space 1536K, 0% used [0x00000000d6a00000,0x00000000d6a00000,0x00000000d6b80000)
 ParOldGen       total 68608K, used 40112K [0x0000000080000000, 0x0000000084300000, 0x00000000d5580000)
  object space 68608K, 58% used [0x0000000080000000,0x000000008272c058,0x0000000084300000)
 Metaspace       used 54069K, committed 55360K, reserved 1114112K
  class space    used 5841K, committed 6400K, reserved 1048576K
}
Event: 7.100 GC heap before
{Heap before GC invocations=32 (full 2):
 PSYoungGen      total 19968K, used 19712K [0x00000000d5580000, 0x00000000d6b80000, 0x0000000100000000)
  eden space 18944K, 100% used [0x00000000d5580000,0x00000000d6800000,0x00000000d6800000)
  from space 1024K, 75% used [0x00000000d6800000,0x00000000d68c0000,0x00000000d6900000)
  to   space 1536K, 0% used [0x00000000d6a00000,0x00000000d6a00000,0x00000000d6b80000)
 ParOldGen       total 68608K, used 40112K [0x0000000080000000, 0x0000000084300000, 0x00000000d5580000)
  object space 68608K, 58% used [0x0000000080000000,0x000000008272c058,0x0000000084300000)
 Metaspace       used 54835K, committed 56128K, reserved 1114112K
  class space    used 5886K, committed 6464K, reserved 1048576K
}
Event: 7.105 GC heap after
{Heap after GC invocations=32 (full 2):
 PSYoungGen      total 16896K, used 1517K [0x00000000d5580000, 0x00000000d7300000, 0x0000000100000000)
  eden space 15360K, 0% used [0x00000000d5580000,0x00000000d5580000,0x00000000d6480000)
  from space 1536K, 98% used [0x00000000d6a00000,0x00000000d6b7b710,0x00000000d6b80000)
  to   space 5632K, 0% used [0x00000000d6480000,0x00000000d6480000,0x00000000d6a00000)
 ParOldGen       total 68608K, used 43133K [0x0000000080000000, 0x0000000084300000, 0x00000000d5580000)
  object space 68608K, 62% used [0x0000000080000000,0x0000000082a1f6d0,0x0000000084300000)
 Metaspace       used 54835K, committed 56128K, reserved 1114112K
  class space    used 5886K, committed 6464K, reserved 1048576K
}
Event: 7.215 GC heap before
{Heap before GC invocations=33 (full 2):
 PSYoungGen      total 16896K, used 16877K [0x00000000d5580000, 0x00000000d7300000, 0x0000000100000000)
  eden space 15360K, 100% used [0x00000000d5580000,0x00000000d6480000,0x00000000d6480000)
  from space 1536K, 98% used [0x00000000d6a00000,0x00000000d6b7b710,0x00000000d6b80000)
  to   space 5632K, 0% used [0x00000000d6480000,0x00000000d6480000,0x00000000d6a00000)
 ParOldGen       total 68608K, used 43133K [0x0000000080000000, 0x0000000084300000, 0x00000000d5580000)
  object space 68608K, 62% used [0x0000000080000000,0x0000000082a1f6d0,0x0000000084300000)
 Metaspace       used 54866K, committed 56128K, reserved 1114112K
  class space    used 5886K, committed 6464K, reserved 1048576K
}
Event: 7.219 GC heap after
{Heap after GC invocations=33 (full 2):
 PSYoungGen      total 16896K, used 1076K [0x00000000d5580000, 0x00000000d6a80000, 0x0000000100000000)
  eden space 15360K, 0% used [0x00000000d5580000,0x00000000d5580000,0x00000000d6480000)
  from space 1536K, 70% used [0x00000000d6480000,0x00000000d658d0d0,0x00000000d6600000)
  to   space 2560K, 0% used [0x00000000d6800000,0x00000000d6800000,0x00000000d6a80000)
 ParOldGen       total 68608K, used 44664K [0x0000000080000000, 0x0000000084300000, 0x00000000d5580000)
  object space 68608K, 65% used [0x0000000080000000,0x0000000082b9e3c8,0x0000000084300000)
 Metaspace       used 54866K, committed 56128K, reserved 1114112K
  class space    used 5886K, committed 6464K, reserved 1048576K
}
Event: 7.392 GC heap before
{Heap before GC invocations=34 (full 2):
 PSYoungGen      total 16896K, used 16436K [0x00000000d5580000, 0x00000000d6a80000, 0x0000000100000000)
  eden space 15360K, 100% used [0x00000000d5580000,0x00000000d6480000,0x00000000d6480000)
  from space 1536K, 70% used [0x00000000d6480000,0x00000000d658d0d0,0x00000000d6600000)
  to   space 2560K, 0% used [0x00000000d6800000,0x00000000d6800000,0x00000000d6a80000)
 ParOldGen       total 68608K, used 44664K [0x0000000080000000, 0x0000000084300000, 0x00000000d5580000)
  object space 68608K, 65% used [0x0000000080000000,0x0000000082b9e3c8,0x0000000084300000)
 Metaspace       used 56005K, committed 57280K, reserved 1114112K
  class space    used 5983K, committed 6528K, reserved 1048576K
}
Event: 7.393 GC heap after
{Heap after GC invocations=34 (full 2):
 PSYoungGen      total 15872K, used 320K [0x00000000d5580000, 0x00000000d6880000, 0x0000000100000000)
  eden space 15360K, 0% used [0x00000000d5580000,0x00000000d5580000,0x00000000d6480000)
  from space 512K, 62% used [0x00000000d6800000,0x00000000d6850000,0x00000000d6880000)
  to   space 1024K, 0% used [0x00000000d6680000,0x00000000d6680000,0x00000000d6780000)
 ParOldGen       total 68608K, used 44915K [0x0000000080000000, 0x0000000084300000, 0x00000000d5580000)
  object space 68608K, 65% used [0x0000000080000000,0x0000000082bdcce8,0x0000000084300000)
 Metaspace       used 56005K, committed 57280K, reserved 1114112K
  class space    used 5983K, committed 6528K, reserved 1048576K
}
Event: 7.839 GC heap before
{Heap before GC invocations=35 (full 2):
 PSYoungGen      total 15872K, used 15679K [0x00000000d5580000, 0x00000000d6880000, 0x0000000100000000)
  eden space 15360K, 99% used [0x00000000d5580000,0x00000000d647ffd0,0x00000000d6480000)
  from space 512K, 62% used [0x00000000d6800000,0x00000000d6850000,0x00000000d6880000)
  to   space 1024K, 0% used [0x00000000d6680000,0x00000000d6680000,0x00000000d6780000)
 ParOldGen       total 68608K, used 44915K [0x0000000080000000, 0x0000000084300000, 0x00000000d5580000)
  object space 68608K, 65% used [0x0000000080000000,0x0000000082bdcce8,0x0000000084300000)
 Metaspace       used 57574K, committed 58816K, reserved 1114112K
  class space    used 6194K, committed 6720K, reserved 1048576K
}
Event: 7.840 GC heap after
{Heap after GC invocations=35 (full 2):
 PSYoungGen      total 16384K, used 995K [0x00000000d5580000, 0x00000000d6880000, 0x0000000100000000)
  eden space 15360K, 0% used [0x00000000d5580000,0x00000000d5580000,0x00000000d6480000)
  from space 1024K, 97% used [0x00000000d6680000,0x00000000d6778e50,0x00000000d6780000)
  to   space 1024K, 0% used [0x00000000d6780000,0x00000000d6780000,0x00000000d6880000)
 ParOldGen       total 68608K, used 45011K [0x0000000080000000, 0x0000000084300000, 0x00000000d5580000)
  object space 68608K, 65% used [0x0000000080000000,0x0000000082bf4ce8,0x0000000084300000)
 Metaspace       used 57574K, committed 58816K, reserved 1114112K
  class space    used 6194K, committed 6720K, reserved 1048576K
}
Event: 8.119 GC heap before
{Heap before GC invocations=36 (full 2):
 PSYoungGen      total 16384K, used 12968K [0x00000000d5580000, 0x00000000d6880000, 0x0000000100000000)
  eden space 15360K, 77% used [0x00000000d5580000,0x00000000d6131250,0x00000000d6480000)
  from space 1024K, 97% used [0x00000000d6680000,0x00000000d6778e50,0x00000000d6780000)
  to   space 1024K, 0% used [0x00000000d6780000,0x00000000d6780000,0x00000000d6880000)
 ParOldGen       total 68608K, used 45011K [0x0000000080000000, 0x0000000084300000, 0x00000000d5580000)
  object space 68608K, 65% used [0x0000000080000000,0x0000000082bf4ce8,0x0000000084300000)
 Metaspace       used 58964K, committed 60288K, reserved 1114112K
  class space    used 6342K, committed 6912K, reserved 1048576K
}
Event: 8.121 GC heap after
{Heap after GC invocations=36 (full 2):
 PSYoungGen      total 16384K, used 995K [0x00000000d5580000, 0x00000000d6980000, 0x0000000100000000)
  eden space 15360K, 0% used [0x00000000d5580000,0x00000000d5580000,0x00000000d6480000)
  from space 1024K, 97% used [0x00000000d6780000,0x00000000d6878de0,0x00000000d6880000)
  to   space 2560K, 0% used [0x00000000d6480000,0x00000000d6480000,0x00000000d6700000)
 ParOldGen       total 68608K, used 45964K [0x0000000080000000, 0x0000000084300000, 0x00000000d5580000)
  object space 68608K, 66% used [0x0000000080000000,0x0000000082ce3238,0x0000000084300000)
 Metaspace       used 58964K, committed 60288K, reserved 1114112K
  class space    used 6342K, committed 6912K, reserved 1048576K
}
Event: 8.121 GC heap before
{Heap before GC invocations=37 (full 3):
 PSYoungGen      total 16384K, used 995K [0x00000000d5580000, 0x00000000d6980000, 0x0000000100000000)
  eden space 15360K, 0% used [0x00000000d5580000,0x00000000d5580000,0x00000000d6480000)
  from space 1024K, 97% used [0x00000000d6780000,0x00000000d6878de0,0x00000000d6880000)
  to   space 2560K, 0% used [0x00000000d6480000,0x00000000d6480000,0x00000000d6700000)
 ParOldGen       total 68608K, used 45964K [0x0000000080000000, 0x0000000084300000, 0x00000000d5580000)
  object space 68608K, 66% used [0x0000000080000000,0x0000000082ce3238,0x0000000084300000)
 Metaspace       used 58964K, committed 60288K, reserved 1114112K
  class space    used 6342K, committed 6912K, reserved 1048576K
}
Event: 8.210 GC heap after
{Heap after GC invocations=37 (full 3):
 PSYoungGen      total 16384K, used 0K [0x00000000d5580000, 0x00000000d6980000, 0x0000000100000000)
  eden space 15360K, 0% used [0x00000000d5580000,0x00000000d5580000,0x00000000d6480000)
  from space 1024K, 0% used [0x00000000d6780000,0x00000000d6780000,0x00000000d6880000)
  to   space 2560K, 0% used [0x00000000d6480000,0x00000000d6480000,0x00000000d6700000)
 ParOldGen       total 68608K, used 41262K [0x0000000080000000, 0x0000000084300000, 0x00000000d5580000)
  object space 68608K, 60% used [0x0000000080000000,0x000000008284bb28,0x0000000084300000)
 Metaspace       used 58964K, committed 60288K, reserved 1114112K
  class space    used 6342K, committed 6912K, reserved 1048576K
}
Event: 8.319 GC heap before
{Heap before GC invocations=38 (full 3):
 PSYoungGen      total 16384K, used 15360K [0x00000000d5580000, 0x00000000d6980000, 0x0000000100000000)
  eden space 15360K, 100% used [0x00000000d5580000,0x00000000d6480000,0x00000000d6480000)
  from space 1024K, 0% used [0x00000000d6780000,0x00000000d6780000,0x00000000d6880000)
  to   space 2560K, 0% used [0x00000000d6480000,0x00000000d6480000,0x00000000d6700000)
 ParOldGen       total 68608K, used 41262K [0x0000000080000000, 0x0000000084300000, 0x00000000d5580000)
  object space 68608K, 60% used [0x0000000080000000,0x000000008284bb28,0x0000000084300000)
 Metaspace       used 60175K, committed 61568K, reserved 1114112K
  class space    used 6450K, committed 7040K, reserved 1048576K
}
Event: 8.321 GC heap after
{Heap after GC invocations=38 (full 3):
 PSYoungGen      total 16896K, used 1131K [0x00000000d5580000, 0x00000000d6800000, 0x0000000100000000)
  eden space 15360K, 0% used [0x00000000d5580000,0x00000000d5580000,0x00000000d6480000)
  from space 1536K, 73% used [0x00000000d6480000,0x00000000d659ac78,0x00000000d6600000)
  to   space 1536K, 0% used [0x00000000d6680000,0x00000000d6680000,0x00000000d6800000)
 ParOldGen       total 68608K, used 41270K [0x0000000080000000, 0x0000000084300000, 0x00000000d5580000)
  object space 68608K, 60% used [0x0000000080000000,0x000000008284db28,0x0000000084300000)
 Metaspace       used 60175K, committed 61568K, reserved 1114112K
  class space    used 6450K, committed 7040K, reserved 1048576K
}

Dll operation events (10 events):
Event: 0.015 Loaded shared library c:\Users\hp\.vscode\extensions\redhat.java-1.47.0-win32-x64\jre\21.0.8-win32-x86_64\bin\java.dll
Event: 0.071 Loaded shared library c:\Users\hp\.vscode\extensions\redhat.java-1.47.0-win32-x64\jre\21.0.8-win32-x86_64\bin\zip.dll
Event: 0.090 Loaded shared library C:\Users\hp\.vscode\extensions\redhat.java-1.47.0-win32-x64\jre\21.0.8-win32-x86_64\bin\instrument.dll
Event: 0.096 Loaded shared library C:\Users\hp\.vscode\extensions\redhat.java-1.47.0-win32-x64\jre\21.0.8-win32-x86_64\bin\net.dll
Event: 0.099 Loaded shared library C:\Users\hp\.vscode\extensions\redhat.java-1.47.0-win32-x64\jre\21.0.8-win32-x86_64\bin\nio.dll
Event: 0.103 Loaded shared library C:\Users\hp\.vscode\extensions\redhat.java-1.47.0-win32-x64\jre\21.0.8-win32-x86_64\bin\zip.dll
Event: 0.120 Loaded shared library C:\Users\hp\.vscode\extensions\redhat.java-1.47.0-win32-x64\jre\21.0.8-win32-x86_64\bin\jimage.dll
Event: 0.195 Loaded shared library c:\Users\hp\.vscode\extensions\redhat.java-1.47.0-win32-x64\jre\21.0.8-win32-x86_64\bin\verify.dll
Event: 1.301 Loaded shared library C:\Users\hp\AppData\Roaming\Code\User\globalStorage\redhat.java\1.47.0\config_win\org.eclipse.equinox.launcher\org.eclipse.equinox.launcher.win32.win32.x86_64_1.2.1400.v20250801-0854\eclipse_11916.dll
Event: 2.796 Loaded shared library E:\Temp\jna-3336\jna1432806724605770063.dll

Deoptimization events (20 events):
Event: 8.375 Thread 0x000002a876daa040 DEOPT PACKING pc=0x000002a861259608 sp=0x000000c0b03fe460
Event: 8.375 Thread 0x000002a876daa040 DEOPT UNPACKING pc=0x000002a860943aa2 sp=0x000000c0b03fe310 mode 2
Event: 8.375 Thread 0x000002a876daa040 Uncommon trap: trap_request=0xffffffde fr.pc=0x000002a861068148 relative=0x00000000000000a8
Event: 8.375 Thread 0x000002a876daa040 Uncommon trap: reason=class_check action=maybe_recompile pc=0x000002a861068148 method=java.util.regex.Pattern.lambda$negate$7(Ljava/util/regex/Pattern$CharPredicate;I)Z @ 2 c2
Event: 8.375 Thread 0x000002a876daa040 DEOPT PACKING pc=0x000002a861068148 sp=0x000000c0b03fe3e0
Event: 8.375 Thread 0x000002a876daa040 DEOPT UNPACKING pc=0x000002a860943aa2 sp=0x000000c0b03fe310 mode 2
Event: 8.375 Thread 0x000002a876daa040 Uncommon trap: trap_request=0xffffffde fr.pc=0x000002a861068148 relative=0x00000000000000a8
Event: 8.375 Thread 0x000002a876daa040 Uncommon trap: reason=class_check action=maybe_recompile pc=0x000002a861068148 method=java.util.regex.Pattern.lambda$negate$7(Ljava/util/regex/Pattern$CharPredicate;I)Z @ 2 c2
Event: 8.375 Thread 0x000002a876daa040 DEOPT PACKING pc=0x000002a861068148 sp=0x000000c0b03fe3e0
Event: 8.375 Thread 0x000002a876daa040 DEOPT UNPACKING pc=0x000002a860943aa2 sp=0x000000c0b03fe310 mode 2
Event: 8.375 Thread 0x000002a876daa040 Uncommon trap: trap_request=0xffffffde fr.pc=0x000002a861068148 relative=0x00000000000000a8
Event: 8.375 Thread 0x000002a876daa040 Uncommon trap: reason=class_check action=maybe_recompile pc=0x000002a861068148 method=java.util.regex.Pattern.lambda$negate$7(Ljava/util/regex/Pattern$CharPredicate;I)Z @ 2 c2
Event: 8.375 Thread 0x000002a876daa040 DEOPT PACKING pc=0x000002a861068148 sp=0x000000c0b03fe3e0
Event: 8.375 Thread 0x000002a876daa040 DEOPT UNPACKING pc=0x000002a860943aa2 sp=0x000000c0b03fe310 mode 2
Event: 8.377 Thread 0x000002a876ce3cb0 DEOPT PACKING pc=0x000002a859bd0df9 sp=0x000000c0b06fc370
Event: 8.377 Thread 0x000002a876ce3cb0 DEOPT UNPACKING pc=0x000002a860944242 sp=0x000000c0b06fb918 mode 0
Event: 8.380 Thread 0x000002a876ce3cb0 Uncommon trap: trap_request=0xffffff45 fr.pc=0x000002a86126f470 relative=0x0000000000001070
Event: 8.380 Thread 0x000002a876ce3cb0 Uncommon trap: reason=unstable_if action=reinterpret pc=0x000002a86126f470 method=org.lombokweb.asm.MethodWriter.putMethodInfo(Lorg/lombokweb/asm/ByteVector;)V @ 136 c2
Event: 8.380 Thread 0x000002a876ce3cb0 DEOPT PACKING pc=0x000002a86126f470 sp=0x000000c0b06fc4c0
Event: 8.380 Thread 0x000002a876ce3cb0 DEOPT UNPACKING pc=0x000002a860943aa2 sp=0x000000c0b06fc468 mode 2

Classes loaded (20 events):
Event: 7.504 Loading class java/util/concurrent/CompletableFuture$UniCompletion done
Event: 7.504 Loading class java/util/concurrent/CompletableFuture$UniApply done
Event: 7.505 Loading class java/util/concurrent/CompletableFuture$UniAccept
Event: 7.506 Loading class java/util/concurrent/CompletableFuture$UniAccept done
Event: 7.506 Loading class java/util/concurrent/CompletableFuture$UniExceptionally
Event: 7.506 Loading class java/util/concurrent/CompletableFuture$UniExceptionally done
Event: 7.567 Loading class java/util/Collections$SynchronizedRandomAccessList
Event: 7.567 Loading class java/util/Collections$SynchronizedList
Event: 7.567 Loading class java/util/Collections$SynchronizedList done
Event: 7.568 Loading class java/util/Collections$SynchronizedRandomAccessList done
Event: 7.600 Loading class java/util/concurrent/CompletableFuture$Signaller
Event: 7.601 Loading class java/util/concurrent/CompletableFuture$Signaller done
Event: 7.768 Loading class java/nio/charset/CharacterCodingException
Event: 7.768 Loading class java/nio/charset/CharacterCodingException done
Event: 7.768 Loading class java/io/SequenceInputStream
Event: 7.768 Loading class java/io/SequenceInputStream done
Event: 7.810 Loading class java/util/WeakHashMap$KeyIterator
Event: 7.810 Loading class java/util/WeakHashMap$KeyIterator done
Event: 8.240 Loading class java/util/Hashtable$KeySet
Event: 8.240 Loading class java/util/Hashtable$KeySet done

Classes unloaded (7 events):
Event: 3.272 Thread 0x000002a8562709e0 Unloading class 0x000002a8011a5000 'java/lang/invoke/LambdaForm$MH+0x000002a8011a5000'
Event: 3.272 Thread 0x000002a8562709e0 Unloading class 0x000002a8011a4c00 'java/lang/invoke/LambdaForm$MH+0x000002a8011a4c00'
Event: 3.272 Thread 0x000002a8562709e0 Unloading class 0x000002a8011a4800 'java/lang/invoke/LambdaForm$MH+0x000002a8011a4800'
Event: 3.272 Thread 0x000002a8562709e0 Unloading class 0x000002a8011a4400 'java/lang/invoke/LambdaForm$MH+0x000002a8011a4400'
Event: 3.272 Thread 0x000002a8562709e0 Unloading class 0x000002a8011a4000 'java/lang/invoke/LambdaForm$BMH+0x000002a8011a4000'
Event: 3.272 Thread 0x000002a8562709e0 Unloading class 0x000002a8011a3c00 'java/lang/invoke/LambdaForm$DMH+0x000002a8011a3c00'
Event: 3.272 Thread 0x000002a8562709e0 Unloading class 0x000002a8011a2800 'java/lang/invoke/LambdaForm$DMH+0x000002a8011a2800'

Classes redefined (0 events):
No events

Internal exceptions (20 events):
Event: 8.318 Thread 0x000002a876daa040 Exception <a 'java/lang/NullPointerException'{0x00000000d63d40e0}> (0x00000000d63d40e0) 
thrown [s\src\hotspot\share\interpreter\linkResolver.cpp, line 1372]
Event: 8.321 Thread 0x000002a876ce3cb0 Implicit null exception at 0x000002a861042f86 to 0x000002a86104307c
Event: 8.321 Thread 0x000002a876ce3cb0 Implicit null exception at 0x000002a8612169dd to 0x000002a861216ad5
Event: 8.327 Thread 0x000002a8774b62c0 Exception <a 'java/lang/NullPointerException'{0x00000000d55fda48}> (0x00000000d55fda48) 
thrown [s\src\hotspot\share\interpreter\linkResolver.cpp, line 1372]
Event: 8.327 Thread 0x000002a8774b62c0 Exception <a 'java/lang/NullPointerException'{0x00000000d55fe0d0}> (0x00000000d55fe0d0) 
thrown [s\src\hotspot\share\interpreter\linkResolver.cpp, line 1372]
Event: 8.327 Thread 0x000002a8774b62c0 Exception <a 'java/lang/NullPointerException'{0x00000000d55fe658}> (0x00000000d55fe658) 
thrown [s\src\hotspot\share\interpreter\linkResolver.cpp, line 1372]
Event: 8.327 Thread 0x000002a8774b62c0 Exception <a 'java/lang/NullPointerException'{0x00000000d55febd0}> (0x00000000d55febd0) 
thrown [s\src\hotspot\share\interpreter\linkResolver.cpp, line 1372]
Event: 8.331 Thread 0x000002a8774b62c0 Exception <a 'java/lang/NoSuchMethodError'{0x00000000d56340d8}: 'java.lang.Object java.lang.invoke.DirectMethodHandle$Holder.invokeStatic(java.lang.Object, java.lang.Object, int, java.lang.Object)'> (0x00000000d56340d8) 
thrown [s\src\hotspot\share\interpreter\linkResolver.cpp, line 773]
Event: 8.334 Thread 0x000002a8774b62c0 Exception <a 'java/lang/NoSuchMethodError'{0x00000000d5653740}: 'java.lang.Object java.lang.invoke.DirectMethodHandle$Holder.newInvokeSpecial(java.lang.Object, java.lang.Object, int)'> (0x00000000d5653740) 
thrown [s\src\hotspot\share\interpreter\linkResolver.cpp, line 773]
Event: 8.347 Thread 0x000002a8774b62c0 Exception <a 'java/lang/NullPointerException'{0x00000000d591fe10}> (0x00000000d591fe10) 
thrown [s\src\hotspot\share\interpreter\linkResolver.cpp, line 1372]
Event: 8.347 Thread 0x000002a8774b62c0 Exception <a 'java/lang/NullPointerException'{0x00000000d595d8e8}> (0x00000000d595d8e8) 
thrown [s\src\hotspot\share\interpreter\linkResolver.cpp, line 1372]
Event: 8.351 Thread 0x000002a876daa040 Exception <a 'java/lang/NullPointerException'{0x00000000d59d9798}> (0x00000000d59d9798) 
thrown [s\src\hotspot\share\interpreter\linkResolver.cpp, line 1372]
Event: 8.356 Thread 0x000002a876daa040 Exception <a 'java/lang/NullPointerException'{0x00000000d59de950}> (0x00000000d59de950) 
thrown [s\src\hotspot\share\interpreter\linkResolver.cpp, line 1372]
Event: 8.359 Thread 0x000002a8774b62c0 Exception <a 'java/lang/NullPointerException'{0x00000000d5a1fcc0}> (0x00000000d5a1fcc0) 
thrown [s\src\hotspot\share\interpreter\linkResolver.cpp, line 1372]
Event: 8.360 Thread 0x000002a8774b62c0 Exception <a 'java/lang/NullPointerException'{0x00000000d5a202c0}> (0x00000000d5a202c0) 
thrown [s\src\hotspot\share\interpreter\linkResolver.cpp, line 1372]
Event: 8.372 Thread 0x000002a8774b62c0 Exception <a 'java/lang/NullPointerException'{0x00000000d5ae2a38}> (0x00000000d5ae2a38) 
thrown [s\src\hotspot\share\interpreter\linkResolver.cpp, line 1372]
Event: 8.372 Thread 0x000002a8774b62c0 Exception <a 'java/lang/NullPointerException'{0x00000000d5b503a8}> (0x00000000d5b503a8) 
thrown [s\src\hotspot\share\interpreter\linkResolver.cpp, line 1372]
Event: 8.372 Thread 0x000002a8774b62c0 Exception <a 'java/lang/NullPointerException'{0x00000000d5b509d0}> (0x00000000d5b509d0) 
thrown [s\src\hotspot\share\interpreter\linkResolver.cpp, line 1372]
Event: 8.382 Thread 0x000002a8774b62c0 Exception <a 'java/lang/NullPointerException'{0x00000000d5cf4858}> (0x00000000d5cf4858) 
thrown [s\src\hotspot\share\interpreter\linkResolver.cpp, line 1372]
Event: 8.382 Thread 0x000002a8774b62c0 Exception <a 'java/lang/NullPointerException'{0x00000000d5d1f9e8}> (0x00000000d5d1f9e8) 
thrown [s\src\hotspot\share\interpreter\linkResolver.cpp, line 1372]

ZGC Phase Switch (0 events):
No events

VM Operations (20 events):
Event: 7.576 Executing VM operation: HandshakeAllThreads (Deoptimize)
Event: 7.577 Executing VM operation: HandshakeAllThreads (Deoptimize) done
Event: 7.593 Executing VM operation: HandshakeAllThreads (Deoptimize)
Event: 7.593 Executing VM operation: HandshakeAllThreads (Deoptimize) done
Event: 7.635 Executing VM operation: HandshakeAllThreads (Deoptimize)
Event: 7.635 Executing VM operation: HandshakeAllThreads (Deoptimize) done
Event: 7.823 Executing VM operation: HandshakeAllThreads (Deoptimize)
Event: 7.823 Executing VM operation: HandshakeAllThreads (Deoptimize) done
Event: 7.838 Executing VM operation: ParallelGCFailedAllocation (Allocation Failure)
Event: 7.840 Executing VM operation: ParallelGCFailedAllocation (Allocation Failure) done
Event: 7.865 Executing VM operation: HandshakeAllThreads (Deoptimize)
Event: 7.865 Executing VM operation: HandshakeAllThreads (Deoptimize) done
Event: 8.056 Executing VM operation: ICBufferFull
Event: 8.056 Executing VM operation: ICBufferFull done
Event: 8.118 Executing VM operation: CollectForMetadataAllocation (Metadata GC Threshold)
Event: 8.210 Executing VM operation: CollectForMetadataAllocation (Metadata GC Threshold) done
Event: 8.210 Executing VM operation: CollectForMetadataAllocation (Metadata GC Threshold)
Event: 8.210 Executing VM operation: CollectForMetadataAllocation (Metadata GC Threshold) done
Event: 8.319 Executing VM operation: ParallelGCFailedAllocation (Allocation Failure)
Event: 8.321 Executing VM operation: ParallelGCFailedAllocation (Allocation Failure) done

Memory protections (0 events):
No events

Nmethod flushes (20 events):
Event: 8.163 Thread 0x000002a8562709e0 flushing  nmethod 0x000002a859ceb910
Event: 8.163 Thread 0x000002a8562709e0 flushing  nmethod 0x000002a859d20890
Event: 8.163 Thread 0x000002a8562709e0 flushing  nmethod 0x000002a859d27390
Event: 8.163 Thread 0x000002a8562709e0 flushing  nmethod 0x000002a859d28c90
Event: 8.163 Thread 0x000002a8562709e0 flushing  nmethod 0x000002a859d35790
Event: 8.163 Thread 0x000002a8562709e0 flushing  nmethod 0x000002a859d3ef10
Event: 8.163 Thread 0x000002a8562709e0 flushing  nmethod 0x000002a859d3f490
Event: 8.163 Thread 0x000002a8562709e0 flushing  nmethod 0x000002a859d40110
Event: 8.163 Thread 0x000002a8562709e0 flushing  nmethod 0x000002a859d41410
Event: 8.163 Thread 0x000002a8562709e0 flushing  nmethod 0x000002a859d41c10
Event: 8.163 Thread 0x000002a8562709e0 flushing  nmethod 0x000002a859d42810
Event: 8.163 Thread 0x000002a8562709e0 flushing  nmethod 0x000002a859d43710
Event: 8.163 Thread 0x000002a8562709e0 flushing  nmethod 0x000002a859d43d90
Event: 8.163 Thread 0x000002a8562709e0 flushing  nmethod 0x000002a859d44610
Event: 8.163 Thread 0x000002a8562709e0 flushing  nmethod 0x000002a859d45090
Event: 8.163 Thread 0x000002a8562709e0 flushing  nmethod 0x000002a859d45c10
Event: 8.163 Thread 0x000002a8562709e0 flushing  nmethod 0x000002a859d46b10
Event: 8.163 Thread 0x000002a8562709e0 flushing  nmethod 0x000002a859d47390
Event: 8.163 Thread 0x000002a8562709e0 flushing  nmethod 0x000002a859d4ae90
Event: 8.163 Thread 0x000002a8562709e0 flushing  nmethod 0x000002a859d4b710

Events (20 events):
Event: 5.314 Thread 0x000002a8774b6950 Thread added: 0x000002a87733e910
Event: 5.314 Thread 0x000002a8773409e0 Thread added: 0x000002a87733fcc0
Event: 5.315 Thread 0x000002a87733e280 Thread added: 0x000002a87733efa0
Event: 6.162 Thread 0x000002a87447d920 Thread added: 0x000002a877343140
Event: 6.306 Thread 0x000002a87447d920 Thread added: 0x000002a877342420
Event: 6.334 Thread 0x000002a87447d920 Thread added: 0x000002a877342ab0
Event: 6.350 Thread 0x000002a87447d920 Thread added: 0x000002a8773437d0
Event: 6.358 Thread 0x000002a87447d920 Thread added: 0x000002a877341070
Event: 6.372 Thread 0x000002a87447d920 Thread added: 0x000002a877343e60
Event: 6.377 Thread 0x000002a87447d920 Thread added: 0x000002a8773444f0
Event: 6.377 Thread 0x000002a87447d920 Thread added: 0x000002a877344b80
Event: 6.381 Thread 0x000002a87447d920 Thread added: 0x000002a877341700
Event: 6.385 Thread 0x000002a87447d920 Thread added: 0x000002a876daa6d0
Event: 6.389 Thread 0x000002a87447d920 Thread added: 0x000002a876da99b0
Event: 6.521 Thread 0x000002a87447dfb0 Thread added: 0x000002a876daa040
Event: 6.521 Thread 0x000002a876daa040 Thread added: 0x000002a876dab3f0
Event: 6.521 Thread 0x000002a876dab3f0 Thread added: 0x000002a876dac7a0
Event: 8.219 Thread 0x000002a876dab3f0 Thread added: 0x000002a876ce3cb0
Event: 8.228 Thread 0x000002a8774b34d0 Thread added: 0x000002a876ce2f90
Event: 8.230 Thread 0x000002a876ce2f90 Thread added: 0x000002a876ce5d80


Dynamic libraries:
0x00007ff63edb0000 - 0x00007ff63edbe000 	c:\Users\hp\.vscode\extensions\redhat.java-1.47.0-win32-x64\jre\21.0.8-win32-x86_64\bin\java.exe
0x00007ff89b8a0000 - 0x00007ff89bb08000 	C:\WINDOWS\SYSTEM32\ntdll.dll
0x00007ff89a9e0000 - 0x00007ff89aaa9000 	C:\WINDOWS\System32\KERNEL32.DLL
0x00007ff8990f0000 - 0x00007ff8994e2000 	C:\WINDOWS\System32\KERNELBASE.dll
0x00007ff898bb0000 - 0x00007ff898cfb000 	C:\WINDOWS\System32\ucrtbase.dll
0x00007ff88e7d0000 - 0x00007ff88e7ee000 	c:\Users\hp\.vscode\extensions\redhat.java-1.47.0-win32-x64\jre\21.0.8-win32-x86_64\bin\VCRUNTIME140.dll
0x00007ff880950000 - 0x00007ff880968000 	c:\Users\hp\.vscode\extensions\redhat.java-1.47.0-win32-x64\jre\21.0.8-win32-x86_64\bin\jli.dll
0x00007ff89a140000 - 0x00007ff89a305000 	C:\WINDOWS\System32\USER32.dll
0x00007ff898b80000 - 0x00007ff898ba7000 	C:\WINDOWS\System32\win32u.dll
0x00007ff89a110000 - 0x00007ff89a13b000 	C:\WINDOWS\System32\GDI32.dll
0x00007ff898e50000 - 0x00007ff898f7d000 	C:\WINDOWS\System32\gdi32full.dll
0x00007ff8801b0000 - 0x00007ff880443000 	C:\WINDOWS\WinSxS\amd64_microsoft.windows.common-controls_6595b64144ccf1df_6.0.26100.6899_none_3e0efeeae32e88c1\COMCTL32.dll
0x00007ff898a30000 - 0x00007ff898ad3000 	C:\WINDOWS\System32\msvcp_win.dll
0x00007ff89a410000 - 0x00007ff89a4b9000 	C:\WINDOWS\System32\msvcrt.dll
0x00007ff899f70000 - 0x00007ff899f9f000 	C:\WINDOWS\System32\IMM32.DLL
0x0000000050fd0000 - 0x0000000050fdc000 	C:\Program Files (x86)\360\Total Security\safemon\SafeWrapper.dll
0x00007ff8997e0000 - 0x00007ff899894000 	C:\WINDOWS\System32\ADVAPI32.dll
0x00007ff89a520000 - 0x00007ff89a5c6000 	C:\WINDOWS\System32\sechost.dll
0x00007ff8996c0000 - 0x00007ff8997d8000 	C:\WINDOWS\System32\RPCRT4.dll
0x00007ff861ef0000 - 0x00007ff861f9c000 	C:\Program Files (x86)\360\Total Security\safemon\libzdtp64.dll
0x00007ff89ab80000 - 0x00007ff89b2cd000 	C:\WINDOWS\System32\SHELL32.dll
0x00007ff898f80000 - 0x00007ff8990eb000 	C:\WINDOWS\System32\wintypes.dll
0x00007ff89a660000 - 0x00007ff89a9db000 	C:\WINDOWS\System32\combase.dll
0x00007ff89b3c0000 - 0x00007ff89b422000 	C:\WINDOWS\System32\SHLWAPI.dll
0x00007ff898520000 - 0x00007ff89852b000 	C:\WINDOWS\SYSTEM32\VERSION.dll
0x00007ff8933f0000 - 0x00007ff8933fc000 	c:\Users\hp\.vscode\extensions\redhat.java-1.47.0-win32-x64\jre\21.0.8-win32-x86_64\bin\vcruntime140_1.dll
0x00007ff81fec0000 - 0x00007ff81ff4d000 	c:\Users\hp\.vscode\extensions\redhat.java-1.47.0-win32-x64\jre\21.0.8-win32-x86_64\bin\msvcp140.dll
0x00007fffd9a20000 - 0x00007fffda7b7000 	c:\Users\hp\.vscode\extensions\redhat.java-1.47.0-win32-x64\jre\21.0.8-win32-x86_64\bin\server\jvm.dll
0x00007ff899ef0000 - 0x00007ff899f64000 	C:\WINDOWS\System32\WS2_32.dll
0x00007ff898890000 - 0x00007ff8988ee000 	C:\WINDOWS\SYSTEM32\POWRPROF.dll
0x00007ff8911c0000 - 0x00007ff8911f5000 	C:\WINDOWS\SYSTEM32\WINMM.dll
0x00007ff898870000 - 0x00007ff898884000 	C:\WINDOWS\SYSTEM32\UMPDC.dll
0x00007ff897750000 - 0x00007ff89776b000 	C:\WINDOWS\SYSTEM32\kernel.appcore.dll
0x00007ff8834a0000 - 0x00007ff8834aa000 	c:\Users\hp\.vscode\extensions\redhat.java-1.47.0-win32-x64\jre\21.0.8-win32-x86_64\bin\jimage.dll
0x00007ff8957a0000 - 0x00007ff8959e2000 	C:\WINDOWS\SYSTEM32\DBGHELP.DLL
0x00007ff89b2d0000 - 0x00007ff89b3a7000 	C:\WINDOWS\System32\OLEAUT32.dll
0x00007ff879610000 - 0x00007ff87964c000 	C:\WINDOWS\SYSTEM32\dbgcore.DLL
0x00007ff898ae0000 - 0x00007ff898b78000 	C:\WINDOWS\System32\bcryptPrimitives.dll
0x00007ff880db0000 - 0x00007ff880dbf000 	c:\Users\hp\.vscode\extensions\redhat.java-1.47.0-win32-x64\jre\21.0.8-win32-x86_64\bin\instrument.dll
0x00007ff87ea90000 - 0x00007ff87eaaf000 	c:\Users\hp\.vscode\extensions\redhat.java-1.47.0-win32-x64\jre\21.0.8-win32-x86_64\bin\java.dll
0x00007ff8965d0000 - 0x00007ff896e2d000 	C:\WINDOWS\SYSTEM32\windows.storage.dll
0x00007ff89b430000 - 0x00007ff89b522000 	C:\WINDOWS\System32\SHCORE.dll
0x00007ff898950000 - 0x00007ff898979000 	C:\WINDOWS\SYSTEM32\profapi.dll
0x00007ff87ea70000 - 0x00007ff87ea88000 	c:\Users\hp\.vscode\extensions\redhat.java-1.47.0-win32-x64\jre\21.0.8-win32-x86_64\bin\zip.dll
0x00007ff880a70000 - 0x00007ff880a80000 	C:\Users\hp\.vscode\extensions\redhat.java-1.47.0-win32-x64\jre\21.0.8-win32-x86_64\bin\net.dll
0x00007ff892610000 - 0x00007ff89272f000 	C:\WINDOWS\SYSTEM32\WINHTTP.dll
0x00007ff897ca0000 - 0x00007ff897d0b000 	C:\WINDOWS\system32\mswsock.dll
0x00007ff87e6b0000 - 0x00007ff87e6c6000 	C:\Users\hp\.vscode\extensions\redhat.java-1.47.0-win32-x64\jre\21.0.8-win32-x86_64\bin\nio.dll
0x00007ff87ed70000 - 0x00007ff87ed80000 	c:\Users\hp\.vscode\extensions\redhat.java-1.47.0-win32-x64\jre\21.0.8-win32-x86_64\bin\verify.dll
0x00007ff876090000 - 0x00007ff8760d4000 	C:\Users\hp\AppData\Roaming\Code\User\globalStorage\redhat.java\1.47.0\config_win\org.eclipse.equinox.launcher\org.eclipse.equinox.launcher.win32.win32.x86_64_1.2.1400.v20250801-0854\eclipse_11916.dll
0x00007ff899d40000 - 0x00007ff899ed8000 	C:\WINDOWS\System32\ole32.dll
0x00007ff898080000 - 0x00007ff89809b000 	C:\WINDOWS\SYSTEM32\CRYPTSP.dll
0x00007ff8976b0000 - 0x00007ff8976eb000 	C:\WINDOWS\system32\rsaenh.dll
0x00007ff897d40000 - 0x00007ff897d6b000 	C:\WINDOWS\SYSTEM32\USERENV.dll
0x00007ff898920000 - 0x00007ff898946000 	C:\WINDOWS\SYSTEM32\bcrypt.dll
0x00007ff897ee0000 - 0x00007ff897eec000 	C:\WINDOWS\SYSTEM32\CRYPTBASE.dll
0x00007ff897150000 - 0x00007ff897184000 	C:\WINDOWS\SYSTEM32\IPHLPAPI.DLL
0x00007ff899ee0000 - 0x00007ff899eea000 	C:\WINDOWS\System32\NSI.dll
0x00007ff870540000 - 0x00007ff870589000 	E:\Temp\jna-3336\jna1432806724605770063.dll
0x00007ff89b3b0000 - 0x00007ff89b3b8000 	C:\WINDOWS\System32\PSAPI.DLL
0x00007ff892a60000 - 0x00007ff892a7e000 	C:\WINDOWS\SYSTEM32\dhcpcsvc6.DLL
0x00007ff892a10000 - 0x00007ff892a33000 	C:\WINDOWS\SYSTEM32\dhcpcsvc.DLL

JVMTI agents:
c:\Users\hp\.vscode\extensions\redhat.java-1.47.0-win32-x64\lombok\lombok-1.18.39-4050.jar path:c:\Users\hp\.vscode\extensions\redhat.java-1.47.0-win32-x64\jre\21.0.8-win32-x86_64\bin\instrument.dll, loaded, initialized, instrumentlib options:none

dbghelp: loaded successfully - version: 4.0.5 - missing functions: none
symbol engine: initialized successfully - sym options: 0x614 - pdb path: .;c:\Users\hp\.vscode\extensions\redhat.java-1.47.0-win32-x64\jre\21.0.8-win32-x86_64\bin;C:\WINDOWS\SYSTEM32;C:\WINDOWS\WinSxS\amd64_microsoft.windows.common-controls_6595b64144ccf1df_6.0.26100.6899_none_3e0efeeae32e88c1;C:\Program Files (x86)\360\Total Security\safemon;c:\Users\hp\.vscode\extensions\redhat.java-1.47.0-win32-x64\jre\21.0.8-win32-x86_64\bin\server;C:\Users\hp\AppData\Roaming\Code\User\globalStorage\redhat.java\1.47.0\config_win\org.eclipse.equinox.launcher\org.eclipse.equinox.launcher.win32.win32.x86_64_1.2.1400.v20250801-0854;E:\Temp\jna-3336

VM Arguments:
jvm_args: --add-modules=ALL-SYSTEM --add-opens=java.base/java.util=ALL-UNNAMED --add-opens=java.base/java.lang=ALL-UNNAMED --add-opens=java.base/sun.nio.fs=ALL-UNNAMED -Declipse.application=org.eclipse.jdt.ls.core.id1 -Dosgi.bundles.defaultStartLevel=4 -Declipse.product=org.eclipse.jdt.ls.core.product -Djava.import.generatesMetadataFilesAtProjectRoot=false -DDetectVMInstallationsJob.disabled=true -Dfile.encoding=utf8 -XX:+UseParallelGC -XX:GCTimeRatio=4 -XX:AdaptiveSizePolicyWeight=90 -Dsun.zip.disableMemoryMapping=true -Xmx2G -Xms100m -Xlog:disable -javaagent:c:\Users\hp\.vscode\extensions\redhat.java-1.47.0-win32-x64\lombok\lombok-1.18.39-4050.jar -XX:+HeapDumpOnOutOfMemoryError -XX:HeapDumpPath=c:\Users\hp\AppData\Roaming\Code\User\workspaceStorage\55e016f5bd7ac8ed0f363e88609f9171\redhat.java -Daether.dependencyCollector.impl=bf 
java_command: c:\Users\hp\.vscode\extensions\redhat.java-1.47.0-win32-x64\server\plugins\org.eclipse.equinox.launcher_1.7.100.v20251014-1222.jar -configuration c:\Users\hp\AppData\Roaming\Code\User\globalStorage\redhat.java\1.47.0\config_win -data c:\Users\hp\AppData\Roaming\Code\User\workspaceStorage\55e016f5bd7ac8ed0f363e88609f9171\redhat.java\jdt_ws --pipe=\\.\pipe\lsp-c2f2a8dee8acb1a5dc9b6857aed3b38f-sock
java_class_path (initial): c:\Users\hp\.vscode\extensions\redhat.java-1.47.0-win32-x64\server\plugins\org.eclipse.equinox.launcher_1.7.100.v20251014-1222.jar
Launcher Type: SUN_STANDARD

[Global flags]
    uintx AdaptiveSizePolicyWeight                 = 90                                        {product} {command line}
     intx CICompilerCount                          = 4                                         {product} {ergonomic}
    uintx GCTimeRatio                              = 4                                         {product} {command line}
     bool HeapDumpOnOutOfMemoryError               = true                                   {manageable} {command line}
    ccstr HeapDumpPath                             = c:\Users\hp\AppData\Roaming\Code\User\workspaceStorage\55e016f5bd7ac8ed0f363e88609f9171\redhat.java         {manageable} {command line}
   size_t InitialHeapSize                          = 104857600                                 {product} {command line}
   size_t MaxHeapSize                              = 2147483648                                {product} {command line}
   size_t MaxNewSize                               = 715653120                                 {product} {ergonomic}
   size_t MinHeapDeltaBytes                        = 524288                                    {product} {ergonomic}
   size_t MinHeapSize                              = 104857600                                 {product} {command line}
   size_t NewSize                                  = 34603008                                  {product} {ergonomic}
    uintx NonNMethodCodeHeapSize                   = 5839372                                {pd product} {ergonomic}
    uintx NonProfiledCodeHeapSize                  = 122909434                              {pd product} {ergonomic}
   size_t OldSize                                  = 70254592                                  {product} {ergonomic}
    uintx ProfiledCodeHeapSize                     = 122909434                              {pd product} {ergonomic}
    uintx ReservedCodeCacheSize                    = 251658240                              {pd product} {ergonomic}
     bool SegmentedCodeCache                       = true                                      {product} {ergonomic}
   size_t SoftMaxHeapSize                          = 2147483648                             {manageable} {ergonomic}
     bool UseCompressedOops                        = true                           {product lp64_product} {ergonomic}
     bool UseLargePagesIndividualAllocation        = false                                  {pd product} {ergonomic}
     bool UseParallelGC                            = true                                      {product} {command line}

Logging:
Log output configuration:
 #0: stdout all=off uptime,level,tags foldmultilines=false
 #1: stderr all=off uptime,level,tags foldmultilines=false

Environment Variables:
JAVA_HOME=E:\Java\
PATH=E:\Java\bin;C:\Program Files\Python313\Scripts\;C:\Program Files\Python313\;C:\WINDOWS\system32;C:\WINDOWS;C:\WINDOWS\System32\Wbem;C:\WINDOWS\System32\WindowsPowerShell\v1.0\;C:\WINDOWS\System32\OpenSSH\;C:\Program Files\Git\cmd;C:\Program Files\dotnet\;C:\ProgramData\chocolatey\bin;C:\Program Files\Vim\vim91;C:\Program Files\nodejs\;C:\Users\hp\ffmpeg-2025-07-23-git-829680f96a-essentials_build\ffmpeg-2025-07-23-git-829680f96a-essentials_build\bin;C:\MinGW\bin;C:\Program Files\PowerShell\7\;C:\Program Files\Eclipse Adoptium\jdk-21.0.6.7-hotspot\bin;C:\Program Files\Python313\Scripts\;C:\Program Files\Python313\;C:\WINDOWS\system32;C:\WINDOWS;C:\WINDOWS\System32\Wbem;C:\WINDOWS\System32\WindowsPowerShell\v1.0\;C:\WINDOWS\System32\OpenSSH\;C:\Program Files\Git\cmd;C:\Program Files\dotnet\;C:\ProgramData\chocolatey\bin;C:\Program Files\Vim\vim91;C:\Program Files\nodejs\;C:\Program Files\PowerShell\7\;C:\Users\hp\ffmpeg-2025-07-23-git-829680f96a-essentials_build\ffmpeg-2025-07-23-git-829680f96a-essentials_build\bin;C:\MinGW\bin;C:\Users\hp\AppData\Local\Microsoft\WindowsApps;C:\Users\hp\AppData\Local\GitHubDesktop\bin;C:\Users\hp\.dotnet\tools;C:\Users\hp\AppData\Local\Programs\Microsoft VS Code Insiders\bin;C:\Users\hp\AppData\Local\Muse Hub\lib;C:\Users\hp\AppData\Roaming\npm;C:\Users\hp\AppData\Local\Programs\Microsoft VS Code\bin;;E:\Users\hp\Android\Sdk\emulator
USERNAME=hp
OS=Windows_NT
PROCESSOR_IDENTIFIER=AMD64 Family 23 Model 96 Stepping 1, AuthenticAMD
TMP=E:\Temp
TEMP=E:\Temp




Periodic native trim disabled

---------------  S Y S T E M  ---------------

OS:
 Windows 11 , 64 bit Build 26100 (10.0.26100.6725)
OS uptime: 2 days 10:49 hours
Hyper-V role detected

CPU: total 12 (initial active 12) (12 cores per cpu, 2 threads per core) family 23 model 96 stepping 1 microcode 0x8600109, cx8, cmov, fxsr, ht, mmx, 3dnowpref, sse, sse2, sse3, ssse3, sse4a, sse4.1, sse4.2, popcnt, lzcnt, tsc, tscinvbit, avx, avx2, aes, clmul, bmi1, bmi2, adx, sha, fma, vzeroupper, clflush, clflushopt, hv, rdtscp, rdpid, f16c
Processor Information for the first 12 processors :
  Max Mhz: 2100, Current Mhz: 2100, Mhz Limit: 2100

Memory: 4k page, system-wide physical 15697M (825M free)
TotalPageFile size 22674M (AvailPageFile size 0M)
current process WorkingSet (physical memory assigned to process): 274M, peak: 275M
current process commit charge ("private bytes"): 372M, peak: 378M

vm_info: OpenJDK 64-Bit Server VM (21.0.8+9-LTS) for windows-amd64 JRE (21.0.8+9-LTS), built on 2025-07-15T00:00:00Z by "admin" with MS VC++ 17.7 (VS2022)

END.
