#
# There is insufficient memory for the Java Runtime Environment to continue.
# Native memory allocation (mmap) failed to map 65536 bytes. Error detail: Failed to commit metaspace.
# Possible reasons:
#   The system is out of physical RAM or swap space
#   This process is running with CompressedOops enabled, and the Java Heap may be blocking the growth of the native heap
# Possible solutions:
#   Reduce memory load on the system
#   Increase physical memory or swap space
#   Check if swap backing store is full
#   Decrease Java heap size (-Xmx/-Xms)
#   Decrease number of Java threads
#   Decrease Java thread stack sizes (-Xss)
#   Set larger code cache with -XX:ReservedCodeCacheSize=
#   JVM is running with Unscaled Compressed Oops mode in which the Java heap is
#     placed in the first 4GB address space. The Java Heap base address is the
#     maximum limit for the native heap growth. Please use -XX:HeapBaseMinAddress
#     to set the Java Heap base and to place the Java Heap above 4GB virtual address.
# This output file may be truncated or incomplete.
#
#  Out of Memory Error (virtualSpaceNode.cpp:113), pid=36560, tid=33724
#
# JRE version: OpenJDK Runtime Environment Temurin-21.0.8+9 (21.0.8+9) (build 21.0.8+9-LTS)
# Java VM: OpenJDK 64-Bit Server VM Temurin-21.0.8+9 (21.0.8+9-LTS, mixed mode, sharing, tiered, compressed oops, compressed class ptrs, parallel gc, windows-amd64)
# No core dump will be written. Minidumps are not enabled by default on client versions of Windows
#

---------------  S U M M A R Y ------------

Command Line: --add-modules=ALL-SYSTEM --add-opens=java.base/java.util=ALL-UNNAMED --add-opens=java.base/java.lang=ALL-UNNAMED --add-opens=java.base/sun.nio.fs=ALL-UNNAMED -Declipse.application=org.eclipse.jdt.ls.core.id1 -Dosgi.bundles.defaultStartLevel=4 -Declipse.product=org.eclipse.jdt.ls.core.product -Djava.import.generatesMetadataFilesAtProjectRoot=false -DDetectVMInstallationsJob.disabled=true -Dfile.encoding=utf8 -XX:+UseParallelGC -XX:GCTimeRatio=4 -XX:AdaptiveSizePolicyWeight=90 -Dsun.zip.disableMemoryMapping=true -Xmx2G -Xms100m -Xlog:disable -javaagent:c:\Users\hp\.vscode\extensions\redhat.java-1.47.0-win32-x64\lombok\lombok-1.18.39-4050.jar c:\Users\hp\.vscode\extensions\redhat.java-1.47.0-win32-x64\server\plugins\org.eclipse.equinox.launcher_1.7.100.v20251014-1222.jar -configuration c:\Users\hp\AppData\Roaming\Code\User\globalStorage\redhat.java\1.47.0\config_ss_win -data c:\Users\hp\AppData\Roaming\Code\User\workspaceStorage\55e016f5bd7ac8ed0f363e88609f9171\redhat.java\ss_ws --pipe=\\.\pipe\lsp-5739849cc904a5b01c5ea94b580a5c15-sock

Host: AMD Ryzen 5 PRO 4650U with Radeon Graphics, 12 cores, 15G,  Windows 11 , 64 bit Build 26100 (10.0.26100.6725)
Time: Sat Nov  1 23:40:36 2025 Bangladesh Standard Time elapsed time: 0.851727 seconds (0d 0h 0m 0s)

---------------  T H R E A D  ---------------

Current thread (0x0000019fd9473b80):  JavaThread "main"             [_thread_in_vm, id=33724, stack(0x000000010d200000,0x000000010d300000) (1024K)]

Stack: [0x000000010d200000,0x000000010d300000]
Native frames: (J=compiled Java code, j=interpreted, Vv=VM code, C=native code)
V  [jvm.dll+0x6d2449]
V  [jvm.dll+0x8ae341]
V  [jvm.dll+0x8b08be]
V  [jvm.dll+0x8b0fa3]
V  [jvm.dll+0x280c96]
V  [jvm.dll+0x8aa07e]
V  [jvm.dll+0x6745b5]
V  [jvm.dll+0x67461a]
V  [jvm.dll+0x676e02]
V  [jvm.dll+0x676cd2]
V  [jvm.dll+0x674f8e]
V  [jvm.dll+0x26a9af]
V  [jvm.dll+0x67f1f5]
V  [jvm.dll+0x21695d]
V  [jvm.dll+0x216eda]
V  [jvm.dll+0x217905]
V  [jvm.dll+0x20cece]
V  [jvm.dll+0x5b19dc]
V  [jvm.dll+0x21e5ba]
V  [jvm.dll+0x826c6c]
V  [jvm.dll+0x827c94]
V  [jvm.dll+0x828480]
V  [jvm.dll+0x214f5b]
V  [jvm.dll+0x217852]
V  [jvm.dll+0x20cece]
V  [jvm.dll+0x5b19dc]
V  [jvm.dll+0x21e5ba]
V  [jvm.dll+0x826c6c]
V  [jvm.dll+0x827c94]
V  [jvm.dll+0x828262]
V  [jvm.dll+0x827ee8]
V  [jvm.dll+0x26e30b]
V  [jvm.dll+0x3d725e]
C  0x0000019fe5ee9274

The last pc belongs to new (printed below).
Java frames: (J=compiled Java code, j=interpreted, Vv=VM code)
j  sun.security.x509.X509CertInfo.parse(Lsun/security/util/DerValue;)V+88 java.base@21.0.8
j  sun.security.x509.X509CertInfo.<init>(Lsun/security/util/DerValue;)V+67 java.base@21.0.8
j  sun.security.x509.X509CertImpl.parse(Lsun/security/util/DerValue;)V+210 java.base@21.0.8
j  sun.security.x509.X509CertImpl.<init>([B)V+45 java.base@21.0.8
j  sun.security.provider.X509Factory.cachedGetX509Cert([B)Lsun/security/x509/X509CertImpl;+22 java.base@21.0.8
j  sun.security.provider.X509Factory.engineGenerateCertificate(Ljava/io/InputStream;)Ljava/security/cert/Certificate;+33 java.base@21.0.8
j  java.security.cert.CertificateFactory.generateCertificate(Ljava/io/InputStream;)Ljava/security/cert/Certificate;+5 java.base@21.0.8
j  sun.security.pkcs.PKCS7.parseSignedData(Lsun/security/util/DerValue;)V+279 java.base@21.0.8
j  sun.security.pkcs.PKCS7.parse(Lsun/security/util/DerInputStream;Z)V+51 java.base@21.0.8
j  sun.security.pkcs.PKCS7.parse(Lsun/security/util/DerInputStream;)V+11 java.base@21.0.8
j  sun.security.pkcs.PKCS7.<init>([B)V+50 java.base@21.0.8
j  sun.security.util.SignatureFileVerifier.<init>(Ljava/util/ArrayList;Lsun/security/util/ManifestDigester;Ljava/lang/String;[B)V+35 java.base@21.0.8
j  java.util.jar.JarVerifier.processEntry(Lsun/security/util/ManifestEntryVerifier;)V+319 java.base@21.0.8
j  java.util.jar.JarVerifier.update(I[BIILsun/security/util/ManifestEntryVerifier;)V+39 java.base@21.0.8
j  java.util.jar.JarFile.initializeVerifier()V+164 java.base@21.0.8
j  java.util.jar.JarFile.ensureInitialization()V+36 java.base@21.0.8
j  java.util.jar.JavaUtilJarAccessImpl.ensureInitialization(Ljava/util/jar/JarFile;)V+1 java.base@21.0.8
j  jdk.internal.loader.URLClassPath$JarLoader$2.getManifest()Ljava/util/jar/Manifest;+10 java.base@21.0.8
j  jdk.internal.loader.BuiltinClassLoader.defineClass(Ljava/lang/String;Ljdk/internal/loader/Resource;)Ljava/lang/Class;+29 java.base@21.0.8
j  jdk.internal.loader.BuiltinClassLoader.findClassOnClassPathOrNull(Ljava/lang/String;)Ljava/lang/Class;+37 java.base@21.0.8
j  jdk.internal.loader.BuiltinClassLoader.loadClassOrNull(Ljava/lang/String;Z)Ljava/lang/Class;+111 java.base@21.0.8
j  jdk.internal.loader.BuiltinClassLoader.loadClass(Ljava/lang/String;Z)Ljava/lang/Class;+3 java.base@21.0.8
j  jdk.internal.loader.ClassLoaders$AppClassLoader.loadClass(Ljava/lang/String;Z)Ljava/lang/Class;+36 java.base@21.0.8
j  java.lang.ClassLoader.loadClass(Ljava/lang/String;)Ljava/lang/Class;+3 java.base@21.0.8
v  ~StubRoutines::call_stub 0x0000019fe5ed100d
j  java.lang.Class.forName0(Ljava/lang/String;ZLjava/lang/ClassLoader;Ljava/lang/Class;)Ljava/lang/Class;+0 java.base@21.0.8
j  java.lang.Class.forName(Ljava/lang/String;ZLjava/lang/ClassLoader;Ljava/lang/Class;)Ljava/lang/Class;+37 java.base@21.0.8
j  java.lang.Class.forName(Ljava/lang/String;ZLjava/lang/ClassLoader;)Ljava/lang/Class;+20 java.base@21.0.8
j  sun.launcher.LauncherHelper.loadMainClass(ILjava/lang/String;)Ljava/lang/Class;+95 java.base@21.0.8
j  sun.launcher.LauncherHelper.checkAndLoadMain(ZILjava/lang/String;)Ljava/lang/Class;+42 java.base@21.0.8
v  ~StubRoutines::call_stub 0x0000019fe5ed100d
new  187 new  [0x0000019fe5ee90e0, 0x0000019fe5ee92e8]  520 bytes
[MachCode]
  0x0000019fe5ee90e0: 4883 ec08 | c5fa 1104 | 24eb 1f48 | 83ec 10c5 | fb11 0424 | eb14 4883 | ec10 4889 | 0424 48c7 
  0x0000019fe5ee9100: 4424 0800 | 0000 00eb | 0150 410f | b755 010f | cac1 ea10 | 488b 4de8 | 488b 4908 | 488b 4908 
  0x0000019fe5ee9120: 488b 4108 | 807c 1004 | 070f 85d3 | 0000 0066 | 8b54 d148 | 488b 4928 | 488b 4cd1 | 0851 80b9 
  0x0000019fe5ee9140: 3101 0000 | 040f 85b6 | 0000 008b | 5108 f6c2 | 010f 85aa | 0000 0049 | 8b87 b801 | 0000 488d 
  0x0000019fe5ee9160: 1c10 493b | 9fc8 0100 | 000f 8792 | 0000 0049 | 899f b801 | 0000 4883 | ea10 0f84 | 0f00 0000 
  0x0000019fe5ee9180: 33c9 c1ea | 0348 894c | d008 48ff | ca75 f648 | c700 0100 | 0000 5933 | f689 700c | 49ba 0000 
  0x0000019fe5ee91a0: 0080 9f01 | 0000 492b | ca89 4808 | 49ba 57cc | 84f3 ff7f | 0000 4180 | 3a00 0f84 | 3c00 0000 
  0x0000019fe5ee91c0: 5048 8bc8 | 4883 ec20 | 40f6 c40f | 0f84 1900 | 0000 4883 | ec08 48b8 | d08d 2ef3 | ff7f 0000 
  0x0000019fe5ee91e0: ffd0 4883 | c408 e90c | 0000 0048 | b8d0 8d2e | f3ff 7f00 | 00ff d048 | 83c4 2058 | e9cb 0000 
  0x0000019fe5ee9200: 0059 488b | 55e8 488b | 5208 488b | 5208 450f | b745 0141 | 0fc8 41c1 | e810 e805 | 0000 00e9 
  0x0000019fe5ee9220: a800 0000 | 488d 4424 | 084c 896d | c049 8bcf | c5f8 7749 | 89af a803 | 0000 4989 | 8798 0300 
  0x0000019fe5ee9240: 0048 83ec | 2040 f6c4 | 0f0f 8419 | 0000 0048 | 83ec 0848 | b810 72f8 | f2ff 7f00 | 00ff d048 
  0x0000019fe5ee9260: 83c4 08e9 | 0c00 0000 | 48b8 1072 | f8f2 ff7f | 0000 ffd0 | 4883 c420 | 49c7 8798 | 0300 0000 
  0x0000019fe5ee9280: 0000 0049 | c787 a803 | 0000 0000 | 0000 49c7 | 87a0 0300 | 0000 0000 | 00c5 f877 | 4983 7f08 
  0x0000019fe5ee92a0: 000f 8405 | 0000 00e9 | 547c feff | 498b 87f0 | 0300 0049 | c787 f003 | 0000 0000 | 0000 4c8b 
  0x0000019fe5ee92c0: 6dc0 4c8b | 75c8 4e8d | 74f5 00c3 | 410f b65d | 0349 83c5 | 0349 ba30 | 9487 f3ff | 7f00 0041 
  0x0000019fe5ee92e0: ff24 da0f | 1f44 0000 
[/MachCode]

---------------  P R O C E S S  ---------------

Threads class SMR info:
_java_thread_list=0x0000019ff3805520, length=11, elements={
0x0000019fd9473b80, 0x0000019fdb7587e0, 0x0000019fdb75dd30, 0x0000019ff34a6fc0,
0x0000019ff34a7a10, 0x0000019ff34abe30, 0x0000019ff34ac880, 0x0000019ff34ad7e0,
0x0000019ff34b8600, 0x0000019ff357b830, 0x0000019ff3805bd0
}

Java Threads: ( => current thread )
=>0x0000019fd9473b80 JavaThread "main"                              [_thread_in_vm, id=33724, stack(0x000000010d200000,0x000000010d300000) (1024K)]
  0x0000019fdb7587e0 JavaThread "Reference Handler"          daemon [_thread_blocked, id=20916, stack(0x000000010d600000,0x000000010d700000) (1024K)]
  0x0000019fdb75dd30 JavaThread "Finalizer"                  daemon [_thread_blocked, id=32280, stack(0x000000010d700000,0x000000010d800000) (1024K)]
  0x0000019ff34a6fc0 JavaThread "Signal Dispatcher"          daemon [_thread_blocked, id=28140, stack(0x000000010d800000,0x000000010d900000) (1024K)]
  0x0000019ff34a7a10 JavaThread "Attach Listener"            daemon [_thread_blocked, id=43368, stack(0x000000010d900000,0x000000010da00000) (1024K)]
  0x0000019ff34abe30 JavaThread "Service Thread"             daemon [_thread_blocked, id=37716, stack(0x000000010da00000,0x000000010db00000) (1024K)]
  0x0000019ff34ac880 JavaThread "Monitor Deflation Thread"   daemon [_thread_blocked, id=25696, stack(0x000000010db00000,0x000000010dc00000) (1024K)]
  0x0000019ff34ad7e0 JavaThread "C2 CompilerThread0"         daemon [_thread_blocked, id=29848, stack(0x000000010dc00000,0x000000010dd00000) (1024K)]
  0x0000019ff34b8600 JavaThread "C1 CompilerThread0"         daemon [_thread_blocked, id=4148, stack(0x000000010dd00000,0x000000010de00000) (1024K)]
  0x0000019ff357b830 JavaThread "Common-Cleaner"             daemon [_thread_blocked, id=44356, stack(0x000000010de00000,0x000000010df00000) (1024K)]
  0x0000019ff3805bd0 JavaThread "Notification Thread"        daemon [_thread_blocked, id=28876, stack(0x000000010df00000,0x000000010e000000) (1024K)]
Total: 11

Other Threads:
  0x0000019fdb86b030 VMThread "VM Thread"                           [id=20444, stack(0x000000010d500000,0x000000010d600000) (1024K)]
  0x0000019fdb63ba00 WatcherThread "VM Periodic Task Thread"        [id=9012, stack(0x000000010d400000,0x000000010d500000) (1024K)]
  0x0000019fdb7e57c0 WorkerThread "GC Thread#0"                     [id=42640, stack(0x000000010d300000,0x000000010d400000) (1024K)]
Total: 3

Threads with active compile tasks:
Total: 0

VM state: not at safepoint (normal execution)

VM Mutex/Monitor currently owned by a thread:  ([mutex/lock_event])
[0x00007ffff3863458] Metaspace_lock - owner thread: 0x0000019fd9473b80

Heap address: 0x0000000080000000, size: 2048 MB, Compressed Oops mode: 32-bit

CDS archive(s) mapped at: [0x0000019f80000000-0x0000019f80ba0000-0x0000019f80ba0000), size 12189696, SharedBaseAddress: 0x0000019f80000000, ArchiveRelocationMode: 1.
Compressed class space mapped at: 0x0000019f81000000-0x0000019fc1000000, reserved size: 1073741824
Narrow klass base: 0x0000019f80000000, Narrow klass shift: 0, Narrow klass range: 0x100000000

GC Precious Log:
 CardTable entry size: 512
 CPUs: 12 total, 12 available
 Memory: 15697M
 Large Page Support: Disabled
 NUMA Support: Disabled
 Compressed Oops: Enabled (32-bit)
 Alignments: Space 512K, Generation 512K, Heap 2M
 Heap Min Capacity: 100M
 Heap Initial Capacity: 100M
 Heap Max Capacity: 2G
 Pre-touch: Disabled
 Parallel Workers: 10

Heap:
 PSYoungGen      total 29696K, used 11288K [0x00000000d5580000, 0x00000000d7680000, 0x0000000100000000)
  eden space 25600K, 44% used [0x00000000d5580000,0x00000000d6086070,0x00000000d6e80000)
  from space 4096K, 0% used [0x00000000d7280000,0x00000000d7280000,0x00000000d7680000)
  to   space 4096K, 0% used [0x00000000d6e80000,0x00000000d6e80000,0x00000000d7280000)
 ParOldGen       total 68608K, used 0K [0x0000000080000000, 0x0000000084300000, 0x00000000d5580000)
  object space 68608K, 0% used [0x0000000080000000,0x0000000080000000,0x0000000084300000)
 Metaspace       used 1684K, committed 1856K, reserved 1114112K
  class space    used 161K, committed 256K, reserved 1048576K

Card table byte_map: [0x0000019fdb150000,0x0000019fdb560000] _byte_map_base: 0x0000019fdad50000

Marking Bits: (ParMarkBitMap*) 0x00007ffff386a340
 Begin Bits: [0x0000019fedc50000, 0x0000019fefc50000)
 End Bits:   [0x0000019fefc50000, 0x0000019ff1c50000)

Polling page: 0x0000019fd95f0000

Metaspace:

Usage:
  Non-class:      1.49 MB used.
      Class:    161.86 KB used.
       Both:      1.65 MB used.

Virtual space:
  Non-class space:       64.00 MB reserved,       1.56 MB (  2%) committed,  1 nodes.
      Class space:        1.00 GB reserved,     256.00 KB ( <1%) committed,  1 nodes.
             Both:        1.06 GB reserved,       1.81 MB ( <1%) committed. 

Chunk freelists:
   Non-Class:  11.65 MB
       Class:  15.67 MB
        Both:  27.33 MB

MaxMetaspaceSize: unlimited
CompressedClassSpaceSize: 1.00 GB
Initial GC threshold: 21.00 MB
Current GC threshold: 21.00 MB
CDS: on
 - commit_granule_bytes: 65536.
 - commit_granule_words: 8192.
 - virtual_space_node_default_size: 8388608.
 - enlarge_chunks_in_place: 1.
 - use_allocation_guard: 0.


Internal statistics:

num_allocs_failed_limit: 0.
num_arena_births: 76.
num_arena_deaths: 0.
num_vsnodes_births: 2.
num_vsnodes_deaths: 0.
num_space_committed: 29.
num_space_uncommitted: 0.
num_chunks_returned_to_freelist: 0.
num_chunks_taken_from_freelist: 98.
num_chunk_merges: 0.
num_chunk_splits: 69.
num_chunks_enlarged: 44.
num_inconsistent_stats: 0.

CodeHeap 'non-profiled nmethods': size=120000Kb used=207Kb max_used=207Kb free=119792Kb
 bounds [0x0000019fe6470000, 0x0000019fe66e0000, 0x0000019fed9a0000]
CodeHeap 'profiled nmethods': size=120000Kb used=894Kb max_used=894Kb free=119105Kb
 bounds [0x0000019fde9a0000, 0x0000019fdec10000, 0x0000019fe5ed0000]
CodeHeap 'non-nmethods': size=5760Kb used=1159Kb max_used=1173Kb free=4600Kb
 bounds [0x0000019fe5ed0000, 0x0000019fe6140000, 0x0000019fe6470000]
CodeCache: size=245760Kb, used=2260Kb, max_used=2274Kb, free=243497Kb
 total_blobs=1015, nmethods=606, adapters=316, full_count=0
Compilation: enabled, stopped_count=0, restarted_count=0

Compilation events (20 events):
Event: 0.808 Thread 0x0000019ff34ad7e0 nmethod 591 0x0000019fe64a2310 code [0x0000019fe64a24a0, 0x0000019fe64a25c8]
Event: 0.808 Thread 0x0000019ff34b8600  595       3       java.lang.Integer::parseInt (7 bytes)
Event: 0.808 Thread 0x0000019ff34ad7e0  600       4       java.util.ArrayList$Itr::hasNext (20 bytes)
Event: 0.808 Thread 0x0000019ff34b8600 nmethod 595 0x0000019fdea7ae90 code [0x0000019fdea7b040, 0x0000019fdea7b160]
Event: 0.808 Thread 0x0000019ff34b8600  597       3       sun.security.util.ObjectIdentifier::checkOidSize (86 bytes)
Event: 0.808 Thread 0x0000019ff34ad7e0 nmethod 600 0x0000019fe64a2710 code [0x0000019fe64a28a0, 0x0000019fe64a2958]
Event: 0.808 Thread 0x0000019ff34b8600 nmethod 597 0x0000019fdea7b210 code [0x0000019fdea7b520, 0x0000019fdea7c1e8]
Event: 0.808 Thread 0x0000019ff34b8600  598       1       sun.instrument.TransformerManager::getSnapshotTransformerList (5 bytes)
Event: 0.809 Thread 0x0000019ff34b8600 nmethod 598 0x0000019fe64a2a10 code [0x0000019fe64a2ba0, 0x0000019fe64a2c68]
Event: 0.809 Thread 0x0000019ff34b8600  599       1       sun.instrument.TransformerManager$TransformerInfo::transformer (5 bytes)
Event: 0.809 Thread 0x0000019ff34b8600 nmethod 599 0x0000019fe64a2d10 code [0x0000019fe64a2ea0, 0x0000019fe64a2f68]
Event: 0.810 Thread 0x0000019ff34ad7e0  601       4       java.util.Collections$UnmodifiableCollection$1::hasNext (10 bytes)
Event: 0.811 Thread 0x0000019ff34ad7e0 nmethod 601 0x0000019fe64a3310 code [0x0000019fe64a34a0, 0x0000019fe64a3580]
Event: 0.812 Thread 0x0000019ff34b8600  603       3       jdk.internal.org.objectweb.asm.Type::getArgumentsAndReturnSizes (140 bytes)
Event: 0.814 Thread 0x0000019ff34b8600 nmethod 603 0x0000019fdea7c710 code [0x0000019fdea7cae0, 0x0000019fdea7e640]
Event: 0.814 Thread 0x0000019ff34b8600  604       3       java.lang.Number::<init> (5 bytes)
Event: 0.814 Thread 0x0000019ff34b8600 nmethod 604 0x0000019fdea7f110 code [0x0000019fdea7f2c0, 0x0000019fdea7f428]
Event: 0.814 Thread 0x0000019ff34b8600  605       3       java.lang.Byte::<init> (10 bytes)
Event: 0.814 Thread 0x0000019ff34b8600 nmethod 605 0x0000019fdea7f510 code [0x0000019fdea7f6c0, 0x0000019fdea7f888]
Event: 0.831 Thread 0x0000019ff34ad7e0  606       4       java.util.HashMap$HashIterator::<init> (79 bytes)

GC Heap History (0 events):
No events

Dll operation events (8 events):
Event: 0.057 Loaded shared library c:\Users\hp\.vscode\extensions\redhat.java-1.47.0-win32-x64\jre\21.0.8-win32-x86_64\bin\java.dll
Event: 0.237 Loaded shared library c:\Users\hp\.vscode\extensions\redhat.java-1.47.0-win32-x64\jre\21.0.8-win32-x86_64\bin\zip.dll
Event: 0.292 Loaded shared library C:\Users\hp\.vscode\extensions\redhat.java-1.47.0-win32-x64\jre\21.0.8-win32-x86_64\bin\instrument.dll
Event: 0.304 Loaded shared library C:\Users\hp\.vscode\extensions\redhat.java-1.47.0-win32-x64\jre\21.0.8-win32-x86_64\bin\net.dll
Event: 0.312 Loaded shared library C:\Users\hp\.vscode\extensions\redhat.java-1.47.0-win32-x64\jre\21.0.8-win32-x86_64\bin\nio.dll
Event: 0.318 Loaded shared library C:\Users\hp\.vscode\extensions\redhat.java-1.47.0-win32-x64\jre\21.0.8-win32-x86_64\bin\zip.dll
Event: 0.357 Loaded shared library C:\Users\hp\.vscode\extensions\redhat.java-1.47.0-win32-x64\jre\21.0.8-win32-x86_64\bin\jimage.dll
Event: 0.491 Loaded shared library c:\Users\hp\.vscode\extensions\redhat.java-1.47.0-win32-x64\jre\21.0.8-win32-x86_64\bin\verify.dll

Deoptimization events (20 events):
Event: 0.372 Thread 0x0000019fd9473b80 DEOPT PACKING pc=0x0000019fde9d9d49 sp=0x000000010d2fe380
Event: 0.372 Thread 0x0000019fd9473b80 DEOPT UNPACKING pc=0x0000019fe5f24242 sp=0x000000010d2fd808 mode 0
Event: 0.372 Thread 0x0000019fd9473b80 DEOPT PACKING pc=0x0000019fde9d9d49 sp=0x000000010d2fe380
Event: 0.372 Thread 0x0000019fd9473b80 DEOPT UNPACKING pc=0x0000019fe5f24242 sp=0x000000010d2fd808 mode 0
Event: 0.373 Thread 0x0000019fd9473b80 DEOPT PACKING pc=0x0000019fde9d9d49 sp=0x000000010d2fe380
Event: 0.373 Thread 0x0000019fd9473b80 DEOPT UNPACKING pc=0x0000019fe5f24242 sp=0x000000010d2fd808 mode 0
Event: 0.373 Thread 0x0000019fd9473b80 DEOPT PACKING pc=0x0000019fde9d9d49 sp=0x000000010d2fe380
Event: 0.373 Thread 0x0000019fd9473b80 DEOPT UNPACKING pc=0x0000019fe5f24242 sp=0x000000010d2fd808 mode 0
Event: 0.685 Thread 0x0000019fd9473b80 Uncommon trap: trap_request=0xffffff45 fr.pc=0x0000019fe64813e0 relative=0x00000000000000c0
Event: 0.685 Thread 0x0000019fd9473b80 Uncommon trap: reason=unstable_if action=reinterpret pc=0x0000019fe64813e0 method=java.lang.String.isLatin1()Z @ 10 c2
Event: 0.685 Thread 0x0000019fd9473b80 DEOPT PACKING pc=0x0000019fe64813e0 sp=0x000000010d2fef80
Event: 0.685 Thread 0x0000019fd9473b80 DEOPT UNPACKING pc=0x0000019fe5f23aa2 sp=0x000000010d2feec0 mode 2
Event: 0.691 Thread 0x0000019fd9473b80 DEOPT PACKING pc=0x0000019fde9e7fd8 sp=0x000000010d2fca50
Event: 0.691 Thread 0x0000019fd9473b80 DEOPT UNPACKING pc=0x0000019fe5f24242 sp=0x000000010d2fbf10 mode 0
Event: 0.697 Thread 0x0000019fd9473b80 DEOPT PACKING pc=0x0000019fde9e7fd8 sp=0x000000010d2fc430
Event: 0.697 Thread 0x0000019fd9473b80 DEOPT UNPACKING pc=0x0000019fe5f24242 sp=0x000000010d2fb8f0 mode 0
Event: 0.701 Thread 0x0000019fd9473b80 DEOPT PACKING pc=0x0000019fde9e7fd8 sp=0x000000010d2fa720
Event: 0.701 Thread 0x0000019fd9473b80 DEOPT UNPACKING pc=0x0000019fe5f24242 sp=0x000000010d2f9be0 mode 0
Event: 0.704 Thread 0x0000019fd9473b80 DEOPT PACKING pc=0x0000019fde9e7fd8 sp=0x000000010d2faa90
Event: 0.704 Thread 0x0000019fd9473b80 DEOPT UNPACKING pc=0x0000019fe5f24242 sp=0x000000010d2f9f50 mode 0

Classes loaded (20 events):
Event: 0.812 Loading class java/security/cert/X509Certificate
Event: 0.813 Loading class java/security/cert/X509Extension
Event: 0.813 Loading class java/security/cert/X509Extension done
Event: 0.813 Loading class java/security/cert/X509Certificate done
Event: 0.813 Loading class sun/security/util/Cache$EqualByteArray
Event: 0.813 Loading class sun/security/util/Cache$EqualByteArray done
Event: 0.813 Loading class sun/security/x509/X509CertImpl
Event: 0.822 Loading class sun/security/x509/X509CertImpl done
Event: 0.822 Loading class sun/security/x509/X509CertInfo
Event: 0.823 Loading class sun/security/x509/X509CertInfo done
Event: 0.823 Loading class sun/security/x509/CertificateVersion
Event: 0.823 Loading class sun/security/x509/CertificateVersion done
Event: 0.823 Loading class sun/security/x509/CertificateSerialNumber
Event: 0.823 Loading class sun/security/x509/CertificateSerialNumber done
Event: 0.823 Loading class sun/security/x509/SerialNumber
Event: 0.831 Loading class sun/security/x509/SerialNumber done
Event: 0.831 Loading class sun/security/x509/CertificateAlgorithmId
Event: 0.831 Loading class sun/security/x509/CertificateAlgorithmId done
Event: 0.831 Loading class sun/security/x509/X500Name
Event: 0.831 Loading class sun/security/x509/GeneralNameInterface

Classes unloaded (0 events):
No events

Classes redefined (0 events):
No events

Internal exceptions (11 events):
Event: 0.227 Thread 0x0000019fd9473b80 Exception <a 'java/lang/NoSuchMethodError'{0x00000000d572a300}: 'void java.lang.invoke.DirectMethodHandle$Holder.invokeStatic(java.lang.Object, java.lang.Object, java.lang.Object)'> (0x00000000d572a300) 
thrown [s\src\hotspot\share\interpreter\linkResolver.cpp, line 773]
Event: 0.339 Thread 0x0000019fd9473b80 Exception <a 'java/lang/NoSuchMethodError'{0x00000000d59125a8}: 'java.lang.Object java.lang.invoke.Invokers$Holder.invokeExact_MT(java.lang.Object, java.lang.Object, java.lang.Object, java.lang.Object, java.lang.Object)'> (0x00000000d59125a8) 
thrown [s\src\hotspot\share\interpreter\linkResolver.cpp, line 773]
Event: 0.417 Thread 0x0000019fd9473b80 Exception <a 'java/lang/NoSuchMethodError'{0x00000000d59c9d40}: 'int java.lang.invoke.DirectMethodHandle$Holder.invokeSpecial(java.lang.Object, java.lang.Object, java.lang.Object, int)'> (0x00000000d59c9d40) 
thrown [s\src\hotspot\share\interpreter\linkResolver.cpp, line 773]
Event: 0.420 Thread 0x0000019fd9473b80 Exception <a 'java/lang/NoSuchMethodError'{0x00000000d59dc728}: 'java.lang.Object java.lang.invoke.DirectMethodHandle$Holder.invokeStatic(java.lang.Object, java.lang.Object, java.lang.Object, java.lang.Object, int)'> (0x00000000d59dc728) 
thrown [s\src\hotspot\share\interpreter\linkResolver.cpp, line 773]
Event: 0.424 Thread 0x0000019fd9473b80 Exception <a 'java/lang/NoSuchMethodError'{0x00000000d59e7b68}: 'void java.lang.invoke.DelegatingMethodHandle$Holder.reinvoke_L(java.lang.Object, java.lang.Object, java.lang.Object, int, java.lang.Object)'> (0x00000000d59e7b68) 
thrown [s\src\hotspot\share\interpreter\linkResolver.cpp, line 773]
Event: 0.429 Thread 0x0000019fd9473b80 Exception <a 'java/lang/NoSuchMethodError'{0x00000000d59f84b8}: 'int java.lang.invoke.DirectMethodHandle$Holder.invokeSpecial(java.lang.Object, java.lang.Object, java.lang.Object)'> (0x00000000d59f84b8) 
thrown [s\src\hotspot\share\interpreter\linkResolver.cpp, line 773]
Event: 0.432 Thread 0x0000019fd9473b80 Exception <a 'java/lang/NoSuchMethodError'{0x00000000d5a04178}: 'java.lang.Object java.lang.invoke.DirectMethodHandle$Holder.invokeStatic(java.lang.Object, java.lang.Object, int)'> (0x00000000d5a04178) 
thrown [s\src\hotspot\share\interpreter\linkResolver.cpp, line 773]
Event: 0.433 Thread 0x0000019fd9473b80 Exception <a 'java/lang/NoSuchMethodError'{0x00000000d5a08ac8}: 'void java.lang.invoke.DirectMethodHandle$Holder.invokeStatic(java.lang.Object, java.lang.Object, int, java.lang.Object)'> (0x00000000d5a08ac8) 
thrown [s\src\hotspot\share\interpreter\linkResolver.cpp, line 773]
Event: 0.434 Thread 0x0000019fd9473b80 Exception <a 'java/lang/NoSuchMethodError'{0x00000000d5a0c658}: 'void java.lang.invoke.DirectMethodHandle$Holder.invokeSpecial(java.lang.Object, java.lang.Object, java.lang.Object, int, java.lang.Object)'> (0x00000000d5a0c658) 
thrown [s\src\hotspot\share\interpreter\linkResolver.cpp, line 773]
Event: 0.435 Thread 0x0000019fd9473b80 Exception <a 'java/lang/NoSuchMethodError'{0x00000000d5a0fac8}: 'void java.lang.invoke.DelegatingMethodHandle$Holder.delegate(java.lang.Object, java.lang.Object, int, java.lang.Object)'> (0x00000000d5a0fac8) 
thrown [s\src\hotspot\share\interpreter\linkResolver.cpp, line 773]
Event: 0.535 Thread 0x0000019fd9473b80 Exception <a 'java/lang/NoSuchMethodError'{0x00000000d5bce9a0}: 'void java.lang.invoke.DelegatingMethodHandle$Holder.reinvoke_L(java.lang.Object, java.lang.Object, java.lang.Object, int)'> (0x00000000d5bce9a0) 
thrown [s\src\hotspot\share\interpreter\linkResolver.cpp, line 773]

ZGC Phase Switch (0 events):
No events

VM Operations (4 events):
Event: 0.232 Executing VM operation: HandshakeAllThreads (Deoptimize)
Event: 0.232 Executing VM operation: HandshakeAllThreads (Deoptimize) done
Event: 0.383 Executing VM operation: HandshakeAllThreads (Deoptimize)
Event: 0.384 Executing VM operation: HandshakeAllThreads (Deoptimize) done

Memory protections (0 events):
No events

Nmethod flushes (0 events):
No events

Events (11 events):
Event: 0.126 Thread 0x0000019fd9473b80 Thread added: 0x0000019fd9473b80
Event: 0.167 Thread 0x0000019fd9473b80 Thread added: 0x0000019fdb7587e0
Event: 0.167 Thread 0x0000019fd9473b80 Thread added: 0x0000019fdb75dd30
Event: 0.168 Thread 0x0000019fd9473b80 Thread added: 0x0000019ff34a6fc0
Event: 0.168 Thread 0x0000019fd9473b80 Thread added: 0x0000019ff34a7a10
Event: 0.168 Thread 0x0000019fd9473b80 Thread added: 0x0000019ff34abe30
Event: 0.169 Thread 0x0000019fd9473b80 Thread added: 0x0000019ff34ac880
Event: 0.169 Thread 0x0000019fd9473b80 Thread added: 0x0000019ff34ad7e0
Event: 0.169 Thread 0x0000019fd9473b80 Thread added: 0x0000019ff34b8600
Event: 0.206 Thread 0x0000019fd9473b80 Thread added: 0x0000019ff357b830
Event: 0.675 Thread 0x0000019fd9473b80 Thread added: 0x0000019ff3805bd0


Dynamic libraries:
0x00007ff756130000 - 0x00007ff75613e000 	c:\Users\hp\.vscode\extensions\redhat.java-1.47.0-win32-x64\jre\21.0.8-win32-x86_64\bin\java.exe
0x00007ff89b8a0000 - 0x00007ff89bb08000 	C:\WINDOWS\SYSTEM32\ntdll.dll
0x00007ff89a9e0000 - 0x00007ff89aaa9000 	C:\WINDOWS\System32\KERNEL32.DLL
0x00007ff8990f0000 - 0x00007ff8994e2000 	C:\WINDOWS\System32\KERNELBASE.dll
0x00007ff898bb0000 - 0x00007ff898cfb000 	C:\WINDOWS\System32\ucrtbase.dll
0x00007ff872740000 - 0x00007ff87275e000 	c:\Users\hp\.vscode\extensions\redhat.java-1.47.0-win32-x64\jre\21.0.8-win32-x86_64\bin\VCRUNTIME140.dll
0x00007ff872640000 - 0x00007ff872658000 	c:\Users\hp\.vscode\extensions\redhat.java-1.47.0-win32-x64\jre\21.0.8-win32-x86_64\bin\jli.dll
0x00007ff89a140000 - 0x00007ff89a305000 	C:\WINDOWS\System32\USER32.dll
0x00007ff898b80000 - 0x00007ff898ba7000 	C:\WINDOWS\System32\win32u.dll
0x00007ff89a110000 - 0x00007ff89a13b000 	C:\WINDOWS\System32\GDI32.dll
0x00007ff898e50000 - 0x00007ff898f7d000 	C:\WINDOWS\System32\gdi32full.dll
0x00007ff898a30000 - 0x00007ff898ad3000 	C:\WINDOWS\System32\msvcp_win.dll
0x00007ff8801b0000 - 0x00007ff880443000 	C:\WINDOWS\WinSxS\amd64_microsoft.windows.common-controls_6595b64144ccf1df_6.0.26100.6899_none_3e0efeeae32e88c1\COMCTL32.dll
0x00007ff89a410000 - 0x00007ff89a4b9000 	C:\WINDOWS\System32\msvcrt.dll
0x00007ff899f70000 - 0x00007ff899f9f000 	C:\WINDOWS\System32\IMM32.DLL
0x0000000050fd0000 - 0x0000000050fdc000 	C:\Program Files (x86)\360\Total Security\safemon\SafeWrapper.dll
0x00007ff8997e0000 - 0x00007ff899894000 	C:\WINDOWS\System32\ADVAPI32.dll
0x00007ff89a520000 - 0x00007ff89a5c6000 	C:\WINDOWS\System32\sechost.dll
0x00007ff8996c0000 - 0x00007ff8997d8000 	C:\WINDOWS\System32\RPCRT4.dll
0x00007ff861ef0000 - 0x00007ff861f9c000 	C:\Program Files (x86)\360\Total Security\safemon\libzdtp64.dll
0x00007ff89ab80000 - 0x00007ff89b2cd000 	C:\WINDOWS\System32\SHELL32.dll
0x00007ff898f80000 - 0x00007ff8990eb000 	C:\WINDOWS\System32\wintypes.dll
0x00007ff89a660000 - 0x00007ff89a9db000 	C:\WINDOWS\System32\combase.dll
0x00007ff89b3c0000 - 0x00007ff89b422000 	C:\WINDOWS\System32\SHLWAPI.dll
0x00007ff898520000 - 0x00007ff89852b000 	C:\WINDOWS\SYSTEM32\VERSION.dll
0x00007ff880cb0000 - 0x00007ff880cbc000 	c:\Users\hp\.vscode\extensions\redhat.java-1.47.0-win32-x64\jre\21.0.8-win32-x86_64\bin\vcruntime140_1.dll
0x00007ff831f90000 - 0x00007ff83201d000 	c:\Users\hp\.vscode\extensions\redhat.java-1.47.0-win32-x64\jre\21.0.8-win32-x86_64\bin\msvcp140.dll
0x00007ffff2bb0000 - 0x00007ffff3947000 	c:\Users\hp\.vscode\extensions\redhat.java-1.47.0-win32-x64\jre\21.0.8-win32-x86_64\bin\server\jvm.dll
0x00007ff899ef0000 - 0x00007ff899f64000 	C:\WINDOWS\System32\WS2_32.dll
0x00007ff8911c0000 - 0x00007ff8911f5000 	C:\WINDOWS\SYSTEM32\WINMM.dll
0x00007ff898890000 - 0x00007ff8988ee000 	C:\WINDOWS\SYSTEM32\POWRPROF.dll
0x00007ff898870000 - 0x00007ff898884000 	C:\WINDOWS\SYSTEM32\UMPDC.dll
0x00007ff897750000 - 0x00007ff89776b000 	C:\WINDOWS\SYSTEM32\kernel.appcore.dll
0x00007ff880c70000 - 0x00007ff880c7a000 	c:\Users\hp\.vscode\extensions\redhat.java-1.47.0-win32-x64\jre\21.0.8-win32-x86_64\bin\jimage.dll
0x00007ff8957a0000 - 0x00007ff8959e2000 	C:\WINDOWS\SYSTEM32\DBGHELP.DLL
0x00007ff89b2d0000 - 0x00007ff89b3a7000 	C:\WINDOWS\System32\OLEAUT32.dll
0x00007ff879610000 - 0x00007ff87964c000 	C:\WINDOWS\SYSTEM32\dbgcore.DLL
0x00007ff898ae0000 - 0x00007ff898b78000 	C:\WINDOWS\System32\bcryptPrimitives.dll
0x00007ff880b90000 - 0x00007ff880b9f000 	c:\Users\hp\.vscode\extensions\redhat.java-1.47.0-win32-x64\jre\21.0.8-win32-x86_64\bin\instrument.dll
0x00007ff8724a0000 - 0x00007ff8724bf000 	c:\Users\hp\.vscode\extensions\redhat.java-1.47.0-win32-x64\jre\21.0.8-win32-x86_64\bin\java.dll
0x00007ff8965d0000 - 0x00007ff896e2d000 	C:\WINDOWS\SYSTEM32\windows.storage.dll
0x00007ff89b430000 - 0x00007ff89b522000 	C:\WINDOWS\System32\SHCORE.dll
0x00007ff898950000 - 0x00007ff898979000 	C:\WINDOWS\SYSTEM32\profapi.dll
0x00007ff870540000 - 0x00007ff870558000 	c:\Users\hp\.vscode\extensions\redhat.java-1.47.0-win32-x64\jre\21.0.8-win32-x86_64\bin\zip.dll
0x00007ff880b20000 - 0x00007ff880b30000 	C:\Users\hp\.vscode\extensions\redhat.java-1.47.0-win32-x64\jre\21.0.8-win32-x86_64\bin\net.dll
0x00007ff892610000 - 0x00007ff89272f000 	C:\WINDOWS\SYSTEM32\WINHTTP.dll
0x00007ff897ca0000 - 0x00007ff897d0b000 	C:\WINDOWS\system32\mswsock.dll
0x00007ff86f770000 - 0x00007ff86f786000 	C:\Users\hp\.vscode\extensions\redhat.java-1.47.0-win32-x64\jre\21.0.8-win32-x86_64\bin\nio.dll
0x00007ff880ae0000 - 0x00007ff880af0000 	c:\Users\hp\.vscode\extensions\redhat.java-1.47.0-win32-x64\jre\21.0.8-win32-x86_64\bin\verify.dll

JVMTI agents:
c:\Users\hp\.vscode\extensions\redhat.java-1.47.0-win32-x64\lombok\lombok-1.18.39-4050.jar path:c:\Users\hp\.vscode\extensions\redhat.java-1.47.0-win32-x64\jre\21.0.8-win32-x86_64\bin\instrument.dll, loaded, initialized, instrumentlib options:none

dbghelp: loaded successfully - version: 4.0.5 - missing functions: none
symbol engine: initialized successfully - sym options: 0x614 - pdb path: .;c:\Users\hp\.vscode\extensions\redhat.java-1.47.0-win32-x64\jre\21.0.8-win32-x86_64\bin;C:\WINDOWS\SYSTEM32;C:\WINDOWS\WinSxS\amd64_microsoft.windows.common-controls_6595b64144ccf1df_6.0.26100.6899_none_3e0efeeae32e88c1;C:\Program Files (x86)\360\Total Security\safemon;c:\Users\hp\.vscode\extensions\redhat.java-1.47.0-win32-x64\jre\21.0.8-win32-x86_64\bin\server

VM Arguments:
jvm_args: --add-modules=ALL-SYSTEM --add-opens=java.base/java.util=ALL-UNNAMED --add-opens=java.base/java.lang=ALL-UNNAMED --add-opens=java.base/sun.nio.fs=ALL-UNNAMED -Declipse.application=org.eclipse.jdt.ls.core.id1 -Dosgi.bundles.defaultStartLevel=4 -Declipse.product=org.eclipse.jdt.ls.core.product -Djava.import.generatesMetadataFilesAtProjectRoot=false -DDetectVMInstallationsJob.disabled=true -Dfile.encoding=utf8 -XX:+UseParallelGC -XX:GCTimeRatio=4 -XX:AdaptiveSizePolicyWeight=90 -Dsun.zip.disableMemoryMapping=true -Xmx2G -Xms100m -Xlog:disable -javaagent:c:\Users\hp\.vscode\extensions\redhat.java-1.47.0-win32-x64\lombok\lombok-1.18.39-4050.jar 
java_command: c:\Users\hp\.vscode\extensions\redhat.java-1.47.0-win32-x64\server\plugins\org.eclipse.equinox.launcher_1.7.100.v20251014-1222.jar -configuration c:\Users\hp\AppData\Roaming\Code\User\globalStorage\redhat.java\1.47.0\config_ss_win -data c:\Users\hp\AppData\Roaming\Code\User\workspaceStorage\55e016f5bd7ac8ed0f363e88609f9171\redhat.java\ss_ws --pipe=\\.\pipe\lsp-5739849cc904a5b01c5ea94b580a5c15-sock
java_class_path (initial): c:\Users\hp\.vscode\extensions\redhat.java-1.47.0-win32-x64\server\plugins\org.eclipse.equinox.launcher_1.7.100.v20251014-1222.jar
Launcher Type: SUN_STANDARD

[Global flags]
    uintx AdaptiveSizePolicyWeight                 = 90                                        {product} {command line}
     intx CICompilerCount                          = 4                                         {product} {ergonomic}
    uintx GCTimeRatio                              = 4                                         {product} {command line}
   size_t InitialHeapSize                          = 104857600                                 {product} {command line}
   size_t MaxHeapSize                              = 2147483648                                {product} {command line}
   size_t MaxNewSize                               = 715653120                                 {product} {ergonomic}
   size_t MinHeapDeltaBytes                        = 524288                                    {product} {ergonomic}
   size_t MinHeapSize                              = 104857600                                 {product} {command line}
   size_t NewSize                                  = 34603008                                  {product} {ergonomic}
    uintx NonNMethodCodeHeapSize                   = 5839372                                {pd product} {ergonomic}
    uintx NonProfiledCodeHeapSize                  = 122909434                              {pd product} {ergonomic}
   size_t OldSize                                  = 70254592                                  {product} {ergonomic}
    uintx ProfiledCodeHeapSize                     = 122909434                              {pd product} {ergonomic}
    uintx ReservedCodeCacheSize                    = 251658240                              {pd product} {ergonomic}
     bool SegmentedCodeCache                       = true                                      {product} {ergonomic}
   size_t SoftMaxHeapSize                          = 2147483648                             {manageable} {ergonomic}
     bool UseCompressedOops                        = true                           {product lp64_product} {ergonomic}
     bool UseLargePagesIndividualAllocation        = false                                  {pd product} {ergonomic}
     bool UseParallelGC                            = true                                      {product} {command line}

Logging:
Log output configuration:
 #0: stdout all=off uptime,level,tags foldmultilines=false
 #1: stderr all=off uptime,level,tags foldmultilines=false

Environment Variables:
JAVA_HOME=E:\Java\
PATH=E:\Java\bin;C:\Program Files\Python313\Scripts\;C:\Program Files\Python313\;C:\WINDOWS\system32;C:\WINDOWS;C:\WINDOWS\System32\Wbem;C:\WINDOWS\System32\WindowsPowerShell\v1.0\;C:\WINDOWS\System32\OpenSSH\;C:\Program Files\Git\cmd;C:\Program Files\dotnet\;C:\ProgramData\chocolatey\bin;C:\Program Files\Vim\vim91;C:\Program Files\nodejs\;C:\Users\hp\ffmpeg-2025-07-23-git-829680f96a-essentials_build\ffmpeg-2025-07-23-git-829680f96a-essentials_build\bin;C:\MinGW\bin;C:\Program Files\PowerShell\7\;C:\Program Files\Eclipse Adoptium\jdk-21.0.6.7-hotspot\bin;C:\Program Files\Python313\Scripts\;C:\Program Files\Python313\;C:\WINDOWS\system32;C:\WINDOWS;C:\WINDOWS\System32\Wbem;C:\WINDOWS\System32\WindowsPowerShell\v1.0\;C:\WINDOWS\System32\OpenSSH\;C:\Program Files\Git\cmd;C:\Program Files\dotnet\;C:\ProgramData\chocolatey\bin;C:\Program Files\Vim\vim91;C:\Program Files\nodejs\;C:\Program Files\PowerShell\7\;C:\Users\hp\ffmpeg-2025-07-23-git-829680f96a-essentials_build\ffmpeg-2025-07-23-git-829680f96a-essentials_build\bin;C:\MinGW\bin;C:\Users\hp\AppData\Local\Microsoft\WindowsApps;C:\Users\hp\AppData\Local\GitHubDesktop\bin;C:\Users\hp\.dotnet\tools;C:\Users\hp\AppData\Local\Programs\Microsoft VS Code Insiders\bin;C:\Users\hp\AppData\Local\Muse Hub\lib;C:\Users\hp\AppData\Roaming\npm;C:\Users\hp\AppData\Local\Programs\Microsoft VS Code\bin;;E:\Users\hp\Android\Sdk\emulator
USERNAME=hp
OS=Windows_NT
PROCESSOR_IDENTIFIER=AMD64 Family 23 Model 96 Stepping 1, AuthenticAMD
TMP=E:\Temp
TEMP=E:\Temp




Periodic native trim disabled

---------------  S Y S T E M  ---------------

OS:
 Windows 11 , 64 bit Build 26100 (10.0.26100.6725)
OS uptime: 3 days 14:52 hours
Hyper-V role detected

CPU: total 12 (initial active 12) (12 cores per cpu, 2 threads per core) family 23 model 96 stepping 1 microcode 0x8600109, cx8, cmov, fxsr, ht, mmx, 3dnowpref, sse, sse2, sse3, ssse3, sse4a, sse4.1, sse4.2, popcnt, lzcnt, tsc, tscinvbit, avx, avx2, aes, clmul, bmi1, bmi2, adx, sha, fma, vzeroupper, clflush, clflushopt, hv, rdtscp, rdpid, f16c
Processor Information for the first 12 processors :
  Max Mhz: 2100, Current Mhz: 2100, Mhz Limit: 2100

Memory: 4k page, system-wide physical 15697M (3419M free)
TotalPageFile size 21765M (AvailPageFile size 7M)
current process WorkingSet (physical memory assigned to process): 51M, peak: 51M
current process commit charge ("private bytes"): 231M, peak: 232M

vm_info: OpenJDK 64-Bit Server VM (21.0.8+9-LTS) for windows-amd64 JRE (21.0.8+9-LTS), built on 2025-07-15T00:00:00Z by "admin" with MS VC++ 17.7 (VS2022)

END.
